2021-01-31 19:51:43.772 [http-nio-8081-exec-1] DEBUG com.yang.test.mapper.UserMapper.findAllUsers - ==>  Preparing: select * from user
2021-01-31 19:51:43.961 [http-nio-8081-exec-1] DEBUG com.yang.test.mapper.UserMapper.findAllUsers - ==> Parameters: 
2021-01-31 19:51:44.039 [http-nio-8081-exec-1] DEBUG com.yang.test.mapper.UserMapper.findAllUsers - <==      Total: 3
2021-01-31 19:51:44.060 [http-nio-8081-exec-1] DEBUG com.yang.test.mapper.UserMapper.login - ==>  Preparing: select * from user where username = ? and userpassword = ?
2021-01-31 19:51:44.115 [http-nio-8081-exec-1] DEBUG com.yang.test.mapper.UserMapper.login - ==> Parameters: a(String), a(String)
2021-01-31 19:51:44.119 [http-nio-8081-exec-1] DEBUG com.yang.test.mapper.UserMapper.login - <==      Total: 1
2021-01-31 19:51:44.122 [http-nio-8081-exec-1] DEBUG c.y.test.mapper.ActionRecordMapper.addActionRecord - ==>  Preparing: insert into action_record (id, action, actiontime, operator, service, recordid) values (?, ?, ?, ?, ?, ?)
2021-01-31 19:51:44.130 [http-nio-8081-exec-1] DEBUG c.y.test.mapper.ActionRecordMapper.addActionRecord - ==> Parameters: 21e8e405-724b-4852-9d7d-02f4e3c0910b(String), LOGIN(String), 2021-01-31 19:51:44(String), 李阳(String), 用户记录表(String), null
2021-01-31 19:51:44.151 [http-nio-8081-exec-1] DEBUG c.y.test.mapper.ActionRecordMapper.addActionRecord - <==    Updates: 1
2021-01-31 19:51:44.966 [http-nio-8081-exec-2] DEBUG c.y.t.mapper.OilRecordMapper.selectAllOilRecords - ==>  Preparing: select * from oil_record
2021-01-31 19:51:44.968 [http-nio-8081-exec-2] DEBUG c.y.t.mapper.OilRecordMapper.selectAllOilRecords - ==> Parameters: 
2021-01-31 19:51:45.111 [http-nio-8081-exec-2] DEBUG c.y.t.mapper.OilRecordMapper.selectAllOilRecords - <==      Total: 52
2021-01-31 19:51:45.163 [http-nio-8081-exec-2] DEBUG c.y.test.mapper.ActionRecordMapper.addActionRecord - ==>  Preparing: insert into action_record (id, action, actiontime, operator, service, recordid) values (?, ?, ?, ?, ?, ?)
2021-01-31 19:51:45.164 [http-nio-8081-exec-2] DEBUG c.y.test.mapper.ActionRecordMapper.addActionRecord - ==> Parameters: c0993e3a-162e-4717-9775-cc8309072496(String), SELECT(String), 2021-01-31 19:51:45(String), 李阳(String), 加油记录表(String), null
2021-01-31 19:51:45.168 [http-nio-8081-exec-2] DEBUG c.y.test.mapper.ActionRecordMapper.addActionRecord - <==    Updates: 1
2021-01-31 19:53:39.836 [http-nio-8081-exec-3] DEBUG com.yang.test.mapper.OilRecordMapper.addOilRecord - ==>  Preparing: insert into oil_record(id, add_oil_date, oil_volume, dashboard_mileage, cost, real_cost, oil_unit_price, real_oil_unit_price, remark, record_first_date, record_last_update_date, operator) values (?, ?, ?, ?, ?, ?, ?, ?, ?, ?, ?, ?)
2021-01-31 19:53:39.844 [http-nio-8081-exec-3] DEBUG com.yang.test.mapper.OilRecordMapper.addOilRecord - ==> Parameters: 0efae6b6-fe2f-4e32-8366-0d1676ed550d(String), 2021-01-22 19:52:31(String), 46.67(Double), 46800(String), 280.0(Double), 219.35(Double), 6.0(Double), 4.7(Double), (String), 2021-01-31 19:53:39(String), 2021-01-31 19:53:39(String), (String)
2021-01-31 19:53:39.849 [http-nio-8081-exec-3] DEBUG com.yang.test.mapper.OilRecordMapper.addOilRecord - <==    Updates: 1
2021-01-31 19:53:39.850 [http-nio-8081-exec-3] DEBUG c.y.test.mapper.ActionRecordMapper.addActionRecord - ==>  Preparing: insert into action_record (id, action, actiontime, operator, service, recordid) values (?, ?, ?, ?, ?, ?)
2021-01-31 19:53:39.852 [http-nio-8081-exec-3] DEBUG c.y.test.mapper.ActionRecordMapper.addActionRecord - ==> Parameters: 55e85ed6-2e80-4bbd-8a2b-1db15cafcb84(String), ADD(String), 2021-01-31 19:53:39(String), 李阳(String), 加油记录表(String), 0efae6b6-fe2f-4e32-8366-0d1676ed550d(String)
2021-01-31 19:53:39.856 [http-nio-8081-exec-3] DEBUG c.y.test.mapper.ActionRecordMapper.addActionRecord - <==    Updates: 1
2021-01-31 19:53:40.071 [http-nio-8081-exec-7] DEBUG c.y.t.mapper.OilRecordMapper.selectAllOilRecords - ==>  Preparing: select * from oil_record
2021-01-31 19:53:40.072 [http-nio-8081-exec-7] DEBUG c.y.t.mapper.OilRecordMapper.selectAllOilRecords - ==> Parameters: 
2021-01-31 19:53:40.099 [http-nio-8081-exec-7] DEBUG c.y.t.mapper.OilRecordMapper.selectAllOilRecords - <==      Total: 53
2021-01-31 19:53:40.104 [http-nio-8081-exec-7] DEBUG c.y.test.mapper.ActionRecordMapper.addActionRecord - ==>  Preparing: insert into action_record (id, action, actiontime, operator, service, recordid) values (?, ?, ?, ?, ?, ?)
2021-01-31 19:53:40.105 [http-nio-8081-exec-7] DEBUG c.y.test.mapper.ActionRecordMapper.addActionRecord - ==> Parameters: 662bf52a-6ea0-49ff-b32f-9e519d9f82f3(String), SELECT(String), 2021-01-31 19:53:40(String), 李阳(String), 加油记录表(String), null
2021-01-31 19:53:40.111 [http-nio-8081-exec-7] DEBUG c.y.test.mapper.ActionRecordMapper.addActionRecord - <==    Updates: 1
2021-01-31 19:53:43.847 [http-nio-8081-exec-5] DEBUG c.y.t.mapper.OilRecordMapper.selectAllOilRecords - ==>  Preparing: select * from oil_record
2021-01-31 19:53:43.848 [http-nio-8081-exec-5] DEBUG c.y.t.mapper.OilRecordMapper.selectAllOilRecords - ==> Parameters: 
2021-01-31 19:53:43.857 [http-nio-8081-exec-5] DEBUG c.y.t.mapper.OilRecordMapper.selectAllOilRecords - <==      Total: 53
2021-01-31 19:53:43.862 [http-nio-8081-exec-5] DEBUG c.y.test.mapper.ActionRecordMapper.addActionRecord - ==>  Preparing: insert into action_record (id, action, actiontime, operator, service, recordid) values (?, ?, ?, ?, ?, ?)
2021-01-31 19:53:43.863 [http-nio-8081-exec-5] DEBUG c.y.test.mapper.ActionRecordMapper.addActionRecord - ==> Parameters: 36f1fefe-142f-461a-8ccb-5c09e882c1a6(String), SELECT(String), 2021-01-31 19:53:43(String), 李阳(String), 加油记录表(String), null
2021-01-31 19:53:43.867 [http-nio-8081-exec-5] DEBUG c.y.test.mapper.ActionRecordMapper.addActionRecord - <==    Updates: 1
2021-01-31 19:54:35.823 [http-nio-8081-exec-6] DEBUG com.yang.test.mapper.OilRecordMapper.addOilRecord - ==>  Preparing: insert into oil_record(id, add_oil_date, oil_volume, dashboard_mileage, cost, real_cost, oil_unit_price, real_oil_unit_price, remark, record_first_date, record_last_update_date, operator) values (?, ?, ?, ?, ?, ?, ?, ?, ?, ?, ?, ?)
2021-01-31 19:54:35.825 [http-nio-8081-exec-6] DEBUG com.yang.test.mapper.OilRecordMapper.addOilRecord - ==> Parameters: 5ddea718-71ee-4cdf-8d95-f99122b8e664(String), 2021-01-30 10:52:50(String), 10.0(Double), 47300(String), 70.0(Double), 70.0(Double), 6.0(Double), 6.0(Double), (String), 2021-01-31 19:54:35(String), 2021-01-31 19:54:35(String), (String)
2021-01-31 19:54:35.830 [http-nio-8081-exec-6] DEBUG com.yang.test.mapper.OilRecordMapper.addOilRecord - <==    Updates: 1
2021-01-31 19:54:35.832 [http-nio-8081-exec-6] DEBUG c.y.test.mapper.ActionRecordMapper.addActionRecord - ==>  Preparing: insert into action_record (id, action, actiontime, operator, service, recordid) values (?, ?, ?, ?, ?, ?)
2021-01-31 19:54:35.834 [http-nio-8081-exec-6] DEBUG c.y.test.mapper.ActionRecordMapper.addActionRecord - ==> Parameters: 2a1fc261-cb6d-4ef7-8b0d-0ef9814e6af5(String), ADD(String), 2021-01-31 19:54:35(String), 李阳(String), 加油记录表(String), 5ddea718-71ee-4cdf-8d95-f99122b8e664(String)
2021-01-31 19:54:35.838 [http-nio-8081-exec-6] DEBUG c.y.test.mapper.ActionRecordMapper.addActionRecord - <==    Updates: 1
2021-01-31 19:54:36.076 [http-nio-8081-exec-9] DEBUG c.y.t.mapper.OilRecordMapper.selectAllOilRecords - ==>  Preparing: select * from oil_record
2021-01-31 19:54:36.077 [http-nio-8081-exec-9] DEBUG c.y.t.mapper.OilRecordMapper.selectAllOilRecords - ==> Parameters: 
2021-01-31 19:54:36.090 [http-nio-8081-exec-9] DEBUG c.y.t.mapper.OilRecordMapper.selectAllOilRecords - <==      Total: 54
2021-01-31 19:54:36.093 [http-nio-8081-exec-9] DEBUG c.y.test.mapper.ActionRecordMapper.addActionRecord - ==>  Preparing: insert into action_record (id, action, actiontime, operator, service, recordid) values (?, ?, ?, ?, ?, ?)
2021-01-31 19:54:36.094 [http-nio-8081-exec-9] DEBUG c.y.test.mapper.ActionRecordMapper.addActionRecord - ==> Parameters: 33fa775b-0178-45bf-b16f-012c8a7ede79(String), SELECT(String), 2021-01-31 19:54:36(String), 李阳(String), 加油记录表(String), null
2021-01-31 19:54:36.100 [http-nio-8081-exec-9] DEBUG c.y.test.mapper.ActionRecordMapper.addActionRecord - <==    Updates: 1
2021-01-31 19:54:39.698 [http-nio-8081-exec-4] DEBUG c.y.t.mapper.OilRecordMapper.selectAllOilRecords - ==>  Preparing: select * from oil_record
2021-01-31 19:54:39.701 [http-nio-8081-exec-4] DEBUG c.y.t.mapper.OilRecordMapper.selectAllOilRecords - ==> Parameters: 
2021-01-31 19:54:39.727 [http-nio-8081-exec-4] DEBUG c.y.t.mapper.OilRecordMapper.selectAllOilRecords - <==      Total: 54
2021-01-31 19:54:39.735 [http-nio-8081-exec-4] DEBUG c.y.test.mapper.ActionRecordMapper.addActionRecord - ==>  Preparing: insert into action_record (id, action, actiontime, operator, service, recordid) values (?, ?, ?, ?, ?, ?)
2021-01-31 19:54:39.736 [http-nio-8081-exec-4] DEBUG c.y.test.mapper.ActionRecordMapper.addActionRecord - ==> Parameters: cd96f899-dc4a-4e05-8433-b75859f3def3(String), SELECT(String), 2021-01-31 19:54:39(String), 李阳(String), 加油记录表(String), null
2021-01-31 19:54:39.741 [http-nio-8081-exec-4] DEBUG c.y.test.mapper.ActionRecordMapper.addActionRecord - <==    Updates: 1
2021-01-31 19:54:43.124 [http-nio-8081-exec-8] DEBUG c.y.t.mapper.LifeRecordMapper.selectAllLifeRecord - ==>  Preparing: select * from record.income_expenditure_record
2021-01-31 19:54:43.127 [http-nio-8081-exec-8] DEBUG c.y.t.mapper.LifeRecordMapper.selectAllLifeRecord - ==> Parameters: 
2021-01-31 19:54:43.164 [http-nio-8081-exec-8] DEBUG c.y.t.mapper.LifeRecordMapper.selectAllLifeRecord - <==      Total: 127
2021-01-31 19:54:43.393 [http-nio-8081-exec-8] DEBUG c.y.test.mapper.ActionRecordMapper.addActionRecord - ==>  Preparing: insert into action_record (id, action, actiontime, operator, service, recordid) values (?, ?, ?, ?, ?, ?)
2021-01-31 19:54:43.394 [http-nio-8081-exec-8] DEBUG c.y.test.mapper.ActionRecordMapper.addActionRecord - ==> Parameters: 12ccd51b-3791-4c52-b395-7af27356ed0e(String), SELECT(String), 2021-01-31 19:54:43(String), 李阳(String), 收支记录表(String), null
2021-01-31 19:54:43.398 [http-nio-8081-exec-8] DEBUG c.y.test.mapper.ActionRecordMapper.addActionRecord - <==    Updates: 1
2021-01-31 19:54:57.587 [http-nio-8081-exec-10] DEBUG c.y.t.m.L.selectLifeRecordByCategoryID - ==>  Preparing: select * from record.income_expenditure_record where category_id = ?
2021-01-31 19:54:57.590 [http-nio-8081-exec-10] DEBUG c.y.t.m.L.selectLifeRecordByCategoryID - ==> Parameters: 1(Integer)
2021-01-31 19:54:57.594 [http-nio-8081-exec-10] DEBUG c.y.t.m.L.selectLifeRecordByCategoryID - <==      Total: 13
2021-01-31 19:54:57.598 [http-nio-8081-exec-10] DEBUG c.y.test.mapper.ActionRecordMapper.addActionRecord - ==>  Preparing: insert into action_record (id, action, actiontime, operator, service, recordid) values (?, ?, ?, ?, ?, ?)
2021-01-31 19:54:57.599 [http-nio-8081-exec-10] DEBUG c.y.test.mapper.ActionRecordMapper.addActionRecord - ==> Parameters: 9915a07e-241b-4ae0-b2b3-8edc874220ca(String), SELECT(String), 2021-01-31 19:54:57(String), 李阳(String), 收支记录表(String), null
2021-01-31 19:54:57.603 [http-nio-8081-exec-10] DEBUG c.y.test.mapper.ActionRecordMapper.addActionRecord - <==    Updates: 1
2021-01-31 19:55:55.756 [http-nio-8081-exec-1] DEBUG c.yang.test.mapper.LifeRecordMapper.addLifeRecord - ==>  Preparing: insert into income_expenditure_record(id, produce_record_date, category_id, category, record_producer, money, first_add_date, last_update_date, remark, operator) values (?, ?, ?, ?, ?, ?, ?, ?, ?, ?)
2021-01-31 19:55:55.759 [http-nio-8081-exec-1] DEBUG c.yang.test.mapper.LifeRecordMapper.addLifeRecord - ==> Parameters: 73da28ff-3cd1-4b23-832f-b3050458c09b(String), 2021-01-23 10:55:41(String), 10(Integer), 医药费(String), 李阳(String), -250.0(Double), 2021-01-31 19:55:55(String), 2021-01-31 19:55:55(String), (String), (String)
2021-01-31 19:55:55.765 [http-nio-8081-exec-1] DEBUG c.yang.test.mapper.LifeRecordMapper.addLifeRecord - <==    Updates: 1
2021-01-31 19:55:55.767 [http-nio-8081-exec-1] DEBUG c.y.test.mapper.ActionRecordMapper.addActionRecord - ==>  Preparing: insert into action_record (id, action, actiontime, operator, service, recordid) values (?, ?, ?, ?, ?, ?)
2021-01-31 19:55:55.768 [http-nio-8081-exec-1] DEBUG c.y.test.mapper.ActionRecordMapper.addActionRecord - ==> Parameters: ad8d69e8-c754-4786-a83c-83f09619ca9f(String), ADD(String), 2021-01-31 19:55:55(String), 李阳(String), 收支记录表(String), 73da28ff-3cd1-4b23-832f-b3050458c09b(String)
2021-01-31 19:55:55.772 [http-nio-8081-exec-1] DEBUG c.y.test.mapper.ActionRecordMapper.addActionRecord - <==    Updates: 1
2021-01-31 19:55:55.995 [http-nio-8081-exec-2] DEBUG c.y.t.mapper.LifeRecordMapper.selectAllLifeRecord - ==>  Preparing: select * from record.income_expenditure_record
2021-01-31 19:55:55.996 [http-nio-8081-exec-2] DEBUG c.y.t.mapper.LifeRecordMapper.selectAllLifeRecord - ==> Parameters: 
2021-01-31 19:55:56.011 [http-nio-8081-exec-2] DEBUG c.y.t.mapper.LifeRecordMapper.selectAllLifeRecord - <==      Total: 128
2021-01-31 19:55:56.023 [http-nio-8081-exec-2] DEBUG c.y.test.mapper.ActionRecordMapper.addActionRecord - ==>  Preparing: insert into action_record (id, action, actiontime, operator, service, recordid) values (?, ?, ?, ?, ?, ?)
2021-01-31 19:55:56.024 [http-nio-8081-exec-2] DEBUG c.y.test.mapper.ActionRecordMapper.addActionRecord - ==> Parameters: 0d02759e-95ec-40ca-bc34-a76e8ef947e2(String), SELECT(String), 2021-01-31 19:55:56(String), 李阳(String), 收支记录表(String), null
2021-01-31 19:55:56.032 [http-nio-8081-exec-2] DEBUG c.y.test.mapper.ActionRecordMapper.addActionRecord - <==    Updates: 1
2021-01-31 19:56:18.166 [http-nio-8081-exec-3] DEBUG c.yang.test.mapper.LifeRecordMapper.addLifeRecord - ==>  Preparing: insert into income_expenditure_record(id, produce_record_date, category_id, category, record_producer, money, first_add_date, last_update_date, remark, operator) values (?, ?, ?, ?, ?, ?, ?, ?, ?, ?)
2021-01-31 19:56:18.168 [http-nio-8081-exec-3] DEBUG c.yang.test.mapper.LifeRecordMapper.addLifeRecord - ==> Parameters: ca1926ce-9bd7-40b4-b4b2-743f7c646a11(String), 2021-01-31 19:55:58(String), 5(Integer), 上课(String), 李阳(String), 200.0(Double), 2021-01-31 19:56:18(String), 2021-01-31 19:56:18(String), 还没结(String), (String)
2021-01-31 19:56:18.172 [http-nio-8081-exec-3] DEBUG c.yang.test.mapper.LifeRecordMapper.addLifeRecord - <==    Updates: 1
2021-01-31 19:56:18.174 [http-nio-8081-exec-3] DEBUG c.y.test.mapper.ActionRecordMapper.addActionRecord - ==>  Preparing: insert into action_record (id, action, actiontime, operator, service, recordid) values (?, ?, ?, ?, ?, ?)
2021-01-31 19:56:18.174 [http-nio-8081-exec-3] DEBUG c.y.test.mapper.ActionRecordMapper.addActionRecord - ==> Parameters: 5f9553ee-afbc-4c01-af66-231e62350064(String), ADD(String), 2021-01-31 19:56:18(String), 李阳(String), 收支记录表(String), ca1926ce-9bd7-40b4-b4b2-743f7c646a11(String)
2021-01-31 19:56:18.179 [http-nio-8081-exec-3] DEBUG c.y.test.mapper.ActionRecordMapper.addActionRecord - <==    Updates: 1
2021-01-31 19:56:18.425 [http-nio-8081-exec-7] DEBUG c.y.t.mapper.LifeRecordMapper.selectAllLifeRecord - ==>  Preparing: select * from record.income_expenditure_record
2021-01-31 19:56:18.426 [http-nio-8081-exec-7] DEBUG c.y.t.mapper.LifeRecordMapper.selectAllLifeRecord - ==> Parameters: 
2021-01-31 19:56:18.436 [http-nio-8081-exec-7] DEBUG c.y.t.mapper.LifeRecordMapper.selectAllLifeRecord - <==      Total: 129
2021-01-31 19:56:18.447 [http-nio-8081-exec-7] DEBUG c.y.test.mapper.ActionRecordMapper.addActionRecord - ==>  Preparing: insert into action_record (id, action, actiontime, operator, service, recordid) values (?, ?, ?, ?, ?, ?)
2021-01-31 19:56:18.447 [http-nio-8081-exec-7] DEBUG c.y.test.mapper.ActionRecordMapper.addActionRecord - ==> Parameters: 2e7b3bb8-ebd2-442e-abed-7ad11f6046f0(String), SELECT(String), 2021-01-31 19:56:18(String), 李阳(String), 收支记录表(String), null
2021-01-31 19:56:18.454 [http-nio-8081-exec-7] DEBUG c.y.test.mapper.ActionRecordMapper.addActionRecord - <==    Updates: 1
2021-01-31 19:56:22.079 [http-nio-8081-exec-5] DEBUG c.y.t.mapper.LifeRecordMapper.updateLifeRecordByID - ==>  Preparing: update income_expenditure_record set produce_record_date = ?, category_id = ?, category = ?, record_producer = ?, money = ?, last_update_date = ?, remark = ?, operator = ? where id = ?
2021-01-31 19:56:22.088 [http-nio-8081-exec-5] DEBUG c.y.t.mapper.LifeRecordMapper.updateLifeRecordByID - ==> Parameters: 2021-01-31 19:55:58(String), 5(Integer), 上课(String), 李阳(String), 200.0(Double), 2021-01-31 19:56:22(String), 还没结(String), (String), ca1926ce-9bd7-40b4-b4b2-743f7c646a11(String)
2021-01-31 19:56:22.097 [http-nio-8081-exec-5] DEBUG c.y.t.mapper.LifeRecordMapper.updateLifeRecordByID - <==    Updates: 1
2021-01-31 19:56:22.098 [http-nio-8081-exec-5] DEBUG c.y.test.mapper.ActionRecordMapper.addActionRecord - ==>  Preparing: insert into action_record (id, action, actiontime, operator, service, recordid) values (?, ?, ?, ?, ?, ?)
2021-01-31 19:56:22.099 [http-nio-8081-exec-5] DEBUG c.y.test.mapper.ActionRecordMapper.addActionRecord - ==> Parameters: 9d2a8734-44c3-4607-aa0d-5aacc83a77ba(String), UPDATE(String), 2021-01-31 19:56:22(String), 李阳(String), 收支记录表(String), ca1926ce-9bd7-40b4-b4b2-743f7c646a11(String)
2021-01-31 19:56:22.103 [http-nio-8081-exec-5] DEBUG c.y.test.mapper.ActionRecordMapper.addActionRecord - <==    Updates: 1
2021-01-31 19:56:22.296 [http-nio-8081-exec-6] DEBUG c.y.t.mapper.LifeRecordMapper.selectAllLifeRecord - ==>  Preparing: select * from record.income_expenditure_record
2021-01-31 19:56:22.296 [http-nio-8081-exec-6] DEBUG c.y.t.mapper.LifeRecordMapper.selectAllLifeRecord - ==> Parameters: 
2021-01-31 19:56:22.305 [http-nio-8081-exec-6] DEBUG c.y.t.mapper.LifeRecordMapper.selectAllLifeRecord - <==      Total: 129
2021-01-31 19:56:22.314 [http-nio-8081-exec-6] DEBUG c.y.test.mapper.ActionRecordMapper.addActionRecord - ==>  Preparing: insert into action_record (id, action, actiontime, operator, service, recordid) values (?, ?, ?, ?, ?, ?)
2021-01-31 19:56:22.317 [http-nio-8081-exec-6] DEBUG c.y.test.mapper.ActionRecordMapper.addActionRecord - ==> Parameters: 8f613568-6da9-4544-ac84-e3eba1907ee1(String), SELECT(String), 2021-01-31 19:56:22(String), 李阳(String), 收支记录表(String), null
2021-01-31 19:56:22.322 [http-nio-8081-exec-6] DEBUG c.y.test.mapper.ActionRecordMapper.addActionRecord - <==    Updates: 1
2021-01-31 19:56:23.863 [http-nio-8081-exec-9] DEBUG c.y.t.mapper.LifeRecordMapper.updateLifeRecordByID - ==>  Preparing: update income_expenditure_record set produce_record_date = ?, category_id = ?, category = ?, record_producer = ?, money = ?, last_update_date = ?, remark = ?, operator = ? where id = ?
2021-01-31 19:56:23.864 [http-nio-8081-exec-9] DEBUG c.y.t.mapper.LifeRecordMapper.updateLifeRecordByID - ==> Parameters: 2021-01-31 19:55:58(String), 5(Integer), 上课(String), 李阳(String), 200.0(Double), 2021-01-31 19:56:23(String), 还没结(String), (String), ca1926ce-9bd7-40b4-b4b2-743f7c646a11(String)
2021-01-31 19:56:23.870 [http-nio-8081-exec-9] DEBUG c.y.t.mapper.LifeRecordMapper.updateLifeRecordByID - <==    Updates: 1
2021-01-31 19:56:23.872 [http-nio-8081-exec-9] DEBUG c.y.test.mapper.ActionRecordMapper.addActionRecord - ==>  Preparing: insert into action_record (id, action, actiontime, operator, service, recordid) values (?, ?, ?, ?, ?, ?)
2021-01-31 19:56:23.873 [http-nio-8081-exec-9] DEBUG c.y.test.mapper.ActionRecordMapper.addActionRecord - ==> Parameters: 8674a701-aa9b-445d-aa3f-0a96275dde3a(String), UPDATE(String), 2021-01-31 19:56:23(String), 李阳(String), 收支记录表(String), ca1926ce-9bd7-40b4-b4b2-743f7c646a11(String)
2021-01-31 19:56:23.876 [http-nio-8081-exec-9] DEBUG c.y.test.mapper.ActionRecordMapper.addActionRecord - <==    Updates: 1
2021-01-31 19:56:24.210 [http-nio-8081-exec-4] DEBUG c.y.t.mapper.LifeRecordMapper.selectAllLifeRecord - ==>  Preparing: select * from record.income_expenditure_record
2021-01-31 19:56:24.211 [http-nio-8081-exec-4] DEBUG c.y.t.mapper.LifeRecordMapper.selectAllLifeRecord - ==> Parameters: 
2021-01-31 19:56:24.219 [http-nio-8081-exec-4] DEBUG c.y.t.mapper.LifeRecordMapper.selectAllLifeRecord - <==      Total: 129
2021-01-31 19:56:24.228 [http-nio-8081-exec-4] DEBUG c.y.test.mapper.ActionRecordMapper.addActionRecord - ==>  Preparing: insert into action_record (id, action, actiontime, operator, service, recordid) values (?, ?, ?, ?, ?, ?)
2021-01-31 19:56:24.229 [http-nio-8081-exec-4] DEBUG c.y.test.mapper.ActionRecordMapper.addActionRecord - ==> Parameters: ae20938c-5c31-4271-a89e-a514eee1c723(String), SELECT(String), 2021-01-31 19:56:24(String), 李阳(String), 收支记录表(String), null
2021-01-31 19:56:24.233 [http-nio-8081-exec-4] DEBUG c.y.test.mapper.ActionRecordMapper.addActionRecord - <==    Updates: 1
2021-01-31 19:56:26.609 [http-nio-8081-exec-8] DEBUG com.yang.test.mapper.UserMapper.findAllUsers - ==>  Preparing: select * from user
2021-01-31 19:56:26.609 [http-nio-8081-exec-8] DEBUG com.yang.test.mapper.UserMapper.findAllUsers - ==> Parameters: 
2021-01-31 19:56:26.612 [http-nio-8081-exec-8] DEBUG com.yang.test.mapper.UserMapper.findAllUsers - <==      Total: 3
2021-01-31 19:56:26.658 [http-nio-8081-exec-8] DEBUG c.y.test.mapper.ActionRecordMapper.addActionRecord - ==>  Preparing: insert into action_record (id, action, actiontime, operator, service, recordid) values (?, ?, ?, ?, ?, ?)
2021-01-31 19:56:26.659 [http-nio-8081-exec-8] DEBUG c.y.test.mapper.ActionRecordMapper.addActionRecord - ==> Parameters: 1aa79e45-667c-4e34-a402-650bcfbba855(String), SELECT(String), 2021-01-31 19:56:26(String), 李阳(String), 用户记录表(String), null
2021-01-31 19:56:26.663 [http-nio-8081-exec-8] DEBUG c.y.test.mapper.ActionRecordMapper.addActionRecord - <==    Updates: 1
2021-01-31 19:56:26.843 [http-nio-8081-exec-10] DEBUG c.y.t.mapper.LifeRecordMapper.selectAllLifeRecord - ==>  Preparing: select * from record.income_expenditure_record
2021-01-31 19:56:26.843 [http-nio-8081-exec-10] DEBUG c.y.t.mapper.LifeRecordMapper.selectAllLifeRecord - ==> Parameters: 
2021-01-31 19:56:26.850 [http-nio-8081-exec-10] DEBUG c.y.t.mapper.LifeRecordMapper.selectAllLifeRecord - <==      Total: 129
2021-01-31 19:56:26.859 [http-nio-8081-exec-10] DEBUG c.y.test.mapper.ActionRecordMapper.addActionRecord - ==>  Preparing: insert into action_record (id, action, actiontime, operator, service, recordid) values (?, ?, ?, ?, ?, ?)
2021-01-31 19:56:26.861 [http-nio-8081-exec-10] DEBUG c.y.test.mapper.ActionRecordMapper.addActionRecord - ==> Parameters: d777f4cb-a24a-4b57-b9fb-91bfb976b3ef(String), SELECT(String), 2021-01-31 19:56:26(String), 李阳(String), 收支记录表(String), null
2021-01-31 19:56:26.865 [http-nio-8081-exec-10] DEBUG c.y.test.mapper.ActionRecordMapper.addActionRecord - <==    Updates: 1
2021-01-31 19:56:28.883 [http-nio-8081-exec-1] DEBUG c.y.t.mapper.LifeRecordMapper.selectAllLifeRecord - ==>  Preparing: select * from record.income_expenditure_record
2021-01-31 19:56:28.885 [http-nio-8081-exec-1] DEBUG c.y.t.mapper.LifeRecordMapper.selectAllLifeRecord - ==> Parameters: 
2021-01-31 19:56:28.895 [http-nio-8081-exec-1] DEBUG c.y.t.mapper.LifeRecordMapper.selectAllLifeRecord - <==      Total: 129
2021-01-31 19:56:28.904 [http-nio-8081-exec-1] DEBUG c.y.test.mapper.ActionRecordMapper.addActionRecord - ==>  Preparing: insert into action_record (id, action, actiontime, operator, service, recordid) values (?, ?, ?, ?, ?, ?)
2021-01-31 19:56:28.904 [http-nio-8081-exec-1] DEBUG c.y.test.mapper.ActionRecordMapper.addActionRecord - ==> Parameters: 5ad069f5-50cf-43e0-b3d5-dc8b7544837e(String), SELECT(String), 2021-01-31 19:56:28(String), 李阳(String), 收支记录表(String), null
2021-01-31 19:56:28.909 [http-nio-8081-exec-1] DEBUG c.y.test.mapper.ActionRecordMapper.addActionRecord - <==    Updates: 1
2021-01-31 19:56:29.801 [http-nio-8081-exec-2] DEBUG c.y.test.mapper.ActionRecordMapper.addActionRecord - ==>  Preparing: insert into action_record (id, action, actiontime, operator, service, recordid) values (?, ?, ?, ?, ?, ?)
2021-01-31 19:56:29.802 [http-nio-8081-exec-2] DEBUG c.y.test.mapper.ActionRecordMapper.addActionRecord - ==> Parameters: 7c606517-ced7-4e5b-8da5-45bbb97c0868(String), SELECT(String), 2021-01-31 19:56:29(String), 李阳(String), 用户记录表(String), null
2021-01-31 19:56:29.806 [http-nio-8081-exec-2] DEBUG c.y.test.mapper.ActionRecordMapper.addActionRecord - <==    Updates: 1
2021-01-31 19:56:31.706 [http-nio-8081-exec-3] DEBUG c.y.t.mapper.LifeRecordMapper.selectAllLifeRecord - ==>  Preparing: select * from record.income_expenditure_record
2021-01-31 19:56:31.707 [http-nio-8081-exec-3] DEBUG c.y.t.mapper.LifeRecordMapper.selectAllLifeRecord - ==> Parameters: 
2021-01-31 19:56:31.715 [http-nio-8081-exec-3] DEBUG c.y.t.mapper.LifeRecordMapper.selectAllLifeRecord - <==      Total: 129
2021-01-31 19:56:31.723 [http-nio-8081-exec-3] DEBUG c.y.test.mapper.ActionRecordMapper.addActionRecord - ==>  Preparing: insert into action_record (id, action, actiontime, operator, service, recordid) values (?, ?, ?, ?, ?, ?)
2021-01-31 19:56:31.723 [http-nio-8081-exec-3] DEBUG c.y.test.mapper.ActionRecordMapper.addActionRecord - ==> Parameters: 5e42928f-0250-434a-b739-be8a3de863cc(String), SELECT(String), 2021-01-31 19:56:31(String), 李阳(String), 收支记录表(String), null
2021-01-31 19:56:31.727 [http-nio-8081-exec-3] DEBUG c.y.test.mapper.ActionRecordMapper.addActionRecord - <==    Updates: 1
2021-01-31 19:56:41.019 [http-nio-8081-exec-5] DEBUG c.y.t.mapper.LifeRecordMapper.selectAllLifeRecord - ==>  Preparing: select * from record.income_expenditure_record
2021-01-31 19:56:41.019 [http-nio-8081-exec-5] DEBUG c.y.t.mapper.LifeRecordMapper.selectAllLifeRecord - ==> Parameters: 
2021-01-31 19:56:41.027 [http-nio-8081-exec-5] DEBUG c.y.t.mapper.LifeRecordMapper.selectAllLifeRecord - <==      Total: 129
2021-01-31 19:56:41.029 [http-nio-8081-exec-7] DEBUG c.y.test.mapper.ActionRecordMapper.addActionRecord - ==>  Preparing: insert into action_record (id, action, actiontime, operator, service, recordid) values (?, ?, ?, ?, ?, ?)
2021-01-31 19:56:41.029 [http-nio-8081-exec-7] DEBUG c.y.test.mapper.ActionRecordMapper.addActionRecord - ==> Parameters: 06dc99cf-991a-4918-8265-91f1aabd5af1(String), SELECT(String), 2021-01-31 19:56:41(String), 李阳(String), 用户记录表(String), null
2021-01-31 19:56:41.035 [http-nio-8081-exec-7] DEBUG c.y.test.mapper.ActionRecordMapper.addActionRecord - <==    Updates: 1
2021-01-31 19:56:41.039 [http-nio-8081-exec-5] DEBUG c.y.test.mapper.ActionRecordMapper.addActionRecord - ==>  Preparing: insert into action_record (id, action, actiontime, operator, service, recordid) values (?, ?, ?, ?, ?, ?)
2021-01-31 19:56:41.040 [http-nio-8081-exec-5] DEBUG c.y.test.mapper.ActionRecordMapper.addActionRecord - ==> Parameters: a5c99b36-c44c-4029-bce2-fb3f98a21fb9(String), SELECT(String), 2021-01-31 19:56:41(String), 李阳(String), 收支记录表(String), null
2021-01-31 19:56:41.058 [http-nio-8081-exec-5] DEBUG c.y.test.mapper.ActionRecordMapper.addActionRecord - <==    Updates: 1
2021-01-31 19:56:41.249 [http-nio-8081-exec-6] DEBUG c.y.test.mapper.ActionRecordMapper.addActionRecord - ==>  Preparing: insert into action_record (id, action, actiontime, operator, service, recordid) values (?, ?, ?, ?, ?, ?)
2021-01-31 19:56:41.250 [http-nio-8081-exec-6] DEBUG c.y.test.mapper.ActionRecordMapper.addActionRecord - ==> Parameters: 2e1ed65d-3c3f-4e2f-9c5b-61c8d4cee08c(String), SELECT(String), 2021-01-31 19:56:41(String), 李阳(String), 用户记录表(String), null
2021-01-31 19:56:41.255 [http-nio-8081-exec-6] DEBUG c.y.test.mapper.ActionRecordMapper.addActionRecord - <==    Updates: 1
2021-01-31 19:56:42.921 [http-nio-8081-exec-9] DEBUG c.y.t.mapper.LifeRecordMapper.selectAllLifeRecord - ==>  Preparing: select * from record.income_expenditure_record
2021-01-31 19:56:42.923 [http-nio-8081-exec-9] DEBUG c.y.t.mapper.LifeRecordMapper.selectAllLifeRecord - ==> Parameters: 
2021-01-31 19:56:42.946 [http-nio-8081-exec-9] DEBUG c.y.t.mapper.LifeRecordMapper.selectAllLifeRecord - <==      Total: 129
2021-01-31 19:56:42.953 [http-nio-8081-exec-9] DEBUG c.y.test.mapper.ActionRecordMapper.addActionRecord - ==>  Preparing: insert into action_record (id, action, actiontime, operator, service, recordid) values (?, ?, ?, ?, ?, ?)
2021-01-31 19:56:42.954 [http-nio-8081-exec-9] DEBUG c.y.test.mapper.ActionRecordMapper.addActionRecord - ==> Parameters: 73223557-2e31-4349-8a59-4a7cd46e7c00(String), SELECT(String), 2021-01-31 19:56:42(String), 李阳(String), 收支记录表(String), null
2021-01-31 19:56:42.959 [http-nio-8081-exec-9] DEBUG c.y.test.mapper.ActionRecordMapper.addActionRecord - <==    Updates: 1
2021-01-31 19:56:43.860 [http-nio-8081-exec-4] DEBUG c.y.t.m.XiYaoPersonMapper.selectAllXiYaoPerson - ==>  Preparing: select * from record.xiyao_village_person ORDER BY xiyao_village_person.headhousehold
2021-01-31 19:56:43.866 [http-nio-8081-exec-4] DEBUG c.y.t.m.XiYaoPersonMapper.selectAllXiYaoPerson - ==> Parameters: 
2021-01-31 19:56:43.884 [http-nio-8081-exec-4] DEBUG c.y.t.m.XiYaoPersonMapper.selectAllXiYaoPerson - <==      Total: 4
2021-01-31 19:56:43.886 [http-nio-8081-exec-4] DEBUG c.y.test.mapper.ActionRecordMapper.addActionRecord - ==>  Preparing: insert into action_record (id, action, actiontime, operator, service, recordid) values (?, ?, ?, ?, ?, ?)
2021-01-31 19:56:43.887 [http-nio-8081-exec-4] DEBUG c.y.test.mapper.ActionRecordMapper.addActionRecord - ==> Parameters: 17b653a7-54cd-4031-9ed3-34a5d641556d(String), SELECT(String), 2021-01-31 19:56:43(String), 李阳(String), 西姚花名册记录表(String), null
2021-01-31 19:56:43.890 [http-nio-8081-exec-4] DEBUG c.y.test.mapper.ActionRecordMapper.addActionRecord - <==    Updates: 1
2021-01-31 19:56:44.457 [http-nio-8081-exec-8] DEBUG c.y.t.mapper.LifeRecordMapper.selectAllLifeRecord - ==>  Preparing: select * from record.income_expenditure_record
2021-01-31 19:56:44.458 [http-nio-8081-exec-8] DEBUG c.y.t.mapper.LifeRecordMapper.selectAllLifeRecord - ==> Parameters: 
2021-01-31 19:56:44.466 [http-nio-8081-exec-8] DEBUG c.y.t.mapper.LifeRecordMapper.selectAllLifeRecord - <==      Total: 129
2021-01-31 19:56:44.473 [http-nio-8081-exec-8] DEBUG c.y.test.mapper.ActionRecordMapper.addActionRecord - ==>  Preparing: insert into action_record (id, action, actiontime, operator, service, recordid) values (?, ?, ?, ?, ?, ?)
2021-01-31 19:56:44.474 [http-nio-8081-exec-8] DEBUG c.y.test.mapper.ActionRecordMapper.addActionRecord - ==> Parameters: e20160aa-bc22-472b-9904-c9414b7ba4c9(String), SELECT(String), 2021-01-31 19:56:44(String), 李阳(String), 收支记录表(String), null
2021-01-31 19:56:44.480 [http-nio-8081-exec-8] DEBUG c.y.test.mapper.ActionRecordMapper.addActionRecord - <==    Updates: 1
2021-01-31 19:56:55.691 [http-nio-8081-exec-10] DEBUG c.y.t.mapper.OilRecordMapper.selectAllOilRecords - ==>  Preparing: select * from oil_record
2021-01-31 19:56:55.692 [http-nio-8081-exec-10] DEBUG c.y.t.mapper.OilRecordMapper.selectAllOilRecords - ==> Parameters: 
2021-01-31 19:56:55.708 [http-nio-8081-exec-10] DEBUG c.y.t.mapper.OilRecordMapper.selectAllOilRecords - <==      Total: 54
2021-01-31 19:56:55.711 [http-nio-8081-exec-10] DEBUG c.y.test.mapper.ActionRecordMapper.addActionRecord - ==>  Preparing: insert into action_record (id, action, actiontime, operator, service, recordid) values (?, ?, ?, ?, ?, ?)
2021-01-31 19:56:55.712 [http-nio-8081-exec-10] DEBUG c.y.test.mapper.ActionRecordMapper.addActionRecord - ==> Parameters: bf7cbd1b-fd44-40a2-9910-c3b5531c443e(String), SELECT(String), 2021-01-31 19:56:55(String), 李阳(String), 加油记录表(String), null
2021-01-31 19:56:55.715 [http-nio-8081-exec-10] DEBUG c.y.test.mapper.ActionRecordMapper.addActionRecord - <==    Updates: 1
2021-01-31 19:56:56.351 [http-nio-8081-exec-1] DEBUG c.y.test.mapper.PrintIncomeMapper.selectAllRecords - ==>  Preparing: select * from print_income_record
2021-01-31 19:56:56.352 [http-nio-8081-exec-1] DEBUG c.y.test.mapper.PrintIncomeMapper.selectAllRecords - ==> Parameters: 
2021-01-31 19:56:56.376 [http-nio-8081-exec-1] DEBUG c.y.test.mapper.PrintIncomeMapper.selectAllRecords - <==      Total: 113
2021-01-31 19:56:56.384 [http-nio-8081-exec-1] DEBUG c.y.test.mapper.ActionRecordMapper.addActionRecord - ==>  Preparing: insert into action_record (id, action, actiontime, operator, service, recordid) values (?, ?, ?, ?, ?, ?)
2021-01-31 19:56:56.384 [http-nio-8081-exec-1] DEBUG c.y.test.mapper.ActionRecordMapper.addActionRecord - ==> Parameters: b10ac8a2-0e62-4ad9-96c4-f9927a44a422(String), SELECT(String), 2021-01-31 19:56:56(String), 李阳(String), 打印收入记录表(String), null
2021-01-31 19:56:56.388 [http-nio-8081-exec-1] DEBUG c.y.test.mapper.ActionRecordMapper.addActionRecord - <==    Updates: 1
2021-01-31 19:56:57.307 [http-nio-8081-exec-2] DEBUG c.y.t.m.XiYaoPersonMapper.selectAllXiYaoPerson - ==>  Preparing: select * from record.xiyao_village_person ORDER BY xiyao_village_person.headhousehold
2021-01-31 19:56:57.308 [http-nio-8081-exec-2] DEBUG c.y.t.m.XiYaoPersonMapper.selectAllXiYaoPerson - ==> Parameters: 
2021-01-31 19:56:57.310 [http-nio-8081-exec-2] DEBUG c.y.t.m.XiYaoPersonMapper.selectAllXiYaoPerson - <==      Total: 4
2021-01-31 19:56:57.312 [http-nio-8081-exec-2] DEBUG c.y.test.mapper.ActionRecordMapper.addActionRecord - ==>  Preparing: insert into action_record (id, action, actiontime, operator, service, recordid) values (?, ?, ?, ?, ?, ?)
2021-01-31 19:56:57.312 [http-nio-8081-exec-2] DEBUG c.y.test.mapper.ActionRecordMapper.addActionRecord - ==> Parameters: f59414b2-a581-4658-84ac-5a6d3dd9c5b8(String), SELECT(String), 2021-01-31 19:56:57(String), 李阳(String), 西姚花名册记录表(String), null
2021-01-31 19:56:57.317 [http-nio-8081-exec-2] DEBUG c.y.test.mapper.ActionRecordMapper.addActionRecord - <==    Updates: 1
2021-01-31 19:56:58.334 [http-nio-8081-exec-3] DEBUG c.y.t.mapper.LifeRecordMapper.selectAllLifeRecord - ==>  Preparing: select * from record.income_expenditure_record
2021-01-31 19:56:58.335 [http-nio-8081-exec-3] DEBUG c.y.t.mapper.LifeRecordMapper.selectAllLifeRecord - ==> Parameters: 
2021-01-31 19:56:58.343 [http-nio-8081-exec-3] DEBUG c.y.t.mapper.LifeRecordMapper.selectAllLifeRecord - <==      Total: 129
2021-01-31 19:56:58.352 [http-nio-8081-exec-3] DEBUG c.y.test.mapper.ActionRecordMapper.addActionRecord - ==>  Preparing: insert into action_record (id, action, actiontime, operator, service, recordid) values (?, ?, ?, ?, ?, ?)
2021-01-31 19:56:58.352 [http-nio-8081-exec-3] DEBUG c.y.test.mapper.ActionRecordMapper.addActionRecord - ==> Parameters: a24f3b45-a713-4270-b35c-11b49b0700ec(String), SELECT(String), 2021-01-31 19:56:58(String), 李阳(String), 收支记录表(String), null
2021-01-31 19:56:58.357 [http-nio-8081-exec-3] DEBUG c.y.test.mapper.ActionRecordMapper.addActionRecord - <==    Updates: 1
2021-01-31 19:57:03.148 [http-nio-8081-exec-7] DEBUG c.y.t.m.L.selectLifeRecordByCategoryID - ==>  Preparing: select * from record.income_expenditure_record where category_id = ?
2021-01-31 19:57:03.149 [http-nio-8081-exec-7] DEBUG c.y.t.m.L.selectLifeRecordByCategoryID - ==> Parameters: 3(Integer)
2021-01-31 19:57:03.151 [http-nio-8081-exec-7] DEBUG c.y.t.m.L.selectLifeRecordByCategoryID - <==      Total: 15
2021-01-31 19:57:03.153 [http-nio-8081-exec-7] DEBUG c.y.test.mapper.ActionRecordMapper.addActionRecord - ==>  Preparing: insert into action_record (id, action, actiontime, operator, service, recordid) values (?, ?, ?, ?, ?, ?)
2021-01-31 19:57:03.153 [http-nio-8081-exec-7] DEBUG c.y.test.mapper.ActionRecordMapper.addActionRecord - ==> Parameters: 309c9eb4-fe92-48d6-b6ca-b9f84e84d785(String), SELECT(String), 2021-01-31 19:57:03(String), 李阳(String), 收支记录表(String), null
2021-01-31 19:57:03.157 [http-nio-8081-exec-7] DEBUG c.y.test.mapper.ActionRecordMapper.addActionRecord - <==    Updates: 1
2021-01-31 19:57:04.827 [http-nio-8081-exec-5] DEBUG c.y.t.m.L.selectLifeRecordByCategoryID - ==>  Preparing: select * from record.income_expenditure_record where category_id = ?
2021-01-31 19:57:04.828 [http-nio-8081-exec-5] DEBUG c.y.t.m.L.selectLifeRecordByCategoryID - ==> Parameters: 3(Integer)
2021-01-31 19:57:04.830 [http-nio-8081-exec-5] DEBUG c.y.t.m.L.selectLifeRecordByCategoryID - <==      Total: 15
2021-01-31 19:57:04.832 [http-nio-8081-exec-5] DEBUG c.y.test.mapper.ActionRecordMapper.addActionRecord - ==>  Preparing: insert into action_record (id, action, actiontime, operator, service, recordid) values (?, ?, ?, ?, ?, ?)
2021-01-31 19:57:04.833 [http-nio-8081-exec-5] DEBUG c.y.test.mapper.ActionRecordMapper.addActionRecord - ==> Parameters: 783c77d4-ddf5-4db0-991d-23459076e84a(String), SELECT(String), 2021-01-31 19:57:04(String), 李阳(String), 收支记录表(String), null
2021-01-31 19:57:04.836 [http-nio-8081-exec-5] DEBUG c.y.test.mapper.ActionRecordMapper.addActionRecord - <==    Updates: 1
2021-01-31 19:57:21.398 [http-nio-8081-exec-6] DEBUG c.y.test.mapper.ActionRecordMapper.addActionRecord - ==>  Preparing: insert into action_record (id, action, actiontime, operator, service, recordid) values (?, ?, ?, ?, ?, ?)
2021-01-31 19:57:21.399 [http-nio-8081-exec-6] DEBUG c.y.test.mapper.ActionRecordMapper.addActionRecord - ==> Parameters: c11acfa4-da93-463a-aca6-3aec9e0dfb69(String), SELECT(String), 2021-01-31 19:57:21(String), 李阳(String), 用户记录表(String), null
2021-01-31 19:57:21.404 [http-nio-8081-exec-6] DEBUG c.y.test.mapper.ActionRecordMapper.addActionRecord - <==    Updates: 1
