2020-12-06 14:55:42.860 [http-nio-8081-exec-1] DEBUG com.yang.test.mapper.UserMapper.findAllUsers - ==>  Preparing: select * from user
2020-12-06 14:55:43.098 [http-nio-8081-exec-1] DEBUG com.yang.test.mapper.UserMapper.findAllUsers - ==> Parameters: 
2020-12-06 14:55:43.188 [http-nio-8081-exec-1] DEBUG com.yang.test.mapper.UserMapper.findAllUsers - <==      Total: 3
2020-12-06 14:55:43.214 [http-nio-8081-exec-1] DEBUG com.yang.test.mapper.UserMapper.login - ==>  Preparing: select * from user where username = ? and userpassword = ?
2020-12-06 14:55:43.281 [http-nio-8081-exec-1] DEBUG com.yang.test.mapper.UserMapper.login - ==> Parameters: a(String), a(String)
2020-12-06 14:55:43.285 [http-nio-8081-exec-1] DEBUG com.yang.test.mapper.UserMapper.login - <==      Total: 1
2020-12-06 14:55:43.288 [http-nio-8081-exec-1] DEBUG c.y.test.mapper.ActionRecordMapper.addActionRecord - ==>  Preparing: insert into action_record (id, action, actiontime, operator, service, recordid) values (?, ?, ?, ?, ?, ?)
2020-12-06 14:55:43.296 [http-nio-8081-exec-1] DEBUG c.y.test.mapper.ActionRecordMapper.addActionRecord - ==> Parameters: 462f37d1-5688-48c6-8fcc-6403df7fcb7e(String), LOGIN(String), 2020-12-06 14:55:43(String), 李阳(String), 用户记录表(String), null
2020-12-06 14:55:43.319 [http-nio-8081-exec-1] DEBUG c.y.test.mapper.ActionRecordMapper.addActionRecord - <==    Updates: 1
2020-12-06 14:55:44.130 [http-nio-8081-exec-2] DEBUG c.y.t.mapper.OilRecordMapper.selectAllOilRecords - ==>  Preparing: select * from oil_record
2020-12-06 14:55:44.134 [http-nio-8081-exec-2] DEBUG c.y.t.mapper.OilRecordMapper.selectAllOilRecords - ==> Parameters: 
2020-12-06 14:55:44.188 [http-nio-8081-exec-2] DEBUG c.y.t.mapper.OilRecordMapper.selectAllOilRecords - <==      Total: 45
2020-12-06 14:55:44.223 [http-nio-8081-exec-2] DEBUG c.y.test.mapper.ActionRecordMapper.addActionRecord - ==>  Preparing: insert into action_record (id, action, actiontime, operator, service, recordid) values (?, ?, ?, ?, ?, ?)
2020-12-06 14:55:44.225 [http-nio-8081-exec-2] DEBUG c.y.test.mapper.ActionRecordMapper.addActionRecord - ==> Parameters: 83146338-23f3-4111-acd4-5ddabc3314d0(String), SELECT(String), 2020-12-06 14:55:44(String), 李阳(String), 加油记录表(String), null
2020-12-06 14:55:44.230 [http-nio-8081-exec-2] DEBUG c.y.test.mapper.ActionRecordMapper.addActionRecord - <==    Updates: 1
2020-12-06 14:55:46.323 [http-nio-8081-exec-3] DEBUG c.y.t.mapper.LifeRecordMapper.selectAllLifeRecord - ==>  Preparing: select * from record.income_expenditure_record
2020-12-06 14:55:46.328 [http-nio-8081-exec-3] DEBUG c.y.t.mapper.LifeRecordMapper.selectAllLifeRecord - ==> Parameters: 
2020-12-06 14:55:46.371 [http-nio-8081-exec-3] DEBUG c.y.t.mapper.LifeRecordMapper.selectAllLifeRecord - <==      Total: 101
2020-12-06 14:55:46.567 [http-nio-8081-exec-3] DEBUG c.y.test.mapper.ActionRecordMapper.addActionRecord - ==>  Preparing: insert into action_record (id, action, actiontime, operator, service, recordid) values (?, ?, ?, ?, ?, ?)
2020-12-06 14:55:46.569 [http-nio-8081-exec-3] DEBUG c.y.test.mapper.ActionRecordMapper.addActionRecord - ==> Parameters: 8c56606a-72d2-45eb-ac90-d87fec38dcb8(String), SELECT(String), 2020-12-06 14:55:46(String), 李阳(String), 收支记录表(String), null
2020-12-06 14:55:46.574 [http-nio-8081-exec-3] DEBUG c.y.test.mapper.ActionRecordMapper.addActionRecord - <==    Updates: 1
2020-12-06 14:56:06.261 [http-nio-8081-exec-4] DEBUG c.y.t.m.L.selectLifeRecordByCategoryID - ==>  Preparing: select * from record.income_expenditure_record where category_id = ?
2020-12-06 14:56:06.267 [http-nio-8081-exec-4] DEBUG c.y.t.m.L.selectLifeRecordByCategoryID - ==> Parameters: 5(Integer)
2020-12-06 14:56:06.273 [http-nio-8081-exec-4] DEBUG c.y.t.m.L.selectLifeRecordByCategoryID - <==      Total: 14
2020-12-06 14:56:06.280 [http-nio-8081-exec-4] DEBUG c.y.test.mapper.ActionRecordMapper.addActionRecord - ==>  Preparing: insert into action_record (id, action, actiontime, operator, service, recordid) values (?, ?, ?, ?, ?, ?)
2020-12-06 14:56:06.281 [http-nio-8081-exec-4] DEBUG c.y.test.mapper.ActionRecordMapper.addActionRecord - ==> Parameters: cf59ef88-4766-4528-9b7d-307aeca7b0e9(String), SELECT(String), 2020-12-06 14:56:06(String), 李阳(String), 收支记录表(String), null
2020-12-06 14:56:06.288 [http-nio-8081-exec-4] DEBUG c.y.test.mapper.ActionRecordMapper.addActionRecord - <==    Updates: 1
2020-12-06 14:56:55.125 [http-nio-8081-exec-5] DEBUG c.yang.test.mapper.LifeRecordMapper.addLifeRecord - ==>  Preparing: insert into income_expenditure_record(id, produce_record_date, category_id, category, record_producer, money, first_add_date, last_update_date, remark, operator) values (?, ?, ?, ?, ?, ?, ?, ?, ?, ?)
2020-12-06 14:56:55.131 [http-nio-8081-exec-5] DEBUG c.yang.test.mapper.LifeRecordMapper.addLifeRecord - ==> Parameters: 1997849c-fd5b-4bd0-9c8c-bbdf3bc0684d(String), 2020-11-15 14:56:45(String), 5(Integer), 上课(String), 李阳(String), 200.0(Double), 2020-12-06 14:56:55(String), 2020-12-06 14:56:55(String), (String), (String)
2020-12-06 14:56:55.141 [http-nio-8081-exec-5] DEBUG c.yang.test.mapper.LifeRecordMapper.addLifeRecord - <==    Updates: 1
2020-12-06 14:56:55.143 [http-nio-8081-exec-5] DEBUG c.y.test.mapper.ActionRecordMapper.addActionRecord - ==>  Preparing: insert into action_record (id, action, actiontime, operator, service, recordid) values (?, ?, ?, ?, ?, ?)
2020-12-06 14:56:55.144 [http-nio-8081-exec-5] DEBUG c.y.test.mapper.ActionRecordMapper.addActionRecord - ==> Parameters: 3fa560a0-d6bb-4915-a4e8-8e6458dec8f4(String), ADD(String), 2020-12-06 14:56:55(String), 李阳(String), 收支记录表(String), 1997849c-fd5b-4bd0-9c8c-bbdf3bc0684d(String)
2020-12-06 14:56:55.155 [http-nio-8081-exec-5] DEBUG c.y.test.mapper.ActionRecordMapper.addActionRecord - <==    Updates: 1
2020-12-06 14:56:55.366 [http-nio-8081-exec-6] DEBUG c.y.t.mapper.LifeRecordMapper.selectAllLifeRecord - ==>  Preparing: select * from record.income_expenditure_record
2020-12-06 14:56:55.367 [http-nio-8081-exec-6] DEBUG c.y.t.mapper.LifeRecordMapper.selectAllLifeRecord - ==> Parameters: 
2020-12-06 14:56:55.397 [http-nio-8081-exec-6] DEBUG c.y.t.mapper.LifeRecordMapper.selectAllLifeRecord - <==      Total: 102
2020-12-06 14:56:55.412 [http-nio-8081-exec-6] DEBUG c.y.test.mapper.ActionRecordMapper.addActionRecord - ==>  Preparing: insert into action_record (id, action, actiontime, operator, service, recordid) values (?, ?, ?, ?, ?, ?)
2020-12-06 14:56:55.413 [http-nio-8081-exec-6] DEBUG c.y.test.mapper.ActionRecordMapper.addActionRecord - ==> Parameters: 25d951ec-981e-41d8-8438-581b557eb2ae(String), SELECT(String), 2020-12-06 14:56:55(String), 李阳(String), 收支记录表(String), null
2020-12-06 14:56:55.417 [http-nio-8081-exec-6] DEBUG c.y.test.mapper.ActionRecordMapper.addActionRecord - <==    Updates: 1
2020-12-06 14:57:22.527 [http-nio-8081-exec-8] DEBUG c.y.t.mapper.LifeRecordMapper.selectAllLifeRecord - ==>  Preparing: select * from record.income_expenditure_record
2020-12-06 14:57:22.527 [http-nio-8081-exec-8] DEBUG c.y.t.mapper.LifeRecordMapper.selectAllLifeRecord - ==> Parameters: 
2020-12-06 14:57:22.539 [http-nio-8081-exec-8] DEBUG c.y.t.mapper.LifeRecordMapper.selectAllLifeRecord - <==      Total: 102
2020-12-06 14:57:22.544 [http-nio-8081-exec-8] DEBUG c.y.t.mapper.LifeRecordMapper.deleteLifeRecordByID - ==>  Preparing: delete from income_expenditure_record where id = ?
2020-12-06 14:57:22.552 [http-nio-8081-exec-8] DEBUG c.y.t.mapper.LifeRecordMapper.deleteLifeRecordByID - ==> Parameters: 1997849c-fd5b-4bd0-9c8c-bbdf3bc0684d(String)
2020-12-06 14:57:22.560 [http-nio-8081-exec-8] DEBUG c.y.t.mapper.LifeRecordMapper.deleteLifeRecordByID - <==    Updates: 1
2020-12-06 14:57:22.562 [http-nio-8081-exec-8] DEBUG c.y.test.mapper.ActionRecordMapper.addActionRecord - ==>  Preparing: insert into action_record (id, action, actiontime, operator, service, recordid) values (?, ?, ?, ?, ?, ?)
2020-12-06 14:57:22.564 [http-nio-8081-exec-8] DEBUG c.y.test.mapper.ActionRecordMapper.addActionRecord - ==> Parameters: f48aa3fb-b3e8-4d53-9111-23a5b17f1d2d(String), DELETE(String), 2020-12-06 14:57:22(String), 李阳(String), 收支记录表(String), 1997849c-fd5b-4bd0-9c8c-bbdf3bc0684d(String)
2020-12-06 14:57:22.570 [http-nio-8081-exec-8] DEBUG c.y.test.mapper.ActionRecordMapper.addActionRecord - <==    Updates: 1
2020-12-06 14:57:22.801 [http-nio-8081-exec-7] DEBUG c.y.t.mapper.LifeRecordMapper.selectAllLifeRecord - ==>  Preparing: select * from record.income_expenditure_record
2020-12-06 14:57:22.802 [http-nio-8081-exec-7] DEBUG c.y.t.mapper.LifeRecordMapper.selectAllLifeRecord - ==> Parameters: 
2020-12-06 14:57:22.812 [http-nio-8081-exec-7] DEBUG c.y.t.mapper.LifeRecordMapper.selectAllLifeRecord - <==      Total: 101
2020-12-06 14:57:22.822 [http-nio-8081-exec-7] DEBUG c.y.test.mapper.ActionRecordMapper.addActionRecord - ==>  Preparing: insert into action_record (id, action, actiontime, operator, service, recordid) values (?, ?, ?, ?, ?, ?)
2020-12-06 14:57:22.823 [http-nio-8081-exec-7] DEBUG c.y.test.mapper.ActionRecordMapper.addActionRecord - ==> Parameters: 2c4baa45-34db-4336-ba68-c5e24602e4bd(String), SELECT(String), 2020-12-06 14:57:22(String), 李阳(String), 收支记录表(String), null
2020-12-06 14:57:22.827 [http-nio-8081-exec-7] DEBUG c.y.test.mapper.ActionRecordMapper.addActionRecord - <==    Updates: 1
2020-12-06 14:57:35.735 [http-nio-8081-exec-9] DEBUG c.yang.test.mapper.LifeRecordMapper.addLifeRecord - ==>  Preparing: insert into income_expenditure_record(id, produce_record_date, category_id, category, record_producer, money, first_add_date, last_update_date, remark, operator) values (?, ?, ?, ?, ?, ?, ?, ?, ?, ?)
2020-12-06 14:57:35.737 [http-nio-8081-exec-9] DEBUG c.yang.test.mapper.LifeRecordMapper.addLifeRecord - ==> Parameters: 69620c8e-2626-4551-96be-3d9397d0280c(String), 2020-11-22 14:57:01(String), 5(Integer), 上课(String), 李阳(String), 200.0(Double), 2020-12-06 14:57:35(String), 2020-12-06 14:57:35(String), (String), (String)
2020-12-06 14:57:35.741 [http-nio-8081-exec-9] DEBUG c.yang.test.mapper.LifeRecordMapper.addLifeRecord - <==    Updates: 1
2020-12-06 14:57:35.743 [http-nio-8081-exec-9] DEBUG c.y.test.mapper.ActionRecordMapper.addActionRecord - ==>  Preparing: insert into action_record (id, action, actiontime, operator, service, recordid) values (?, ?, ?, ?, ?, ?)
2020-12-06 14:57:35.744 [http-nio-8081-exec-9] DEBUG c.y.test.mapper.ActionRecordMapper.addActionRecord - ==> Parameters: e6ea72c8-a05d-4c7c-ba44-21da7309cf36(String), ADD(String), 2020-12-06 14:57:35(String), 李阳(String), 收支记录表(String), 69620c8e-2626-4551-96be-3d9397d0280c(String)
2020-12-06 14:57:35.748 [http-nio-8081-exec-9] DEBUG c.y.test.mapper.ActionRecordMapper.addActionRecord - <==    Updates: 1
2020-12-06 14:57:35.988 [http-nio-8081-exec-10] DEBUG c.y.t.mapper.LifeRecordMapper.selectAllLifeRecord - ==>  Preparing: select * from record.income_expenditure_record
2020-12-06 14:57:35.989 [http-nio-8081-exec-10] DEBUG c.y.t.mapper.LifeRecordMapper.selectAllLifeRecord - ==> Parameters: 
2020-12-06 14:57:35.999 [http-nio-8081-exec-10] DEBUG c.y.t.mapper.LifeRecordMapper.selectAllLifeRecord - <==      Total: 102
2020-12-06 14:57:36.011 [http-nio-8081-exec-10] DEBUG c.y.test.mapper.ActionRecordMapper.addActionRecord - ==>  Preparing: insert into action_record (id, action, actiontime, operator, service, recordid) values (?, ?, ?, ?, ?, ?)
2020-12-06 14:57:36.012 [http-nio-8081-exec-10] DEBUG c.y.test.mapper.ActionRecordMapper.addActionRecord - ==> Parameters: 88b4e5de-9b13-4fd9-a649-592a34ec872e(String), SELECT(String), 2020-12-06 14:57:36(String), 李阳(String), 收支记录表(String), null
2020-12-06 14:57:36.016 [http-nio-8081-exec-10] DEBUG c.y.test.mapper.ActionRecordMapper.addActionRecord - <==    Updates: 1
2020-12-06 14:58:24.593 [http-nio-8081-exec-1] DEBUG c.yang.test.mapper.LifeRecordMapper.addLifeRecord - ==>  Preparing: insert into income_expenditure_record(id, produce_record_date, category_id, category, record_producer, money, first_add_date, last_update_date, remark, operator) values (?, ?, ?, ?, ?, ?, ?, ?, ?, ?)
2020-12-06 14:58:24.596 [http-nio-8081-exec-1] DEBUG c.yang.test.mapper.LifeRecordMapper.addLifeRecord - ==> Parameters: 6da32247-e646-4889-bd16-290479c7d8c4(String), 2020-11-29 14:58:11(String), 5(Integer), 上课(String), 李阳(String), 200.0(Double), 2020-12-06 14:58:24(String), 2020-12-06 14:58:24(String), (String), (String)
2020-12-06 14:58:24.603 [http-nio-8081-exec-1] DEBUG c.yang.test.mapper.LifeRecordMapper.addLifeRecord - <==    Updates: 1
2020-12-06 14:58:24.606 [http-nio-8081-exec-1] DEBUG c.y.test.mapper.ActionRecordMapper.addActionRecord - ==>  Preparing: insert into action_record (id, action, actiontime, operator, service, recordid) values (?, ?, ?, ?, ?, ?)
2020-12-06 14:58:24.609 [http-nio-8081-exec-1] DEBUG c.y.test.mapper.ActionRecordMapper.addActionRecord - ==> Parameters: bc73fb5b-e155-49e6-9355-a3ec078086d8(String), ADD(String), 2020-12-06 14:58:24(String), 李阳(String), 收支记录表(String), 6da32247-e646-4889-bd16-290479c7d8c4(String)
2020-12-06 14:58:24.614 [http-nio-8081-exec-1] DEBUG c.y.test.mapper.ActionRecordMapper.addActionRecord - <==    Updates: 1
2020-12-06 14:58:24.854 [http-nio-8081-exec-2] DEBUG c.y.t.mapper.LifeRecordMapper.selectAllLifeRecord - ==>  Preparing: select * from record.income_expenditure_record
2020-12-06 14:58:24.854 [http-nio-8081-exec-2] DEBUG c.y.t.mapper.LifeRecordMapper.selectAllLifeRecord - ==> Parameters: 
2020-12-06 14:58:24.880 [http-nio-8081-exec-2] DEBUG c.y.t.mapper.LifeRecordMapper.selectAllLifeRecord - <==      Total: 103
2020-12-06 14:58:24.897 [http-nio-8081-exec-2] DEBUG c.y.test.mapper.ActionRecordMapper.addActionRecord - ==>  Preparing: insert into action_record (id, action, actiontime, operator, service, recordid) values (?, ?, ?, ?, ?, ?)
2020-12-06 14:58:24.898 [http-nio-8081-exec-2] DEBUG c.y.test.mapper.ActionRecordMapper.addActionRecord - ==> Parameters: 0296835b-04af-475e-8957-3abffa33e5dd(String), SELECT(String), 2020-12-06 14:58:24(String), 李阳(String), 收支记录表(String), null
2020-12-06 14:58:24.903 [http-nio-8081-exec-2] DEBUG c.y.test.mapper.ActionRecordMapper.addActionRecord - <==    Updates: 1
2020-12-06 14:58:55.768 [http-nio-8081-exec-3] DEBUG c.yang.test.mapper.LifeRecordMapper.addLifeRecord - ==>  Preparing: insert into income_expenditure_record(id, produce_record_date, category_id, category, record_producer, money, first_add_date, last_update_date, remark, operator) values (?, ?, ?, ?, ?, ?, ?, ?, ?, ?)
2020-12-06 14:58:55.770 [http-nio-8081-exec-3] DEBUG c.yang.test.mapper.LifeRecordMapper.addLifeRecord - ==> Parameters: fedd95a0-899b-4f9f-a903-cdcd109df7ce(String), 2020-12-06 14:58:26(String), 5(Integer), 上课(String), 李阳(String), 200.0(Double), 2020-12-06 14:58:55(String), 2020-12-06 14:58:55(String), 还未结(String), (String)
2020-12-06 14:58:55.777 [http-nio-8081-exec-3] DEBUG c.yang.test.mapper.LifeRecordMapper.addLifeRecord - <==    Updates: 1
2020-12-06 14:58:55.779 [http-nio-8081-exec-3] DEBUG c.y.test.mapper.ActionRecordMapper.addActionRecord - ==>  Preparing: insert into action_record (id, action, actiontime, operator, service, recordid) values (?, ?, ?, ?, ?, ?)
2020-12-06 14:58:55.779 [http-nio-8081-exec-3] DEBUG c.y.test.mapper.ActionRecordMapper.addActionRecord - ==> Parameters: a40a5265-a236-462b-b85d-4282da4e7864(String), ADD(String), 2020-12-06 14:58:55(String), 李阳(String), 收支记录表(String), fedd95a0-899b-4f9f-a903-cdcd109df7ce(String)
2020-12-06 14:58:55.785 [http-nio-8081-exec-3] DEBUG c.y.test.mapper.ActionRecordMapper.addActionRecord - <==    Updates: 1
2020-12-06 14:58:56.034 [http-nio-8081-exec-4] DEBUG c.y.t.mapper.LifeRecordMapper.selectAllLifeRecord - ==>  Preparing: select * from record.income_expenditure_record
2020-12-06 14:58:56.034 [http-nio-8081-exec-4] DEBUG c.y.t.mapper.LifeRecordMapper.selectAllLifeRecord - ==> Parameters: 
2020-12-06 14:58:56.044 [http-nio-8081-exec-4] DEBUG c.y.t.mapper.LifeRecordMapper.selectAllLifeRecord - <==      Total: 104
2020-12-06 14:58:56.052 [http-nio-8081-exec-4] DEBUG c.y.test.mapper.ActionRecordMapper.addActionRecord - ==>  Preparing: insert into action_record (id, action, actiontime, operator, service, recordid) values (?, ?, ?, ?, ?, ?)
2020-12-06 14:58:56.052 [http-nio-8081-exec-4] DEBUG c.y.test.mapper.ActionRecordMapper.addActionRecord - ==> Parameters: 16256843-15fc-4d54-8b93-9df919d07672(String), SELECT(String), 2020-12-06 14:58:56(String), 李阳(String), 收支记录表(String), null
2020-12-06 14:58:56.060 [http-nio-8081-exec-4] DEBUG c.y.test.mapper.ActionRecordMapper.addActionRecord - <==    Updates: 1
2020-12-06 14:59:24.153 [http-nio-8081-exec-5] DEBUG c.yang.test.mapper.LifeRecordMapper.addLifeRecord - ==>  Preparing: insert into income_expenditure_record(id, produce_record_date, category_id, category, record_producer, money, first_add_date, last_update_date, remark, operator) values (?, ?, ?, ?, ?, ?, ?, ?, ?, ?)
2020-12-06 14:59:24.156 [http-nio-8081-exec-5] DEBUG c.yang.test.mapper.LifeRecordMapper.addLifeRecord - ==> Parameters: b93d3f12-7c09-46e3-bf97-e1d79e762850(String), 2020-12-05 14:58:59(String), 1(Integer), 超市(String), 李阳(String), -78.0(Double), 2020-12-06 14:59:24(String), 2020-12-06 14:59:24(String), (String), (String)
2020-12-06 14:59:24.161 [http-nio-8081-exec-5] DEBUG c.yang.test.mapper.LifeRecordMapper.addLifeRecord - <==    Updates: 1
2020-12-06 14:59:24.164 [http-nio-8081-exec-5] DEBUG c.y.test.mapper.ActionRecordMapper.addActionRecord - ==>  Preparing: insert into action_record (id, action, actiontime, operator, service, recordid) values (?, ?, ?, ?, ?, ?)
2020-12-06 14:59:24.165 [http-nio-8081-exec-5] DEBUG c.y.test.mapper.ActionRecordMapper.addActionRecord - ==> Parameters: 70f4f682-d49f-476d-9fc2-39967397fd38(String), ADD(String), 2020-12-06 14:59:24(String), 李阳(String), 收支记录表(String), b93d3f12-7c09-46e3-bf97-e1d79e762850(String)
2020-12-06 14:59:24.170 [http-nio-8081-exec-5] DEBUG c.y.test.mapper.ActionRecordMapper.addActionRecord - <==    Updates: 1
2020-12-06 14:59:24.426 [http-nio-8081-exec-6] DEBUG c.y.t.mapper.LifeRecordMapper.selectAllLifeRecord - ==>  Preparing: select * from record.income_expenditure_record
2020-12-06 14:59:24.427 [http-nio-8081-exec-6] DEBUG c.y.t.mapper.LifeRecordMapper.selectAllLifeRecord - ==> Parameters: 
2020-12-06 14:59:24.433 [http-nio-8081-exec-6] DEBUG c.y.t.mapper.LifeRecordMapper.selectAllLifeRecord - <==      Total: 105
2020-12-06 14:59:24.445 [http-nio-8081-exec-6] DEBUG c.y.test.mapper.ActionRecordMapper.addActionRecord - ==>  Preparing: insert into action_record (id, action, actiontime, operator, service, recordid) values (?, ?, ?, ?, ?, ?)
2020-12-06 14:59:24.451 [http-nio-8081-exec-6] DEBUG c.y.test.mapper.ActionRecordMapper.addActionRecord - ==> Parameters: a5fe3f1f-bfcb-48a1-95ab-c28ffc20dd88(String), SELECT(String), 2020-12-06 14:59:24(String), 李阳(String), 收支记录表(String), null
2020-12-06 14:59:24.456 [http-nio-8081-exec-6] DEBUG c.y.test.mapper.ActionRecordMapper.addActionRecord - <==    Updates: 1
2020-12-06 15:00:35.050 [http-nio-8081-exec-8] DEBUG c.yang.test.mapper.LifeRecordMapper.addLifeRecord - ==>  Preparing: insert into income_expenditure_record(id, produce_record_date, category_id, category, record_producer, money, first_add_date, last_update_date, remark, operator) values (?, ?, ?, ?, ?, ?, ?, ?, ?, ?)
2020-12-06 15:00:35.051 [http-nio-8081-exec-8] DEBUG c.yang.test.mapper.LifeRecordMapper.addLifeRecord - ==> Parameters: 582b82f7-0f19-46d7-8ae5-81fbc4e2bb86(String), 2020-12-05 16:59:27(String), 7(Integer), 其他(String), 李阳(String), -260.0(Double), 2020-12-06 15:00:35(String), 2020-12-06 15:00:35(String), 鞋子+衣服   我的(String), (String)
2020-12-06 15:00:35.061 [http-nio-8081-exec-8] DEBUG c.yang.test.mapper.LifeRecordMapper.addLifeRecord - <==    Updates: 1
2020-12-06 15:00:35.063 [http-nio-8081-exec-8] DEBUG c.y.test.mapper.ActionRecordMapper.addActionRecord - ==>  Preparing: insert into action_record (id, action, actiontime, operator, service, recordid) values (?, ?, ?, ?, ?, ?)
2020-12-06 15:00:35.064 [http-nio-8081-exec-8] DEBUG c.y.test.mapper.ActionRecordMapper.addActionRecord - ==> Parameters: 41d3eff7-7d94-4173-9d06-9272e498be81(String), ADD(String), 2020-12-06 15:00:35(String), 李阳(String), 收支记录表(String), 582b82f7-0f19-46d7-8ae5-81fbc4e2bb86(String)
2020-12-06 15:00:35.068 [http-nio-8081-exec-8] DEBUG c.y.test.mapper.ActionRecordMapper.addActionRecord - <==    Updates: 1
2020-12-06 15:00:35.313 [http-nio-8081-exec-7] DEBUG c.y.t.mapper.LifeRecordMapper.selectAllLifeRecord - ==>  Preparing: select * from record.income_expenditure_record
2020-12-06 15:00:35.313 [http-nio-8081-exec-7] DEBUG c.y.t.mapper.LifeRecordMapper.selectAllLifeRecord - ==> Parameters: 
2020-12-06 15:00:35.320 [http-nio-8081-exec-7] DEBUG c.y.t.mapper.LifeRecordMapper.selectAllLifeRecord - <==      Total: 106
2020-12-06 15:00:35.328 [http-nio-8081-exec-7] DEBUG c.y.test.mapper.ActionRecordMapper.addActionRecord - ==>  Preparing: insert into action_record (id, action, actiontime, operator, service, recordid) values (?, ?, ?, ?, ?, ?)
2020-12-06 15:00:35.329 [http-nio-8081-exec-7] DEBUG c.y.test.mapper.ActionRecordMapper.addActionRecord - ==> Parameters: 1e4dc386-e03f-4bf0-9748-f15b809c3a90(String), SELECT(String), 2020-12-06 15:00:35(String), 李阳(String), 收支记录表(String), null
2020-12-06 15:00:35.332 [http-nio-8081-exec-7] DEBUG c.y.test.mapper.ActionRecordMapper.addActionRecord - <==    Updates: 1
2020-12-06 15:26:52.152 [http-nio-8081-exec-9] DEBUG c.y.t.m.XiYaoPersonMapper.selectAllXiYaoPerson - ==>  Preparing: select * from record.xiyao_village_person ORDER BY xiyao_village_person.headhousehold
2020-12-06 15:26:52.158 [http-nio-8081-exec-9] DEBUG c.y.t.m.XiYaoPersonMapper.selectAllXiYaoPerson - ==> Parameters: 
2020-12-06 15:26:52.179 [http-nio-8081-exec-9] DEBUG c.y.t.m.XiYaoPersonMapper.selectAllXiYaoPerson - <==      Total: 4
2020-12-06 15:26:52.182 [http-nio-8081-exec-9] DEBUG c.y.test.mapper.ActionRecordMapper.addActionRecord - ==>  Preparing: insert into action_record (id, action, actiontime, operator, service, recordid) values (?, ?, ?, ?, ?, ?)
2020-12-06 15:26:52.182 [http-nio-8081-exec-9] DEBUG c.y.test.mapper.ActionRecordMapper.addActionRecord - ==> Parameters: cba70bb8-3583-4371-896a-b3bf0ccd81fd(String), SELECT(String), 2020-12-06 15:26:52(String), 李阳(String), 西姚花名册记录表(String), null
2020-12-06 15:26:52.187 [http-nio-8081-exec-9] DEBUG c.y.test.mapper.ActionRecordMapper.addActionRecord - <==    Updates: 1
2020-12-06 15:26:52.804 [http-nio-8081-exec-10] DEBUG c.y.t.mapper.LifeRecordMapper.selectAllLifeRecord - ==>  Preparing: select * from record.income_expenditure_record
2020-12-06 15:26:52.805 [http-nio-8081-exec-10] DEBUG c.y.t.mapper.LifeRecordMapper.selectAllLifeRecord - ==> Parameters: 
2020-12-06 15:26:52.811 [http-nio-8081-exec-10] DEBUG c.y.t.mapper.LifeRecordMapper.selectAllLifeRecord - <==      Total: 106
2020-12-06 15:26:52.819 [http-nio-8081-exec-10] DEBUG c.y.test.mapper.ActionRecordMapper.addActionRecord - ==>  Preparing: insert into action_record (id, action, actiontime, operator, service, recordid) values (?, ?, ?, ?, ?, ?)
2020-12-06 15:26:52.820 [http-nio-8081-exec-10] DEBUG c.y.test.mapper.ActionRecordMapper.addActionRecord - ==> Parameters: 66d87e46-1375-4b59-b66c-70cee41f7dda(String), SELECT(String), 2020-12-06 15:26:52(String), 李阳(String), 收支记录表(String), null
2020-12-06 15:26:52.824 [http-nio-8081-exec-10] DEBUG c.y.test.mapper.ActionRecordMapper.addActionRecord - <==    Updates: 1
2020-12-06 15:26:53.435 [http-nio-8081-exec-1] DEBUG com.yang.test.mapper.UserMapper.findAllUsers - ==>  Preparing: select * from user
2020-12-06 15:26:53.436 [http-nio-8081-exec-1] DEBUG com.yang.test.mapper.UserMapper.findAllUsers - ==> Parameters: 
2020-12-06 15:26:53.438 [http-nio-8081-exec-1] DEBUG com.yang.test.mapper.UserMapper.findAllUsers - <==      Total: 3
2020-12-06 15:26:53.477 [http-nio-8081-exec-1] DEBUG c.y.test.mapper.ActionRecordMapper.addActionRecord - ==>  Preparing: insert into action_record (id, action, actiontime, operator, service, recordid) values (?, ?, ?, ?, ?, ?)
2020-12-06 15:26:53.477 [http-nio-8081-exec-1] DEBUG c.y.test.mapper.ActionRecordMapper.addActionRecord - ==> Parameters: 9cdd60b6-932a-4e71-bb7f-a3035738e294(String), SELECT(String), 2020-12-06 15:26:53(String), 李阳(String), 用户记录表(String), null
2020-12-06 15:26:53.482 [http-nio-8081-exec-1] DEBUG c.y.test.mapper.ActionRecordMapper.addActionRecord - <==    Updates: 1
2020-12-06 15:26:55.712 [http-nio-8081-exec-2] DEBUG com.yang.test.mapper.UserMapper.findAllUsers - ==>  Preparing: select * from user
2020-12-06 15:26:55.713 [http-nio-8081-exec-2] DEBUG com.yang.test.mapper.UserMapper.findAllUsers - ==> Parameters: 
2020-12-06 15:26:55.716 [http-nio-8081-exec-2] DEBUG com.yang.test.mapper.UserMapper.findAllUsers - <==      Total: 3
2020-12-06 15:26:55.719 [http-nio-8081-exec-2] DEBUG com.yang.test.mapper.UserMapper.login - ==>  Preparing: select * from user where username = ? and userpassword = ?
2020-12-06 15:26:55.720 [http-nio-8081-exec-2] DEBUG com.yang.test.mapper.UserMapper.login - ==> Parameters: a(String), a(String)
2020-12-06 15:26:55.723 [http-nio-8081-exec-2] DEBUG com.yang.test.mapper.UserMapper.login - <==      Total: 1
2020-12-06 15:26:55.724 [http-nio-8081-exec-2] DEBUG c.y.test.mapper.ActionRecordMapper.addActionRecord - ==>  Preparing: insert into action_record (id, action, actiontime, operator, service, recordid) values (?, ?, ?, ?, ?, ?)
2020-12-06 15:26:55.725 [http-nio-8081-exec-2] DEBUG c.y.test.mapper.ActionRecordMapper.addActionRecord - ==> Parameters: f3a3a6f6-3a72-4655-81e0-51f9e3a8bde4(String), LOGIN(String), 2020-12-06 15:26:55(String), 李阳(String), 用户记录表(String), null
2020-12-06 15:26:55.729 [http-nio-8081-exec-2] DEBUG c.y.test.mapper.ActionRecordMapper.addActionRecord - <==    Updates: 1
2020-12-06 15:26:56.160 [http-nio-8081-exec-3] DEBUG c.y.t.mapper.OilRecordMapper.selectAllOilRecords - ==>  Preparing: select * from oil_record
2020-12-06 15:26:56.160 [http-nio-8081-exec-3] DEBUG c.y.t.mapper.OilRecordMapper.selectAllOilRecords - ==> Parameters: 
2020-12-06 15:26:56.166 [http-nio-8081-exec-3] DEBUG c.y.t.mapper.OilRecordMapper.selectAllOilRecords - <==      Total: 45
2020-12-06 15:26:56.168 [http-nio-8081-exec-3] DEBUG c.y.test.mapper.ActionRecordMapper.addActionRecord - ==>  Preparing: insert into action_record (id, action, actiontime, operator, service, recordid) values (?, ?, ?, ?, ?, ?)
2020-12-06 15:26:56.169 [http-nio-8081-exec-3] DEBUG c.y.test.mapper.ActionRecordMapper.addActionRecord - ==> Parameters: ab13af9b-dc57-4b10-b37e-34948a67fff5(String), SELECT(String), 2020-12-06 15:26:56(String), 李阳(String), 加油记录表(String), null
2020-12-06 15:26:56.173 [http-nio-8081-exec-3] DEBUG c.y.test.mapper.ActionRecordMapper.addActionRecord - <==    Updates: 1
2020-12-06 15:26:56.975 [http-nio-8081-exec-4] DEBUG c.y.t.mapper.LifeRecordMapper.selectAllLifeRecord - ==>  Preparing: select * from record.income_expenditure_record
2020-12-06 15:26:56.976 [http-nio-8081-exec-4] DEBUG c.y.t.mapper.LifeRecordMapper.selectAllLifeRecord - ==> Parameters: 
2020-12-06 15:26:56.982 [http-nio-8081-exec-4] DEBUG c.y.t.mapper.LifeRecordMapper.selectAllLifeRecord - <==      Total: 106
2020-12-06 15:26:56.991 [http-nio-8081-exec-4] DEBUG c.y.test.mapper.ActionRecordMapper.addActionRecord - ==>  Preparing: insert into action_record (id, action, actiontime, operator, service, recordid) values (?, ?, ?, ?, ?, ?)
2020-12-06 15:26:56.992 [http-nio-8081-exec-4] DEBUG c.y.test.mapper.ActionRecordMapper.addActionRecord - ==> Parameters: 2ed0ea0b-8cd1-413e-8390-045d6725b02a(String), SELECT(String), 2020-12-06 15:26:56(String), 李阳(String), 收支记录表(String), null
2020-12-06 15:26:56.996 [http-nio-8081-exec-4] DEBUG c.y.test.mapper.ActionRecordMapper.addActionRecord - <==    Updates: 1
2020-12-06 15:26:57.550 [http-nio-8081-exec-5] DEBUG c.y.test.mapper.ActionRecordMapper.addActionRecord - ==>  Preparing: insert into action_record (id, action, actiontime, operator, service, recordid) values (?, ?, ?, ?, ?, ?)
2020-12-06 15:26:57.550 [http-nio-8081-exec-5] DEBUG c.y.test.mapper.ActionRecordMapper.addActionRecord - ==> Parameters: 7110fcd1-aba8-44e3-95b6-328171ce0f47(String), SELECT(String), 2020-12-06 15:26:57(String), 李阳(String), 用户记录表(String), null
2020-12-06 15:26:57.554 [http-nio-8081-exec-5] DEBUG c.y.test.mapper.ActionRecordMapper.addActionRecord - <==    Updates: 1
2020-12-06 15:26:58.073 [http-nio-8081-exec-6] DEBUG c.y.t.m.XiYaoPersonMapper.selectAllXiYaoPerson - ==>  Preparing: select * from record.xiyao_village_person ORDER BY xiyao_village_person.headhousehold
2020-12-06 15:26:58.074 [http-nio-8081-exec-6] DEBUG c.y.t.m.XiYaoPersonMapper.selectAllXiYaoPerson - ==> Parameters: 
2020-12-06 15:26:58.077 [http-nio-8081-exec-6] DEBUG c.y.t.m.XiYaoPersonMapper.selectAllXiYaoPerson - <==      Total: 4
2020-12-06 15:26:58.079 [http-nio-8081-exec-6] DEBUG c.y.test.mapper.ActionRecordMapper.addActionRecord - ==>  Preparing: insert into action_record (id, action, actiontime, operator, service, recordid) values (?, ?, ?, ?, ?, ?)
2020-12-06 15:26:58.079 [http-nio-8081-exec-6] DEBUG c.y.test.mapper.ActionRecordMapper.addActionRecord - ==> Parameters: 019a5dfc-e3c2-4f91-b867-8e1540ec7250(String), SELECT(String), 2020-12-06 15:26:58(String), 李阳(String), 西姚花名册记录表(String), null
2020-12-06 15:26:58.082 [http-nio-8081-exec-6] DEBUG c.y.test.mapper.ActionRecordMapper.addActionRecord - <==    Updates: 1
2020-12-06 15:26:58.549 [http-nio-8081-exec-8] DEBUG c.y.t.mapper.LifeRecordMapper.selectAllLifeRecord - ==>  Preparing: select * from record.income_expenditure_record
2020-12-06 15:26:58.549 [http-nio-8081-exec-8] DEBUG c.y.t.mapper.LifeRecordMapper.selectAllLifeRecord - ==> Parameters: 
2020-12-06 15:26:58.557 [http-nio-8081-exec-8] DEBUG c.y.t.mapper.LifeRecordMapper.selectAllLifeRecord - <==      Total: 106
2020-12-06 15:26:58.563 [http-nio-8081-exec-8] DEBUG c.y.test.mapper.ActionRecordMapper.addActionRecord - ==>  Preparing: insert into action_record (id, action, actiontime, operator, service, recordid) values (?, ?, ?, ?, ?, ?)
2020-12-06 15:26:58.563 [http-nio-8081-exec-8] DEBUG c.y.test.mapper.ActionRecordMapper.addActionRecord - ==> Parameters: a5b59844-3a14-4650-ae6e-75d1e109e1c7(String), SELECT(String), 2020-12-06 15:26:58(String), 李阳(String), 收支记录表(String), null
2020-12-06 15:26:58.566 [http-nio-8081-exec-8] DEBUG c.y.test.mapper.ActionRecordMapper.addActionRecord - <==    Updates: 1
2020-12-06 15:26:58.948 [http-nio-8081-exec-7] DEBUG c.y.test.mapper.ActionRecordMapper.addActionRecord - ==>  Preparing: insert into action_record (id, action, actiontime, operator, service, recordid) values (?, ?, ?, ?, ?, ?)
2020-12-06 15:26:58.950 [http-nio-8081-exec-7] DEBUG c.y.test.mapper.ActionRecordMapper.addActionRecord - ==> Parameters: 9d8c75ae-2b81-454a-a332-d179c2194b7d(String), SELECT(String), 2020-12-06 15:26:58(String), 李阳(String), 用户记录表(String), null
2020-12-06 15:26:58.957 [http-nio-8081-exec-7] DEBUG c.y.test.mapper.ActionRecordMapper.addActionRecord - <==    Updates: 1
2020-12-06 15:26:59.463 [http-nio-8081-exec-9] DEBUG c.y.test.mapper.PrintIncomeMapper.selectAllRecords - ==>  Preparing: select * from print_income_record
2020-12-06 15:26:59.470 [http-nio-8081-exec-9] DEBUG c.y.test.mapper.PrintIncomeMapper.selectAllRecords - ==> Parameters: 
2020-12-06 15:26:59.497 [http-nio-8081-exec-9] DEBUG c.y.test.mapper.PrintIncomeMapper.selectAllRecords - <==      Total: 113
2020-12-06 15:26:59.506 [http-nio-8081-exec-9] DEBUG c.y.test.mapper.ActionRecordMapper.addActionRecord - ==>  Preparing: insert into action_record (id, action, actiontime, operator, service, recordid) values (?, ?, ?, ?, ?, ?)
2020-12-06 15:26:59.507 [http-nio-8081-exec-9] DEBUG c.y.test.mapper.ActionRecordMapper.addActionRecord - ==> Parameters: 1a2094a0-4f43-4e5e-8b61-40e769579bab(String), SELECT(String), 2020-12-06 15:26:59(String), 李阳(String), 打印收入记录表(String), null
2020-12-06 15:26:59.513 [http-nio-8081-exec-9] DEBUG c.y.test.mapper.ActionRecordMapper.addActionRecord - <==    Updates: 1
2020-12-06 15:26:59.779 [http-nio-8081-exec-10] DEBUG c.y.t.m.XiYaoPersonMapper.selectAllXiYaoPerson - ==>  Preparing: select * from record.xiyao_village_person ORDER BY xiyao_village_person.headhousehold
2020-12-06 15:26:59.780 [http-nio-8081-exec-10] DEBUG c.y.t.m.XiYaoPersonMapper.selectAllXiYaoPerson - ==> Parameters: 
2020-12-06 15:26:59.781 [http-nio-8081-exec-10] DEBUG c.y.t.m.XiYaoPersonMapper.selectAllXiYaoPerson - <==      Total: 4
2020-12-06 15:26:59.782 [http-nio-8081-exec-10] DEBUG c.y.test.mapper.ActionRecordMapper.addActionRecord - ==>  Preparing: insert into action_record (id, action, actiontime, operator, service, recordid) values (?, ?, ?, ?, ?, ?)
2020-12-06 15:26:59.783 [http-nio-8081-exec-10] DEBUG c.y.test.mapper.ActionRecordMapper.addActionRecord - ==> Parameters: d28603b7-0429-45db-8517-2c01d2edd076(String), SELECT(String), 2020-12-06 15:26:59(String), 李阳(String), 西姚花名册记录表(String), null
2020-12-06 15:26:59.787 [http-nio-8081-exec-10] DEBUG c.y.test.mapper.ActionRecordMapper.addActionRecord - <==    Updates: 1
2020-12-06 15:27:00.154 [http-nio-8081-exec-1] DEBUG c.y.t.mapper.LifeRecordMapper.selectAllLifeRecord - ==>  Preparing: select * from record.income_expenditure_record
2020-12-06 15:27:00.154 [http-nio-8081-exec-1] DEBUG c.y.t.mapper.LifeRecordMapper.selectAllLifeRecord - ==> Parameters: 
2020-12-06 15:27:00.160 [http-nio-8081-exec-1] DEBUG c.y.t.mapper.LifeRecordMapper.selectAllLifeRecord - <==      Total: 106
2020-12-06 15:27:00.168 [http-nio-8081-exec-1] DEBUG c.y.test.mapper.ActionRecordMapper.addActionRecord - ==>  Preparing: insert into action_record (id, action, actiontime, operator, service, recordid) values (?, ?, ?, ?, ?, ?)
2020-12-06 15:27:00.168 [http-nio-8081-exec-1] DEBUG c.y.test.mapper.ActionRecordMapper.addActionRecord - ==> Parameters: a415a028-77d6-4bfd-ba85-8de09be98345(String), SELECT(String), 2020-12-06 15:27:00(String), 李阳(String), 收支记录表(String), null
2020-12-06 15:27:00.173 [http-nio-8081-exec-1] DEBUG c.y.test.mapper.ActionRecordMapper.addActionRecord - <==    Updates: 1
2020-12-06 15:27:00.445 [http-nio-8081-exec-2] DEBUG c.y.test.mapper.ActionRecordMapper.addActionRecord - ==>  Preparing: insert into action_record (id, action, actiontime, operator, service, recordid) values (?, ?, ?, ?, ?, ?)
2020-12-06 15:27:00.445 [http-nio-8081-exec-2] DEBUG c.y.test.mapper.ActionRecordMapper.addActionRecord - ==> Parameters: 1df8b045-9484-456a-af98-fbfa964fb93d(String), SELECT(String), 2020-12-06 15:27:00(String), 李阳(String), 用户记录表(String), null
2020-12-06 15:27:00.449 [http-nio-8081-exec-2] DEBUG c.y.test.mapper.ActionRecordMapper.addActionRecord - <==    Updates: 1
2020-12-06 17:21:44.148 [http-nio-8081-exec-3] DEBUG com.yang.test.mapper.UserMapper.findAllUsers - ==>  Preparing: select * from user
2020-12-06 17:21:44.153 [http-nio-8081-exec-3] DEBUG com.yang.test.mapper.UserMapper.findAllUsers - ==> Parameters: 
2020-12-06 17:21:44.166 [http-nio-8081-exec-3] DEBUG com.yang.test.mapper.UserMapper.findAllUsers - <==      Total: 3
2020-12-06 17:21:44.169 [http-nio-8081-exec-3] DEBUG com.yang.test.mapper.UserMapper.login - ==>  Preparing: select * from user where username = ? and userpassword = ?
2020-12-06 17:21:44.170 [http-nio-8081-exec-3] DEBUG com.yang.test.mapper.UserMapper.login - ==> Parameters: a(String), a(String)
2020-12-06 17:21:44.173 [http-nio-8081-exec-3] DEBUG com.yang.test.mapper.UserMapper.login - <==      Total: 1
2020-12-06 17:21:44.177 [http-nio-8081-exec-3] DEBUG c.y.test.mapper.ActionRecordMapper.addActionRecord - ==>  Preparing: insert into action_record (id, action, actiontime, operator, service, recordid) values (?, ?, ?, ?, ?, ?)
2020-12-06 17:21:44.178 [http-nio-8081-exec-3] DEBUG c.y.test.mapper.ActionRecordMapper.addActionRecord - ==> Parameters: de0b298d-4bde-4932-97e5-c9bdfbf59963(String), LOGIN(String), 2020-12-06 17:21:44(String), 李阳(String), 用户记录表(String), null
2020-12-06 17:21:44.184 [http-nio-8081-exec-3] DEBUG c.y.test.mapper.ActionRecordMapper.addActionRecord - <==    Updates: 1
2020-12-06 17:21:44.395 [http-nio-8081-exec-4] DEBUG c.y.t.mapper.OilRecordMapper.selectAllOilRecords - ==>  Preparing: select * from oil_record
2020-12-06 17:21:44.396 [http-nio-8081-exec-4] DEBUG c.y.t.mapper.OilRecordMapper.selectAllOilRecords - ==> Parameters: 
2020-12-06 17:21:44.403 [http-nio-8081-exec-4] DEBUG c.y.t.mapper.OilRecordMapper.selectAllOilRecords - <==      Total: 45
2020-12-06 17:21:44.408 [http-nio-8081-exec-4] DEBUG c.y.test.mapper.ActionRecordMapper.addActionRecord - ==>  Preparing: insert into action_record (id, action, actiontime, operator, service, recordid) values (?, ?, ?, ?, ?, ?)
2020-12-06 17:21:44.409 [http-nio-8081-exec-4] DEBUG c.y.test.mapper.ActionRecordMapper.addActionRecord - ==> Parameters: 8d6b4ff4-2ee5-4996-92bf-618dd65d0f27(String), SELECT(String), 2020-12-06 17:21:44(String), 李阳(String), 加油记录表(String), null
2020-12-06 17:21:44.414 [http-nio-8081-exec-4] DEBUG c.y.test.mapper.ActionRecordMapper.addActionRecord - <==    Updates: 1
2020-12-06 17:21:45.716 [http-nio-8081-exec-5] DEBUG com.yang.test.mapper.UserMapper.findAllUsers - ==>  Preparing: select * from user
2020-12-06 17:21:45.717 [http-nio-8081-exec-5] DEBUG com.yang.test.mapper.UserMapper.findAllUsers - ==> Parameters: 
2020-12-06 17:21:45.719 [http-nio-8081-exec-5] DEBUG com.yang.test.mapper.UserMapper.findAllUsers - <==      Total: 3
2020-12-06 17:21:45.744 [http-nio-8081-exec-5] DEBUG c.y.test.mapper.ActionRecordMapper.addActionRecord - ==>  Preparing: insert into action_record (id, action, actiontime, operator, service, recordid) values (?, ?, ?, ?, ?, ?)
2020-12-06 17:21:45.744 [http-nio-8081-exec-5] DEBUG c.y.test.mapper.ActionRecordMapper.addActionRecord - ==> Parameters: 57088fba-e4b6-48cc-a78d-2cb2a874a2c7(String), SELECT(String), 2020-12-06 17:21:45(String), 李阳(String), 用户记录表(String), null
2020-12-06 17:21:45.748 [http-nio-8081-exec-5] DEBUG c.y.test.mapper.ActionRecordMapper.addActionRecord - <==    Updates: 1
2020-12-06 17:21:46.089 [http-nio-8081-exec-6] DEBUG c.y.t.mapper.LifeRecordMapper.selectAllLifeRecord - ==>  Preparing: select * from record.income_expenditure_record
2020-12-06 17:21:46.090 [http-nio-8081-exec-6] DEBUG c.y.t.mapper.LifeRecordMapper.selectAllLifeRecord - ==> Parameters: 
2020-12-06 17:21:46.099 [http-nio-8081-exec-6] DEBUG c.y.t.mapper.LifeRecordMapper.selectAllLifeRecord - <==      Total: 106
2020-12-06 17:21:46.108 [http-nio-8081-exec-6] DEBUG c.y.test.mapper.ActionRecordMapper.addActionRecord - ==>  Preparing: insert into action_record (id, action, actiontime, operator, service, recordid) values (?, ?, ?, ?, ?, ?)
2020-12-06 17:21:46.109 [http-nio-8081-exec-6] DEBUG c.y.test.mapper.ActionRecordMapper.addActionRecord - ==> Parameters: b12279e7-ca93-4077-9692-15056e8c4b12(String), SELECT(String), 2020-12-06 17:21:46(String), 李阳(String), 收支记录表(String), null
2020-12-06 17:21:46.113 [http-nio-8081-exec-6] DEBUG c.y.test.mapper.ActionRecordMapper.addActionRecord - <==    Updates: 1
2020-12-06 17:21:46.616 [http-nio-8081-exec-8] DEBUG c.y.t.m.XiYaoPersonMapper.selectAllXiYaoPerson - ==>  Preparing: select * from record.xiyao_village_person ORDER BY xiyao_village_person.headhousehold
2020-12-06 17:21:46.617 [http-nio-8081-exec-8] DEBUG c.y.t.m.XiYaoPersonMapper.selectAllXiYaoPerson - ==> Parameters: 
2020-12-06 17:21:46.631 [http-nio-8081-exec-8] DEBUG c.y.t.m.XiYaoPersonMapper.selectAllXiYaoPerson - <==      Total: 4
2020-12-06 17:21:46.632 [http-nio-8081-exec-8] DEBUG c.y.test.mapper.ActionRecordMapper.addActionRecord - ==>  Preparing: insert into action_record (id, action, actiontime, operator, service, recordid) values (?, ?, ?, ?, ?, ?)
2020-12-06 17:21:46.633 [http-nio-8081-exec-8] DEBUG c.y.test.mapper.ActionRecordMapper.addActionRecord - ==> Parameters: 5b5943d5-7da2-4858-8cee-2eb338fcb8bb(String), SELECT(String), 2020-12-06 17:21:46(String), 李阳(String), 西姚花名册记录表(String), null
2020-12-06 17:21:46.637 [http-nio-8081-exec-8] DEBUG c.y.test.mapper.ActionRecordMapper.addActionRecord - <==    Updates: 1
2020-12-06 17:21:47.039 [http-nio-8081-exec-7] DEBUG c.y.test.mapper.PrintIncomeMapper.selectAllRecords - ==>  Preparing: select * from print_income_record
2020-12-06 17:21:47.040 [http-nio-8081-exec-7] DEBUG c.y.test.mapper.PrintIncomeMapper.selectAllRecords - ==> Parameters: 
2020-12-06 17:21:47.051 [http-nio-8081-exec-7] DEBUG c.y.test.mapper.PrintIncomeMapper.selectAllRecords - <==      Total: 113
2020-12-06 17:21:47.063 [http-nio-8081-exec-7] DEBUG c.y.test.mapper.ActionRecordMapper.addActionRecord - ==>  Preparing: insert into action_record (id, action, actiontime, operator, service, recordid) values (?, ?, ?, ?, ?, ?)
2020-12-06 17:21:47.064 [http-nio-8081-exec-7] DEBUG c.y.test.mapper.ActionRecordMapper.addActionRecord - ==> Parameters: 376da960-5bcb-4125-8fcc-61e9ad2c71f5(String), SELECT(String), 2020-12-06 17:21:47(String), 李阳(String), 打印收入记录表(String), null
2020-12-06 17:21:47.070 [http-nio-8081-exec-7] DEBUG c.y.test.mapper.ActionRecordMapper.addActionRecord - <==    Updates: 1
2020-12-06 17:21:47.577 [http-nio-8081-exec-9] DEBUG c.y.t.mapper.OilRecordMapper.selectAllOilRecords - ==>  Preparing: select * from oil_record
2020-12-06 17:21:47.580 [http-nio-8081-exec-9] DEBUG c.y.t.mapper.OilRecordMapper.selectAllOilRecords - ==> Parameters: 
2020-12-06 17:21:47.587 [http-nio-8081-exec-9] DEBUG c.y.t.mapper.OilRecordMapper.selectAllOilRecords - <==      Total: 45
2020-12-06 17:21:47.591 [http-nio-8081-exec-9] DEBUG c.y.test.mapper.ActionRecordMapper.addActionRecord - ==>  Preparing: insert into action_record (id, action, actiontime, operator, service, recordid) values (?, ?, ?, ?, ?, ?)
2020-12-06 17:21:47.591 [http-nio-8081-exec-9] DEBUG c.y.test.mapper.ActionRecordMapper.addActionRecord - ==> Parameters: e14d7f1b-3814-45e9-9a4d-11e2d2aefe78(String), SELECT(String), 2020-12-06 17:21:47(String), 李阳(String), 加油记录表(String), null
2020-12-06 17:21:47.599 [http-nio-8081-exec-9] DEBUG c.y.test.mapper.ActionRecordMapper.addActionRecord - <==    Updates: 1
2020-12-06 17:21:47.904 [http-nio-8081-exec-10] DEBUG c.y.test.mapper.PrintIncomeMapper.selectAllRecords - ==>  Preparing: select * from print_income_record
2020-12-06 17:21:47.904 [http-nio-8081-exec-10] DEBUG c.y.test.mapper.PrintIncomeMapper.selectAllRecords - ==> Parameters: 
2020-12-06 17:21:47.910 [http-nio-8081-exec-10] DEBUG c.y.test.mapper.PrintIncomeMapper.selectAllRecords - <==      Total: 113
2020-12-06 17:21:47.918 [http-nio-8081-exec-10] DEBUG c.y.test.mapper.ActionRecordMapper.addActionRecord - ==>  Preparing: insert into action_record (id, action, actiontime, operator, service, recordid) values (?, ?, ?, ?, ?, ?)
2020-12-06 17:21:47.919 [http-nio-8081-exec-10] DEBUG c.y.test.mapper.ActionRecordMapper.addActionRecord - ==> Parameters: 84cfe878-9fde-49b2-9abd-50dde33586ca(String), SELECT(String), 2020-12-06 17:21:47(String), 李阳(String), 打印收入记录表(String), null
2020-12-06 17:21:47.923 [http-nio-8081-exec-10] DEBUG c.y.test.mapper.ActionRecordMapper.addActionRecord - <==    Updates: 1
2020-12-06 17:21:48.160 [http-nio-8081-exec-1] DEBUG c.y.t.m.XiYaoPersonMapper.selectAllXiYaoPerson - ==>  Preparing: select * from record.xiyao_village_person ORDER BY xiyao_village_person.headhousehold
2020-12-06 17:21:48.160 [http-nio-8081-exec-1] DEBUG c.y.t.m.XiYaoPersonMapper.selectAllXiYaoPerson - ==> Parameters: 
2020-12-06 17:21:48.164 [http-nio-8081-exec-1] DEBUG c.y.t.m.XiYaoPersonMapper.selectAllXiYaoPerson - <==      Total: 4
2020-12-06 17:21:48.167 [http-nio-8081-exec-1] DEBUG c.y.test.mapper.ActionRecordMapper.addActionRecord - ==>  Preparing: insert into action_record (id, action, actiontime, operator, service, recordid) values (?, ?, ?, ?, ?, ?)
2020-12-06 17:21:48.168 [http-nio-8081-exec-1] DEBUG c.y.test.mapper.ActionRecordMapper.addActionRecord - ==> Parameters: 77df2f60-d6f4-4989-875e-29225aae0e84(String), SELECT(String), 2020-12-06 17:21:48(String), 李阳(String), 西姚花名册记录表(String), null
2020-12-06 17:21:48.172 [http-nio-8081-exec-1] DEBUG c.y.test.mapper.ActionRecordMapper.addActionRecord - <==    Updates: 1
2020-12-06 17:21:48.597 [http-nio-8081-exec-2] DEBUG c.y.t.mapper.LifeRecordMapper.selectAllLifeRecord - ==>  Preparing: select * from record.income_expenditure_record
2020-12-06 17:21:48.598 [http-nio-8081-exec-2] DEBUG c.y.t.mapper.LifeRecordMapper.selectAllLifeRecord - ==> Parameters: 
2020-12-06 17:21:48.605 [http-nio-8081-exec-2] DEBUG c.y.t.mapper.LifeRecordMapper.selectAllLifeRecord - <==      Total: 106
2020-12-06 17:21:48.614 [http-nio-8081-exec-2] DEBUG c.y.test.mapper.ActionRecordMapper.addActionRecord - ==>  Preparing: insert into action_record (id, action, actiontime, operator, service, recordid) values (?, ?, ?, ?, ?, ?)
2020-12-06 17:21:48.615 [http-nio-8081-exec-2] DEBUG c.y.test.mapper.ActionRecordMapper.addActionRecord - ==> Parameters: 2edbaa4a-7e84-467b-935d-3a62a35dbea6(String), SELECT(String), 2020-12-06 17:21:48(String), 李阳(String), 收支记录表(String), null
2020-12-06 17:21:48.619 [http-nio-8081-exec-2] DEBUG c.y.test.mapper.ActionRecordMapper.addActionRecord - <==    Updates: 1
2020-12-06 17:21:49.713 [http-nio-8081-exec-3] DEBUG c.y.test.mapper.ActionRecordMapper.addActionRecord - ==>  Preparing: insert into action_record (id, action, actiontime, operator, service, recordid) values (?, ?, ?, ?, ?, ?)
2020-12-06 17:21:49.715 [http-nio-8081-exec-3] DEBUG c.y.test.mapper.ActionRecordMapper.addActionRecord - ==> Parameters: 594d1f15-65f4-4467-b2c2-8e4d52f2f186(String), SELECT(String), 2020-12-06 17:21:49(String), 李阳(String), 用户记录表(String), null
2020-12-06 17:21:49.722 [http-nio-8081-exec-3] DEBUG c.y.test.mapper.ActionRecordMapper.addActionRecord - <==    Updates: 1
2020-12-06 18:36:10.078 [http-nio-8081-exec-4] DEBUG c.y.t.mapper.LifeRecordMapper.selectAllLifeRecord - ==>  Preparing: select * from record.income_expenditure_record
2020-12-06 18:36:10.081 [http-nio-8081-exec-4] DEBUG c.y.t.mapper.LifeRecordMapper.selectAllLifeRecord - ==> Parameters: 
2020-12-06 18:36:10.088 [http-nio-8081-exec-4] DEBUG c.y.t.mapper.LifeRecordMapper.selectAllLifeRecord - <==      Total: 106
2020-12-06 18:36:10.099 [http-nio-8081-exec-4] DEBUG c.y.test.mapper.ActionRecordMapper.addActionRecord - ==>  Preparing: insert into action_record (id, action, actiontime, operator, service, recordid) values (?, ?, ?, ?, ?, ?)
2020-12-06 18:36:10.100 [http-nio-8081-exec-4] DEBUG c.y.test.mapper.ActionRecordMapper.addActionRecord - ==> Parameters: 3ff668b9-538f-48e8-80d5-cd186f7e0a28(String), SELECT(String), 2020-12-06 18:36:10(String), null, 收支记录表(String), null
2020-12-06 18:36:10.109 [http-nio-8081-exec-4] DEBUG c.y.test.mapper.ActionRecordMapper.addActionRecord - <==    Updates: 1
2020-12-06 18:36:10.450 [http-nio-8081-exec-5] DEBUG c.y.t.m.XiYaoPersonMapper.selectAllXiYaoPerson - ==>  Preparing: select * from record.xiyao_village_person ORDER BY xiyao_village_person.headhousehold
2020-12-06 18:36:10.454 [http-nio-8081-exec-5] DEBUG c.y.t.m.XiYaoPersonMapper.selectAllXiYaoPerson - ==> Parameters: 
2020-12-06 18:36:10.457 [http-nio-8081-exec-5] DEBUG c.y.t.m.XiYaoPersonMapper.selectAllXiYaoPerson - <==      Total: 4
2020-12-06 18:36:10.459 [http-nio-8081-exec-5] DEBUG c.y.test.mapper.ActionRecordMapper.addActionRecord - ==>  Preparing: insert into action_record (id, action, actiontime, operator, service, recordid) values (?, ?, ?, ?, ?, ?)
2020-12-06 18:36:10.460 [http-nio-8081-exec-5] DEBUG c.y.test.mapper.ActionRecordMapper.addActionRecord - ==> Parameters: 469a3fab-931c-4ebf-aa36-cf10f5603d65(String), SELECT(String), 2020-12-06 18:36:10(String), null, 西姚花名册记录表(String), null
2020-12-06 18:36:10.465 [http-nio-8081-exec-5] DEBUG c.y.test.mapper.ActionRecordMapper.addActionRecord - <==    Updates: 1
2020-12-06 18:36:11.144 [http-nio-8081-exec-6] DEBUG com.yang.test.mapper.UserMapper.findAllUsers - ==>  Preparing: select * from user
2020-12-06 18:36:11.144 [http-nio-8081-exec-6] DEBUG com.yang.test.mapper.UserMapper.findAllUsers - ==> Parameters: 
2020-12-06 18:36:11.147 [http-nio-8081-exec-6] DEBUG com.yang.test.mapper.UserMapper.findAllUsers - <==      Total: 3
2020-12-06 18:36:11.156 [http-nio-8081-exec-6] DEBUG c.y.test.mapper.ActionRecordMapper.addActionRecord - ==>  Preparing: insert into action_record (id, action, actiontime, operator, service, recordid) values (?, ?, ?, ?, ?, ?)
2020-12-06 18:36:11.156 [http-nio-8081-exec-6] DEBUG c.y.test.mapper.ActionRecordMapper.addActionRecord - ==> Parameters: bc63617f-bf5e-41c5-93c8-8774f9076b9e(String), SELECT(String), 2020-12-06 18:36:11(String), null, 用户记录表(String), null
2020-12-06 18:36:11.159 [http-nio-8081-exec-6] DEBUG c.y.test.mapper.ActionRecordMapper.addActionRecord - <==    Updates: 1
