2020-11-29 18:47:37.372 [http-nio-8081-exec-1] DEBUG com.yang.test.mapper.UserMapper.findAllUsers - ==>  Preparing: select * from user
2020-11-29 18:47:37.537 [http-nio-8081-exec-1] DEBUG com.yang.test.mapper.UserMapper.findAllUsers - ==> Parameters: 
2020-11-29 18:47:37.605 [http-nio-8081-exec-1] DEBUG com.yang.test.mapper.UserMapper.findAllUsers - <==      Total: 3
2020-11-29 18:47:37.623 [http-nio-8081-exec-1] DEBUG com.yang.test.mapper.UserMapper.login - ==>  Preparing: select * from user where username = ? and userpassword = ?
2020-11-29 18:47:37.678 [http-nio-8081-exec-1] DEBUG com.yang.test.mapper.UserMapper.login - ==> Parameters: a(String), a(String)
2020-11-29 18:47:37.683 [http-nio-8081-exec-1] DEBUG com.yang.test.mapper.UserMapper.login - <==      Total: 1
2020-11-29 18:47:37.686 [http-nio-8081-exec-1] DEBUG c.y.test.mapper.ActionRecordMapper.addActionRecord - ==>  Preparing: insert into action_record (id, action, actiontime, operator, service, recordid) values (?, ?, ?, ?, ?, ?)
2020-11-29 18:47:37.694 [http-nio-8081-exec-1] DEBUG c.y.test.mapper.ActionRecordMapper.addActionRecord - ==> Parameters: 21b63414-a5fd-430d-95b7-cec8f6d70a8b(String), LOGIN(String), 2020-11-29 18:47:37(String), 李阳(String), 用户记录表(String), null
2020-11-29 18:47:37.712 [http-nio-8081-exec-1] DEBUG c.y.test.mapper.ActionRecordMapper.addActionRecord - <==    Updates: 1
2020-11-29 18:47:38.170 [http-nio-8081-exec-2] DEBUG c.y.t.mapper.OilRecordMapper.selectAllOilRecords - ==>  Preparing: select * from oil_record
2020-11-29 18:47:38.173 [http-nio-8081-exec-2] DEBUG c.y.t.mapper.OilRecordMapper.selectAllOilRecords - ==> Parameters: 
2020-11-29 18:47:38.235 [http-nio-8081-exec-2] DEBUG c.y.t.mapper.OilRecordMapper.selectAllOilRecords - <==      Total: 45
2020-11-29 18:47:38.272 [http-nio-8081-exec-2] DEBUG c.y.test.mapper.ActionRecordMapper.addActionRecord - ==>  Preparing: insert into action_record (id, action, actiontime, operator, service, recordid) values (?, ?, ?, ?, ?, ?)
2020-11-29 18:47:38.273 [http-nio-8081-exec-2] DEBUG c.y.test.mapper.ActionRecordMapper.addActionRecord - ==> Parameters: bdd6798e-58c1-47a9-a4a3-c4ac842ad3bc(String), SELECT(String), 2020-11-29 18:47:38(String), 李阳(String), 加油记录表(String), null
2020-11-29 18:47:38.277 [http-nio-8081-exec-2] DEBUG c.y.test.mapper.ActionRecordMapper.addActionRecord - <==    Updates: 1
2020-11-29 18:47:41.289 [http-nio-8081-exec-3] DEBUG c.y.test.mapper.PrintIncomeMapper.selectAllRecords - ==>  Preparing: select * from print_income_record
2020-11-29 18:47:41.292 [http-nio-8081-exec-3] DEBUG c.y.test.mapper.PrintIncomeMapper.selectAllRecords - ==> Parameters: 
2020-11-29 18:47:41.331 [http-nio-8081-exec-3] DEBUG c.y.test.mapper.PrintIncomeMapper.selectAllRecords - <==      Total: 109
2020-11-29 18:47:41.347 [http-nio-8081-exec-3] DEBUG c.y.test.mapper.ActionRecordMapper.addActionRecord - ==>  Preparing: insert into action_record (id, action, actiontime, operator, service, recordid) values (?, ?, ?, ?, ?, ?)
2020-11-29 18:47:41.349 [http-nio-8081-exec-3] DEBUG c.y.test.mapper.ActionRecordMapper.addActionRecord - ==> Parameters: ded2804e-a9ea-4dd6-89a8-bfea28f65ead(String), SELECT(String), 2020-11-29 18:47:41(String), 李阳(String), 打印收入记录表(String), null
2020-11-29 18:47:41.354 [http-nio-8081-exec-3] DEBUG c.y.test.mapper.ActionRecordMapper.addActionRecord - <==    Updates: 1
2020-11-29 18:47:52.722 [http-nio-8081-exec-4] DEBUG com.yang.test.mapper.PrintIncomeMapper.addRecord - ==>  Preparing: insert into print_income_record(id, Date, Money, Remark) values (?, ?, ?, ?)
2020-11-29 18:47:52.725 [http-nio-8081-exec-4] DEBUG com.yang.test.mapper.PrintIncomeMapper.addRecord - ==> Parameters: db3e5f8e-b00a-4466-965b-7423e97a2525(String), 2020-11-29 18:47:46(String), 13.0(Double), null
2020-11-29 18:47:52.731 [http-nio-8081-exec-4] DEBUG com.yang.test.mapper.PrintIncomeMapper.addRecord - <==    Updates: 1
2020-11-29 18:47:52.733 [http-nio-8081-exec-4] DEBUG c.y.test.mapper.ActionRecordMapper.addActionRecord - ==>  Preparing: insert into action_record (id, action, actiontime, operator, service, recordid) values (?, ?, ?, ?, ?, ?)
2020-11-29 18:47:52.734 [http-nio-8081-exec-4] DEBUG c.y.test.mapper.ActionRecordMapper.addActionRecord - ==> Parameters: f5023038-56df-4885-81be-12476c10c20c(String), ADD(String), 2020-11-29 18:47:52(String), 李阳(String), 打印收入记录表(String), db3e5f8e-b00a-4466-965b-7423e97a2525(String)
2020-11-29 18:47:52.738 [http-nio-8081-exec-4] DEBUG c.y.test.mapper.ActionRecordMapper.addActionRecord - <==    Updates: 1
2020-11-29 18:47:52.996 [http-nio-8081-exec-5] DEBUG c.y.test.mapper.PrintIncomeMapper.selectAllRecords - ==>  Preparing: select * from print_income_record
2020-11-29 18:47:52.999 [http-nio-8081-exec-5] DEBUG c.y.test.mapper.PrintIncomeMapper.selectAllRecords - ==> Parameters: 
2020-11-29 18:47:53.019 [http-nio-8081-exec-5] DEBUG c.y.test.mapper.PrintIncomeMapper.selectAllRecords - <==      Total: 110
2020-11-29 18:47:53.029 [http-nio-8081-exec-5] DEBUG c.y.test.mapper.ActionRecordMapper.addActionRecord - ==>  Preparing: insert into action_record (id, action, actiontime, operator, service, recordid) values (?, ?, ?, ?, ?, ?)
2020-11-29 18:47:53.029 [http-nio-8081-exec-5] DEBUG c.y.test.mapper.ActionRecordMapper.addActionRecord - ==> Parameters: a9efe54f-f6e6-4039-8478-ddd3b499a45d(String), SELECT(String), 2020-11-29 18:47:53(String), 李阳(String), 打印收入记录表(String), null
2020-11-29 18:47:53.039 [http-nio-8081-exec-5] DEBUG c.y.test.mapper.ActionRecordMapper.addActionRecord - <==    Updates: 1
2020-11-29 18:48:02.605 [http-nio-8081-exec-6] DEBUG com.yang.test.mapper.PrintIncomeMapper.addRecord - ==>  Preparing: insert into print_income_record(id, Date, Money, Remark) values (?, ?, ?, ?)
2020-11-29 18:48:02.607 [http-nio-8081-exec-6] DEBUG com.yang.test.mapper.PrintIncomeMapper.addRecord - ==> Parameters: eed3f1ce-dbfc-4162-b6a4-2a8ab6c3f08d(String), 2020-11-29 16:47:53(String), 7.0(Double), null
2020-11-29 18:48:02.613 [http-nio-8081-exec-6] DEBUG com.yang.test.mapper.PrintIncomeMapper.addRecord - <==    Updates: 1
2020-11-29 18:48:02.614 [http-nio-8081-exec-6] DEBUG c.y.test.mapper.ActionRecordMapper.addActionRecord - ==>  Preparing: insert into action_record (id, action, actiontime, operator, service, recordid) values (?, ?, ?, ?, ?, ?)
2020-11-29 18:48:02.615 [http-nio-8081-exec-6] DEBUG c.y.test.mapper.ActionRecordMapper.addActionRecord - ==> Parameters: 26ed42b4-630b-44c8-bda0-ae3a5c036c11(String), ADD(String), 2020-11-29 18:48:02(String), 李阳(String), 打印收入记录表(String), eed3f1ce-dbfc-4162-b6a4-2a8ab6c3f08d(String)
2020-11-29 18:48:02.619 [http-nio-8081-exec-6] DEBUG c.y.test.mapper.ActionRecordMapper.addActionRecord - <==    Updates: 1
2020-11-29 18:48:02.870 [http-nio-8081-exec-7] DEBUG c.y.test.mapper.PrintIncomeMapper.selectAllRecords - ==>  Preparing: select * from print_income_record
2020-11-29 18:48:02.870 [http-nio-8081-exec-7] DEBUG c.y.test.mapper.PrintIncomeMapper.selectAllRecords - ==> Parameters: 
2020-11-29 18:48:02.882 [http-nio-8081-exec-7] DEBUG c.y.test.mapper.PrintIncomeMapper.selectAllRecords - <==      Total: 111
2020-11-29 18:48:02.888 [http-nio-8081-exec-7] DEBUG c.y.test.mapper.ActionRecordMapper.addActionRecord - ==>  Preparing: insert into action_record (id, action, actiontime, operator, service, recordid) values (?, ?, ?, ?, ?, ?)
2020-11-29 18:48:02.888 [http-nio-8081-exec-7] DEBUG c.y.test.mapper.ActionRecordMapper.addActionRecord - ==> Parameters: 0c9ad28c-af77-43eb-8b95-e1808cb2e1f5(String), SELECT(String), 2020-11-29 18:48:02(String), 李阳(String), 打印收入记录表(String), null
2020-11-29 18:48:02.894 [http-nio-8081-exec-7] DEBUG c.y.test.mapper.ActionRecordMapper.addActionRecord - <==    Updates: 1
2020-11-29 18:48:16.878 [http-nio-8081-exec-8] DEBUG com.yang.test.mapper.PrintIncomeMapper.addRecord - ==>  Preparing: insert into print_income_record(id, Date, Money, Remark) values (?, ?, ?, ?)
2020-11-29 18:48:16.880 [http-nio-8081-exec-8] DEBUG com.yang.test.mapper.PrintIncomeMapper.addRecord - ==> Parameters: a3138386-b73a-42f1-87b1-438119e82736(String), 2020-11-29 15:48:03(String), 7.0(Double), null
2020-11-29 18:48:16.885 [http-nio-8081-exec-8] DEBUG com.yang.test.mapper.PrintIncomeMapper.addRecord - <==    Updates: 1
2020-11-29 18:48:16.887 [http-nio-8081-exec-8] DEBUG c.y.test.mapper.ActionRecordMapper.addActionRecord - ==>  Preparing: insert into action_record (id, action, actiontime, operator, service, recordid) values (?, ?, ?, ?, ?, ?)
2020-11-29 18:48:16.889 [http-nio-8081-exec-8] DEBUG c.y.test.mapper.ActionRecordMapper.addActionRecord - ==> Parameters: 5e7e7e82-5cbd-4a62-804a-dcb863e4d214(String), ADD(String), 2020-11-29 18:48:16(String), 李阳(String), 打印收入记录表(String), a3138386-b73a-42f1-87b1-438119e82736(String)
2020-11-29 18:48:16.893 [http-nio-8081-exec-8] DEBUG c.y.test.mapper.ActionRecordMapper.addActionRecord - <==    Updates: 1
2020-11-29 18:48:17.132 [http-nio-8081-exec-9] DEBUG c.y.test.mapper.PrintIncomeMapper.selectAllRecords - ==>  Preparing: select * from print_income_record
2020-11-29 18:48:17.132 [http-nio-8081-exec-9] DEBUG c.y.test.mapper.PrintIncomeMapper.selectAllRecords - ==> Parameters: 
2020-11-29 18:48:17.145 [http-nio-8081-exec-9] DEBUG c.y.test.mapper.PrintIncomeMapper.selectAllRecords - <==      Total: 112
2020-11-29 18:48:17.151 [http-nio-8081-exec-9] DEBUG c.y.test.mapper.ActionRecordMapper.addActionRecord - ==>  Preparing: insert into action_record (id, action, actiontime, operator, service, recordid) values (?, ?, ?, ?, ?, ?)
2020-11-29 18:48:17.152 [http-nio-8081-exec-9] DEBUG c.y.test.mapper.ActionRecordMapper.addActionRecord - ==> Parameters: ec97f422-dac0-43f3-a6b4-fb7ea88a3605(String), SELECT(String), 2020-11-29 18:48:17(String), 李阳(String), 打印收入记录表(String), null
2020-11-29 18:48:17.158 [http-nio-8081-exec-9] DEBUG c.y.test.mapper.ActionRecordMapper.addActionRecord - <==    Updates: 1
2020-11-29 18:48:20.069 [http-nio-8081-exec-10] DEBUG c.y.test.mapper.PrintIncomeMapper.selectAllRecords - ==>  Preparing: select * from print_income_record
2020-11-29 18:48:20.070 [http-nio-8081-exec-10] DEBUG c.y.test.mapper.PrintIncomeMapper.selectAllRecords - ==> Parameters: 
2020-11-29 18:48:20.080 [http-nio-8081-exec-10] DEBUG c.y.test.mapper.PrintIncomeMapper.selectAllRecords - <==      Total: 112
2020-11-29 18:48:20.088 [http-nio-8081-exec-10] DEBUG c.y.test.mapper.ActionRecordMapper.addActionRecord - ==>  Preparing: insert into action_record (id, action, actiontime, operator, service, recordid) values (?, ?, ?, ?, ?, ?)
2020-11-29 18:48:20.089 [http-nio-8081-exec-10] DEBUG c.y.test.mapper.ActionRecordMapper.addActionRecord - ==> Parameters: a561f720-faec-43a8-94e3-65ea2fe2e5b9(String), SELECT(String), 2020-11-29 18:48:20(String), 李阳(String), 打印收入记录表(String), null
2020-11-29 18:48:20.095 [http-nio-8081-exec-10] DEBUG c.y.test.mapper.ActionRecordMapper.addActionRecord - <==    Updates: 1
2020-11-29 18:48:51.850 [http-nio-8081-exec-1] DEBUG c.y.t.m.XiYaoPersonMapper.selectAllXiYaoPerson - ==>  Preparing: select * from record.xiyao_village_person ORDER BY xiyao_village_person.headhousehold
2020-11-29 18:48:51.857 [http-nio-8081-exec-1] DEBUG c.y.t.m.XiYaoPersonMapper.selectAllXiYaoPerson - ==> Parameters: 
2020-11-29 18:48:51.873 [http-nio-8081-exec-1] DEBUG c.y.t.m.XiYaoPersonMapper.selectAllXiYaoPerson - <==      Total: 4
2020-11-29 18:48:51.877 [http-nio-8081-exec-1] DEBUG c.y.test.mapper.ActionRecordMapper.addActionRecord - ==>  Preparing: insert into action_record (id, action, actiontime, operator, service, recordid) values (?, ?, ?, ?, ?, ?)
2020-11-29 18:48:51.878 [http-nio-8081-exec-1] DEBUG c.y.test.mapper.ActionRecordMapper.addActionRecord - ==> Parameters: 3b14db13-3122-4bac-825f-413a125a44d4(String), SELECT(String), 2020-11-29 18:48:51(String), 李阳(String), 西姚花名册记录表(String), null
2020-11-29 18:48:51.884 [http-nio-8081-exec-1] DEBUG c.y.test.mapper.ActionRecordMapper.addActionRecord - <==    Updates: 1
2020-11-29 18:48:59.620 [http-nio-8081-exec-2] DEBUG com.yang.test.mapper.UserMapper.findAllUsers - ==>  Preparing: select * from user
2020-11-29 18:48:59.620 [http-nio-8081-exec-2] DEBUG com.yang.test.mapper.UserMapper.findAllUsers - ==> Parameters: 
2020-11-29 18:48:59.623 [http-nio-8081-exec-2] DEBUG com.yang.test.mapper.UserMapper.findAllUsers - <==      Total: 3
2020-11-29 18:48:59.812 [http-nio-8081-exec-2] DEBUG c.y.test.mapper.ActionRecordMapper.addActionRecord - ==>  Preparing: insert into action_record (id, action, actiontime, operator, service, recordid) values (?, ?, ?, ?, ?, ?)
2020-11-29 18:48:59.813 [http-nio-8081-exec-2] DEBUG c.y.test.mapper.ActionRecordMapper.addActionRecord - ==> Parameters: 0c394450-b93d-4daa-a77c-9e8254d6ee01(String), SELECT(String), 2020-11-29 18:48:59(String), 李阳(String), 用户记录表(String), null
2020-11-29 18:48:59.817 [http-nio-8081-exec-2] DEBUG c.y.test.mapper.ActionRecordMapper.addActionRecord - <==    Updates: 1
2020-11-29 18:49:49.973 [http-nio-8081-exec-3] DEBUG c.y.t.mapper.LifeRecordMapper.selectAllLifeRecord - ==>  Preparing: select * from record.income_expenditure_record
2020-11-29 18:49:49.974 [http-nio-8081-exec-3] DEBUG c.y.t.mapper.LifeRecordMapper.selectAllLifeRecord - ==> Parameters: 
2020-11-29 18:49:49.999 [http-nio-8081-exec-3] DEBUG c.y.t.mapper.LifeRecordMapper.selectAllLifeRecord - <==      Total: 101
2020-11-29 18:49:50.034 [http-nio-8081-exec-3] DEBUG c.y.test.mapper.ActionRecordMapper.addActionRecord - ==>  Preparing: insert into action_record (id, action, actiontime, operator, service, recordid) values (?, ?, ?, ?, ?, ?)
2020-11-29 18:49:50.035 [http-nio-8081-exec-3] DEBUG c.y.test.mapper.ActionRecordMapper.addActionRecord - ==> Parameters: 6f11da4a-42c2-46ca-b99a-76138d6ef72a(String), SELECT(String), 2020-11-29 18:49:50(String), 李阳(String), 收支记录表(String), null
2020-11-29 18:49:50.039 [http-nio-8081-exec-3] DEBUG c.y.test.mapper.ActionRecordMapper.addActionRecord - <==    Updates: 1
2020-11-29 18:49:51.601 [http-nio-8081-exec-4] DEBUG c.y.test.mapper.PrintIncomeMapper.selectAllRecords - ==>  Preparing: select * from print_income_record
2020-11-29 18:49:51.603 [http-nio-8081-exec-4] DEBUG c.y.test.mapper.PrintIncomeMapper.selectAllRecords - ==> Parameters: 
2020-11-29 18:49:51.607 [http-nio-8081-exec-4] DEBUG c.y.test.mapper.PrintIncomeMapper.selectAllRecords - <==      Total: 112
2020-11-29 18:49:51.612 [http-nio-8081-exec-4] DEBUG c.y.test.mapper.ActionRecordMapper.addActionRecord - ==>  Preparing: insert into action_record (id, action, actiontime, operator, service, recordid) values (?, ?, ?, ?, ?, ?)
2020-11-29 18:49:51.613 [http-nio-8081-exec-4] DEBUG c.y.test.mapper.ActionRecordMapper.addActionRecord - ==> Parameters: 83ce0e56-7bd3-4122-9210-960fc699972d(String), SELECT(String), 2020-11-29 18:49:51(String), 李阳(String), 打印收入记录表(String), null
2020-11-29 18:49:51.617 [http-nio-8081-exec-4] DEBUG c.y.test.mapper.ActionRecordMapper.addActionRecord - <==    Updates: 1
2020-11-29 18:50:02.640 [http-nio-8081-exec-5] DEBUG com.yang.test.mapper.PrintIncomeMapper.addRecord - ==>  Preparing: insert into print_income_record(id, Date, Money, Remark) values (?, ?, ?, ?)
2020-11-29 18:50:02.641 [http-nio-8081-exec-5] DEBUG com.yang.test.mapper.PrintIncomeMapper.addRecord - ==> Parameters: 9fb7fa0b-5266-4b09-846c-9a4c09cc4afa(String), 2020-11-28 20:49:55(String), 13.0(Double), null
2020-11-29 18:50:02.647 [http-nio-8081-exec-5] DEBUG com.yang.test.mapper.PrintIncomeMapper.addRecord - <==    Updates: 1
2020-11-29 18:50:02.649 [http-nio-8081-exec-5] DEBUG c.y.test.mapper.ActionRecordMapper.addActionRecord - ==>  Preparing: insert into action_record (id, action, actiontime, operator, service, recordid) values (?, ?, ?, ?, ?, ?)
2020-11-29 18:50:02.650 [http-nio-8081-exec-5] DEBUG c.y.test.mapper.ActionRecordMapper.addActionRecord - ==> Parameters: 43da95e0-6632-4a94-b7a3-7a1f63617f01(String), ADD(String), 2020-11-29 18:50:02(String), 李阳(String), 打印收入记录表(String), 9fb7fa0b-5266-4b09-846c-9a4c09cc4afa(String)
2020-11-29 18:50:02.654 [http-nio-8081-exec-5] DEBUG c.y.test.mapper.ActionRecordMapper.addActionRecord - <==    Updates: 1
2020-11-29 18:50:02.907 [http-nio-8081-exec-6] DEBUG c.y.test.mapper.PrintIncomeMapper.selectAllRecords - ==>  Preparing: select * from print_income_record
2020-11-29 18:50:02.908 [http-nio-8081-exec-6] DEBUG c.y.test.mapper.PrintIncomeMapper.selectAllRecords - ==> Parameters: 
2020-11-29 18:50:02.914 [http-nio-8081-exec-6] DEBUG c.y.test.mapper.PrintIncomeMapper.selectAllRecords - <==      Total: 113
2020-11-29 18:50:02.920 [http-nio-8081-exec-6] DEBUG c.y.test.mapper.ActionRecordMapper.addActionRecord - ==>  Preparing: insert into action_record (id, action, actiontime, operator, service, recordid) values (?, ?, ?, ?, ?, ?)
2020-11-29 18:50:02.924 [http-nio-8081-exec-6] DEBUG c.y.test.mapper.ActionRecordMapper.addActionRecord - ==> Parameters: f6b36c1f-6807-49e4-87e5-6fc66f126b2e(String), SELECT(String), 2020-11-29 18:50:02(String), 李阳(String), 打印收入记录表(String), null
2020-11-29 18:50:02.929 [http-nio-8081-exec-6] DEBUG c.y.test.mapper.ActionRecordMapper.addActionRecord - <==    Updates: 1
2020-11-29 18:50:05.523 [http-nio-8081-exec-7] DEBUG c.y.test.mapper.PrintIncomeMapper.selectAllRecords - ==>  Preparing: select * from print_income_record
2020-11-29 18:50:05.526 [http-nio-8081-exec-7] DEBUG c.y.test.mapper.PrintIncomeMapper.selectAllRecords - ==> Parameters: 
2020-11-29 18:50:05.537 [http-nio-8081-exec-7] DEBUG c.y.test.mapper.PrintIncomeMapper.selectAllRecords - <==      Total: 113
2020-11-29 18:50:05.544 [http-nio-8081-exec-7] DEBUG c.y.test.mapper.ActionRecordMapper.addActionRecord - ==>  Preparing: insert into action_record (id, action, actiontime, operator, service, recordid) values (?, ?, ?, ?, ?, ?)
2020-11-29 18:50:05.545 [http-nio-8081-exec-7] DEBUG c.y.test.mapper.ActionRecordMapper.addActionRecord - ==> Parameters: 3bb16aa0-fe0e-4ee6-ac42-8eedb2b7b69b(String), SELECT(String), 2020-11-29 18:50:05(String), 李阳(String), 打印收入记录表(String), null
2020-11-29 18:50:05.550 [http-nio-8081-exec-7] DEBUG c.y.test.mapper.ActionRecordMapper.addActionRecord - <==    Updates: 1
2020-11-29 18:50:36.157 [http-nio-8081-exec-8] DEBUG c.y.t.mapper.LifeRecordMapper.selectAllLifeRecord - ==>  Preparing: select * from record.income_expenditure_record
2020-11-29 18:50:36.158 [http-nio-8081-exec-8] DEBUG c.y.t.mapper.LifeRecordMapper.selectAllLifeRecord - ==> Parameters: 
2020-11-29 18:50:36.168 [http-nio-8081-exec-8] DEBUG c.y.t.mapper.LifeRecordMapper.selectAllLifeRecord - <==      Total: 101
2020-11-29 18:50:36.182 [http-nio-8081-exec-8] DEBUG c.y.test.mapper.ActionRecordMapper.addActionRecord - ==>  Preparing: insert into action_record (id, action, actiontime, operator, service, recordid) values (?, ?, ?, ?, ?, ?)
2020-11-29 18:50:36.183 [http-nio-8081-exec-8] DEBUG c.y.test.mapper.ActionRecordMapper.addActionRecord - ==> Parameters: 090ddd16-8c8f-4739-9dab-812b2177f645(String), SELECT(String), 2020-11-29 18:50:36(String), 李阳(String), 收支记录表(String), null
2020-11-29 18:50:36.188 [http-nio-8081-exec-8] DEBUG c.y.test.mapper.ActionRecordMapper.addActionRecord - <==    Updates: 1
2020-11-29 18:50:37.002 [http-nio-8081-exec-9] DEBUG c.y.test.mapper.PrintIncomeMapper.selectAllRecords - ==>  Preparing: select * from print_income_record
2020-11-29 18:50:37.003 [http-nio-8081-exec-9] DEBUG c.y.test.mapper.PrintIncomeMapper.selectAllRecords - ==> Parameters: 
2020-11-29 18:50:37.009 [http-nio-8081-exec-9] DEBUG c.y.test.mapper.PrintIncomeMapper.selectAllRecords - <==      Total: 113
2020-11-29 18:50:37.017 [http-nio-8081-exec-9] DEBUG c.y.test.mapper.ActionRecordMapper.addActionRecord - ==>  Preparing: insert into action_record (id, action, actiontime, operator, service, recordid) values (?, ?, ?, ?, ?, ?)
2020-11-29 18:50:37.017 [http-nio-8081-exec-9] DEBUG c.y.test.mapper.ActionRecordMapper.addActionRecord - ==> Parameters: 5fafe671-bd3f-4b9a-b656-d6184f4b212c(String), SELECT(String), 2020-11-29 18:50:37(String), 李阳(String), 打印收入记录表(String), null
2020-11-29 18:50:37.021 [http-nio-8081-exec-9] DEBUG c.y.test.mapper.ActionRecordMapper.addActionRecord - <==    Updates: 1
2020-11-29 18:50:37.740 [http-nio-8081-exec-10] DEBUG com.yang.test.mapper.UserMapper.findAllUsers - ==>  Preparing: select * from user
2020-11-29 18:50:37.740 [http-nio-8081-exec-10] DEBUG com.yang.test.mapper.UserMapper.findAllUsers - ==> Parameters: 
2020-11-29 18:50:37.742 [http-nio-8081-exec-10] DEBUG com.yang.test.mapper.UserMapper.findAllUsers - <==      Total: 3
2020-11-29 18:50:37.750 [http-nio-8081-exec-10] DEBUG c.y.test.mapper.ActionRecordMapper.addActionRecord - ==>  Preparing: insert into action_record (id, action, actiontime, operator, service, recordid) values (?, ?, ?, ?, ?, ?)
2020-11-29 18:50:37.750 [http-nio-8081-exec-10] DEBUG c.y.test.mapper.ActionRecordMapper.addActionRecord - ==> Parameters: 18e16ffe-2793-4ce7-84d2-a9fee5c17c31(String), SELECT(String), 2020-11-29 18:50:37(String), 李阳(String), 用户记录表(String), null
2020-11-29 18:50:37.754 [http-nio-8081-exec-10] DEBUG c.y.test.mapper.ActionRecordMapper.addActionRecord - <==    Updates: 1
2020-11-29 18:50:39.256 [http-nio-8081-exec-1] DEBUG c.y.t.mapper.LifeRecordMapper.selectAllLifeRecord - ==>  Preparing: select * from record.income_expenditure_record
2020-11-29 18:50:39.257 [http-nio-8081-exec-1] DEBUG c.y.t.mapper.LifeRecordMapper.selectAllLifeRecord - ==> Parameters: 
2020-11-29 18:50:39.267 [http-nio-8081-exec-1] DEBUG c.y.t.mapper.LifeRecordMapper.selectAllLifeRecord - <==      Total: 101
2020-11-29 18:50:39.276 [http-nio-8081-exec-1] DEBUG c.y.test.mapper.ActionRecordMapper.addActionRecord - ==>  Preparing: insert into action_record (id, action, actiontime, operator, service, recordid) values (?, ?, ?, ?, ?, ?)
2020-11-29 18:50:39.276 [http-nio-8081-exec-1] DEBUG c.y.test.mapper.ActionRecordMapper.addActionRecord - ==> Parameters: 1feea6b1-7b1c-4010-828f-30368f4caf0d(String), SELECT(String), 2020-11-29 18:50:39(String), 李阳(String), 收支记录表(String), null
2020-11-29 18:50:39.281 [http-nio-8081-exec-1] DEBUG c.y.test.mapper.ActionRecordMapper.addActionRecord - <==    Updates: 1
2020-11-29 18:50:40.418 [http-nio-8081-exec-2] DEBUG c.y.t.m.XiYaoPersonMapper.selectAllXiYaoPerson - ==>  Preparing: select * from record.xiyao_village_person ORDER BY xiyao_village_person.headhousehold
2020-11-29 18:50:40.420 [http-nio-8081-exec-2] DEBUG c.y.t.m.XiYaoPersonMapper.selectAllXiYaoPerson - ==> Parameters: 
2020-11-29 18:50:40.426 [http-nio-8081-exec-2] DEBUG c.y.t.m.XiYaoPersonMapper.selectAllXiYaoPerson - <==      Total: 4
2020-11-29 18:50:40.427 [http-nio-8081-exec-2] DEBUG c.y.test.mapper.ActionRecordMapper.addActionRecord - ==>  Preparing: insert into action_record (id, action, actiontime, operator, service, recordid) values (?, ?, ?, ?, ?, ?)
2020-11-29 18:50:40.428 [http-nio-8081-exec-2] DEBUG c.y.test.mapper.ActionRecordMapper.addActionRecord - ==> Parameters: 3fc9951d-3047-40da-bbf2-e3cc1169de5a(String), SELECT(String), 2020-11-29 18:50:40(String), 李阳(String), 西姚花名册记录表(String), null
2020-11-29 18:50:40.431 [http-nio-8081-exec-2] DEBUG c.y.test.mapper.ActionRecordMapper.addActionRecord - <==    Updates: 1
2020-11-29 18:50:42.394 [http-nio-8081-exec-3] DEBUG c.y.t.mapper.LifeRecordMapper.selectAllLifeRecord - ==>  Preparing: select * from record.income_expenditure_record
2020-11-29 18:50:42.394 [http-nio-8081-exec-3] DEBUG c.y.t.mapper.LifeRecordMapper.selectAllLifeRecord - ==> Parameters: 
2020-11-29 18:50:42.404 [http-nio-8081-exec-3] DEBUG c.y.t.mapper.LifeRecordMapper.selectAllLifeRecord - <==      Total: 101
2020-11-29 18:50:42.413 [http-nio-8081-exec-3] DEBUG c.y.test.mapper.ActionRecordMapper.addActionRecord - ==>  Preparing: insert into action_record (id, action, actiontime, operator, service, recordid) values (?, ?, ?, ?, ?, ?)
2020-11-29 18:50:42.413 [http-nio-8081-exec-3] DEBUG c.y.test.mapper.ActionRecordMapper.addActionRecord - ==> Parameters: cf6df554-0921-479d-9918-80c55b21ad07(String), SELECT(String), 2020-11-29 18:50:42(String), 李阳(String), 收支记录表(String), null
2020-11-29 18:50:42.418 [http-nio-8081-exec-3] DEBUG c.y.test.mapper.ActionRecordMapper.addActionRecord - <==    Updates: 1
2020-11-29 18:51:05.264 [http-nio-8081-exec-4] DEBUG c.y.t.mapper.OilRecordMapper.selectAllOilRecords - ==>  Preparing: select * from oil_record
2020-11-29 18:51:05.264 [http-nio-8081-exec-4] DEBUG c.y.t.mapper.OilRecordMapper.selectAllOilRecords - ==> Parameters: 
2020-11-29 18:51:05.269 [http-nio-8081-exec-4] DEBUG c.y.t.mapper.OilRecordMapper.selectAllOilRecords - <==      Total: 45
2020-11-29 18:51:05.273 [http-nio-8081-exec-4] DEBUG c.y.test.mapper.ActionRecordMapper.addActionRecord - ==>  Preparing: insert into action_record (id, action, actiontime, operator, service, recordid) values (?, ?, ?, ?, ?, ?)
2020-11-29 18:51:05.274 [http-nio-8081-exec-4] DEBUG c.y.test.mapper.ActionRecordMapper.addActionRecord - ==> Parameters: 9b1b62bd-b5bc-4efe-8ef2-e49acf67bc96(String), SELECT(String), 2020-11-29 18:51:05(String), 李阳(String), 加油记录表(String), null
2020-11-29 18:51:05.278 [http-nio-8081-exec-4] DEBUG c.y.test.mapper.ActionRecordMapper.addActionRecord - <==    Updates: 1
2020-11-29 18:51:10.463 [http-nio-8081-exec-5] DEBUG c.y.t.mapper.OilRecordMapper.updateOilRecordByID - ==>  Preparing: update oil_record set add_oil_date = ?, oil_volume = ?, dashboard_mileage = ?, cost = ?, real_cost = ?, oil_unit_price = ?, real_oil_unit_price = ?, remark = ?, record_first_date = ?, record_last_update_date = ? where id = ?
2020-11-29 18:51:10.473 [http-nio-8081-exec-5] DEBUG c.y.t.mapper.OilRecordMapper.updateOilRecordByID - ==> Parameters: 2020-10-24 07:05:21(String), 51.74(Double), 43308(String), 283.0(Double), 231.46(Double), 5.47(Double), 4.47(Double), (String), 2020-10-24 16:06:12(String), 2020-11-29 18:51:10(String), 4ac86813-0b52-4ad3-a7e4-c8684f33e98c(String)
2020-11-29 18:51:10.485 [http-nio-8081-exec-5] DEBUG c.y.t.mapper.OilRecordMapper.updateOilRecordByID - <==    Updates: 1
2020-11-29 18:51:10.486 [http-nio-8081-exec-5] DEBUG c.y.test.mapper.ActionRecordMapper.addActionRecord - ==>  Preparing: insert into action_record (id, action, actiontime, operator, service, recordid) values (?, ?, ?, ?, ?, ?)
2020-11-29 18:51:10.487 [http-nio-8081-exec-5] DEBUG c.y.test.mapper.ActionRecordMapper.addActionRecord - ==> Parameters: 7f22d91d-aebd-4ca6-a6cf-5408a86eb3db(String), UPDATE(String), 2020-11-29 18:51:10(String), 李阳(String), 加油记录表(String), 4ac86813-0b52-4ad3-a7e4-c8684f33e98c(String)
2020-11-29 18:51:10.490 [http-nio-8081-exec-5] DEBUG c.y.test.mapper.ActionRecordMapper.addActionRecord - <==    Updates: 1
2020-11-29 21:00:38.292 [http-nio-8081-exec-6] DEBUG com.yang.test.mapper.UserMapper.findAllUsers - ==>  Preparing: select * from user
2020-11-29 21:00:38.299 [http-nio-8081-exec-6] DEBUG com.yang.test.mapper.UserMapper.findAllUsers - ==> Parameters: 
2020-11-29 21:00:38.315 [http-nio-8081-exec-6] DEBUG com.yang.test.mapper.UserMapper.findAllUsers - <==      Total: 3
2020-11-29 21:00:38.320 [http-nio-8081-exec-6] DEBUG com.yang.test.mapper.UserMapper.login - ==>  Preparing: select * from user where username = ? and userpassword = ?
2020-11-29 21:00:38.325 [http-nio-8081-exec-6] DEBUG com.yang.test.mapper.UserMapper.login - ==> Parameters: a(String), a(String)
2020-11-29 21:00:38.330 [http-nio-8081-exec-6] DEBUG com.yang.test.mapper.UserMapper.login - <==      Total: 1
2020-11-29 21:00:38.333 [http-nio-8081-exec-6] DEBUG c.y.test.mapper.ActionRecordMapper.addActionRecord - ==>  Preparing: insert into action_record (id, action, actiontime, operator, service, recordid) values (?, ?, ?, ?, ?, ?)
2020-11-29 21:00:38.334 [http-nio-8081-exec-6] DEBUG c.y.test.mapper.ActionRecordMapper.addActionRecord - ==> Parameters: c1d96bb2-eed7-49c7-86fd-33da0ea50b20(String), LOGIN(String), 2020-11-29 21:00:38(String), 李阳(String), 用户记录表(String), null
2020-11-29 21:00:38.340 [http-nio-8081-exec-6] DEBUG c.y.test.mapper.ActionRecordMapper.addActionRecord - <==    Updates: 1
2020-11-29 21:00:38.471 [http-nio-8081-exec-7] DEBUG c.y.t.mapper.OilRecordMapper.selectAllOilRecords - ==>  Preparing: select * from oil_record
2020-11-29 21:00:38.471 [http-nio-8081-exec-7] DEBUG c.y.t.mapper.OilRecordMapper.selectAllOilRecords - ==> Parameters: 
2020-11-29 21:00:38.481 [http-nio-8081-exec-7] DEBUG c.y.t.mapper.OilRecordMapper.selectAllOilRecords - <==      Total: 45
2020-11-29 21:00:38.485 [http-nio-8081-exec-7] DEBUG c.y.test.mapper.ActionRecordMapper.addActionRecord - ==>  Preparing: insert into action_record (id, action, actiontime, operator, service, recordid) values (?, ?, ?, ?, ?, ?)
2020-11-29 21:00:38.486 [http-nio-8081-exec-7] DEBUG c.y.test.mapper.ActionRecordMapper.addActionRecord - ==> Parameters: 2d0eb687-9c7f-4968-a624-876f51e4b37f(String), SELECT(String), 2020-11-29 21:00:38(String), 李阳(String), 加油记录表(String), null
2020-11-29 21:00:38.490 [http-nio-8081-exec-7] DEBUG c.y.test.mapper.ActionRecordMapper.addActionRecord - <==    Updates: 1
2020-11-29 21:00:39.888 [http-nio-8081-exec-8] DEBUG c.y.t.mapper.LifeRecordMapper.selectAllLifeRecord - ==>  Preparing: select * from record.income_expenditure_record
2020-11-29 21:00:39.889 [http-nio-8081-exec-8] DEBUG c.y.t.mapper.LifeRecordMapper.selectAllLifeRecord - ==> Parameters: 
2020-11-29 21:00:39.906 [http-nio-8081-exec-8] DEBUG c.y.t.mapper.LifeRecordMapper.selectAllLifeRecord - <==      Total: 101
2020-11-29 21:00:39.926 [http-nio-8081-exec-8] DEBUG c.y.test.mapper.ActionRecordMapper.addActionRecord - ==>  Preparing: insert into action_record (id, action, actiontime, operator, service, recordid) values (?, ?, ?, ?, ?, ?)
2020-11-29 21:00:39.927 [http-nio-8081-exec-8] DEBUG c.y.test.mapper.ActionRecordMapper.addActionRecord - ==> Parameters: 3bad5e55-7fdd-4f64-b830-5bdede1d722b(String), SELECT(String), 2020-11-29 21:00:39(String), 李阳(String), 收支记录表(String), null
2020-11-29 21:00:39.931 [http-nio-8081-exec-8] DEBUG c.y.test.mapper.ActionRecordMapper.addActionRecord - <==    Updates: 1
2020-11-29 21:00:40.475 [http-nio-8081-exec-9] DEBUG com.yang.test.mapper.UserMapper.findAllUsers - ==>  Preparing: select * from user
2020-11-29 21:00:40.475 [http-nio-8081-exec-9] DEBUG com.yang.test.mapper.UserMapper.findAllUsers - ==> Parameters: 
2020-11-29 21:00:40.486 [http-nio-8081-exec-9] DEBUG com.yang.test.mapper.UserMapper.findAllUsers - <==      Total: 3
2020-11-29 21:00:40.500 [http-nio-8081-exec-9] DEBUG c.y.test.mapper.ActionRecordMapper.addActionRecord - ==>  Preparing: insert into action_record (id, action, actiontime, operator, service, recordid) values (?, ?, ?, ?, ?, ?)
2020-11-29 21:00:40.501 [http-nio-8081-exec-9] DEBUG c.y.test.mapper.ActionRecordMapper.addActionRecord - ==> Parameters: 3f3cb6d2-1726-4349-9f89-5ecaceca23d3(String), SELECT(String), 2020-11-29 21:00:40(String), 李阳(String), 用户记录表(String), null
2020-11-29 21:00:40.510 [http-nio-8081-exec-9] DEBUG c.y.test.mapper.ActionRecordMapper.addActionRecord - <==    Updates: 1
