2021-02-06 22:09:26.573 [http-nio-8081-exec-2] DEBUG com.yang.test.mapper.UserMapper.findAllUsers - ==>  Preparing: select * from user
2021-02-06 22:09:26.761 [http-nio-8081-exec-2] DEBUG com.yang.test.mapper.UserMapper.findAllUsers - ==> Parameters: 
2021-02-06 22:09:26.841 [http-nio-8081-exec-2] DEBUG com.yang.test.mapper.UserMapper.findAllUsers - <==      Total: 3
2021-02-06 22:09:26.862 [http-nio-8081-exec-2] DEBUG com.yang.test.mapper.UserMapper.login - ==>  Preparing: select * from user where username = ? and userpassword = ?
2021-02-06 22:09:26.914 [http-nio-8081-exec-2] DEBUG com.yang.test.mapper.UserMapper.login - ==> Parameters: a(String), a(String)
2021-02-06 22:09:26.918 [http-nio-8081-exec-2] DEBUG com.yang.test.mapper.UserMapper.login - <==      Total: 1
2021-02-06 22:09:26.921 [http-nio-8081-exec-2] DEBUG c.y.test.mapper.ActionRecordMapper.addActionRecord - ==>  Preparing: insert into action_record (id, action, actiontime, operator, service, recordid) values (?, ?, ?, ?, ?, ?)
2021-02-06 22:09:26.929 [http-nio-8081-exec-2] DEBUG c.y.test.mapper.ActionRecordMapper.addActionRecord - ==> Parameters: 606320ff-39fc-473c-b766-64a9f82be071(String), LOGIN(String), 2021-02-06 22:09:26(String), 李阳(String), 用户记录表(String), null
2021-02-06 22:09:26.950 [http-nio-8081-exec-2] DEBUG c.y.test.mapper.ActionRecordMapper.addActionRecord - <==    Updates: 1
2021-02-06 22:09:27.290 [http-nio-8081-exec-3] DEBUG c.y.t.mapper.OilRecordMapper.selectAllOilRecords - ==>  Preparing: select * from oil_record
2021-02-06 22:09:27.292 [http-nio-8081-exec-3] DEBUG c.y.t.mapper.OilRecordMapper.selectAllOilRecords - ==> Parameters: 
2021-02-06 22:09:27.357 [http-nio-8081-exec-3] DEBUG c.y.t.mapper.OilRecordMapper.selectAllOilRecords - <==      Total: 54
2021-02-06 22:09:27.401 [http-nio-8081-exec-3] DEBUG c.y.test.mapper.ActionRecordMapper.addActionRecord - ==>  Preparing: insert into action_record (id, action, actiontime, operator, service, recordid) values (?, ?, ?, ?, ?, ?)
2021-02-06 22:09:27.403 [http-nio-8081-exec-3] DEBUG c.y.test.mapper.ActionRecordMapper.addActionRecord - ==> Parameters: 21177169-c246-4dec-baf5-98339ef54305(String), SELECT(String), 2021-02-06 22:09:27(String), 李阳(String), 加油记录表(String), null
2021-02-06 22:09:27.406 [http-nio-8081-exec-3] DEBUG c.y.test.mapper.ActionRecordMapper.addActionRecord - <==    Updates: 1
2021-02-06 22:09:28.939 [http-nio-8081-exec-1] DEBUG com.yang.test.mapper.UserMapper.findAllUsers - ==>  Preparing: select * from user
2021-02-06 22:09:28.940 [http-nio-8081-exec-1] DEBUG com.yang.test.mapper.UserMapper.findAllUsers - ==> Parameters: 
2021-02-06 22:09:28.943 [http-nio-8081-exec-1] DEBUG com.yang.test.mapper.UserMapper.findAllUsers - <==      Total: 3
2021-02-06 22:09:29.151 [http-nio-8081-exec-1] DEBUG c.y.test.mapper.ActionRecordMapper.addActionRecord - ==>  Preparing: insert into action_record (id, action, actiontime, operator, service, recordid) values (?, ?, ?, ?, ?, ?)
2021-02-06 22:09:29.152 [http-nio-8081-exec-1] DEBUG c.y.test.mapper.ActionRecordMapper.addActionRecord - ==> Parameters: 41771078-cba8-4e4a-84bb-af261e4e4f33(String), SELECT(String), 2021-02-06 22:09:29(String), 李阳(String), 用户记录表(String), null
2021-02-06 22:09:29.157 [http-nio-8081-exec-1] DEBUG c.y.test.mapper.ActionRecordMapper.addActionRecord - <==    Updates: 1
2021-02-06 22:09:29.719 [http-nio-8081-exec-4] DEBUG c.y.t.mapper.LifeRecordMapper.selectAllLifeRecord - ==>  Preparing: select * from record.income_expenditure_record
2021-02-06 22:09:29.722 [http-nio-8081-exec-4] DEBUG c.y.t.mapper.LifeRecordMapper.selectAllLifeRecord - ==> Parameters: 
2021-02-06 22:09:29.765 [http-nio-8081-exec-4] DEBUG c.y.t.mapper.LifeRecordMapper.selectAllLifeRecord - <==      Total: 129
2021-02-06 22:09:29.807 [http-nio-8081-exec-4] DEBUG c.y.test.mapper.ActionRecordMapper.addActionRecord - ==>  Preparing: insert into action_record (id, action, actiontime, operator, service, recordid) values (?, ?, ?, ?, ?, ?)
2021-02-06 22:09:29.808 [http-nio-8081-exec-4] DEBUG c.y.test.mapper.ActionRecordMapper.addActionRecord - ==> Parameters: af55a066-91f9-47ea-89b2-b3b7d21560f3(String), SELECT(String), 2021-02-06 22:09:29(String), 李阳(String), 收支记录表(String), null
2021-02-06 22:09:29.813 [http-nio-8081-exec-4] DEBUG c.y.test.mapper.ActionRecordMapper.addActionRecord - <==    Updates: 1
2021-02-06 22:09:30.776 [http-nio-8081-exec-5] DEBUG c.y.t.m.XiYaoPersonMapper.selectAllXiYaoPerson - ==>  Preparing: select * from record.xiyao_village_person ORDER BY xiyao_village_person.headhousehold
2021-02-06 22:09:30.780 [http-nio-8081-exec-5] DEBUG c.y.t.m.XiYaoPersonMapper.selectAllXiYaoPerson - ==> Parameters: 
2021-02-06 22:09:30.801 [http-nio-8081-exec-5] DEBUG c.y.t.m.XiYaoPersonMapper.selectAllXiYaoPerson - <==      Total: 4
2021-02-06 22:09:30.803 [http-nio-8081-exec-5] DEBUG c.y.test.mapper.ActionRecordMapper.addActionRecord - ==>  Preparing: insert into action_record (id, action, actiontime, operator, service, recordid) values (?, ?, ?, ?, ?, ?)
2021-02-06 22:09:30.804 [http-nio-8081-exec-5] DEBUG c.y.test.mapper.ActionRecordMapper.addActionRecord - ==> Parameters: a97d80f0-482f-4852-af34-dfb013c05c46(String), SELECT(String), 2021-02-06 22:09:30(String), 李阳(String), 西姚花名册记录表(String), null
2021-02-06 22:09:30.810 [http-nio-8081-exec-5] DEBUG c.y.test.mapper.ActionRecordMapper.addActionRecord - <==    Updates: 1
2021-02-06 22:09:31.529 [http-nio-8081-exec-6] DEBUG c.y.t.mapper.LifeRecordMapper.selectAllLifeRecord - ==>  Preparing: select * from record.income_expenditure_record
2021-02-06 22:09:31.529 [http-nio-8081-exec-6] DEBUG c.y.t.mapper.LifeRecordMapper.selectAllLifeRecord - ==> Parameters: 
2021-02-06 22:09:31.549 [http-nio-8081-exec-6] DEBUG c.y.t.mapper.LifeRecordMapper.selectAllLifeRecord - <==      Total: 129
2021-02-06 22:09:31.562 [http-nio-8081-exec-6] DEBUG c.y.test.mapper.ActionRecordMapper.addActionRecord - ==>  Preparing: insert into action_record (id, action, actiontime, operator, service, recordid) values (?, ?, ?, ?, ?, ?)
2021-02-06 22:09:31.562 [http-nio-8081-exec-6] DEBUG c.y.test.mapper.ActionRecordMapper.addActionRecord - ==> Parameters: 0b977037-2a41-4783-a04f-ddcad9d38c36(String), SELECT(String), 2021-02-06 22:09:31(String), 李阳(String), 收支记录表(String), null
2021-02-06 22:09:31.566 [http-nio-8081-exec-6] DEBUG c.y.test.mapper.ActionRecordMapper.addActionRecord - <==    Updates: 1
2021-02-06 22:11:29.452 [http-nio-8081-exec-7] DEBUG c.y.t.mapper.LifeRecordMapper.updateLifeRecordByID - ==>  Preparing: update income_expenditure_record set produce_record_date = ?, category_id = ?, category = ?, record_producer = ?, money = ?, last_update_date = ?, remark = ?, operator = ? where id = ?
2021-02-06 22:11:29.465 [http-nio-8081-exec-7] DEBUG c.y.t.mapper.LifeRecordMapper.updateLifeRecordByID - ==> Parameters: 2020-01-21 20:51:14(String), 7(Integer), 其他(String), 李阳(String), -2543.43(Double), 2021-02-06 22:11:29(String), 2020 年春节 过年前后花费 1	鞋子	130.2 2	外套+裤子_1	540 3	裤子_2	79 4	买券	138 5	吃饭	26 6	超市	63.23 7	蛋糕	24 8	停车费	18 9	外套	400 10	裙子	132 11	超市	456.5 12	鸡蛋	22.5 13	红包	10 14	洗车	35 15	草莓	46 16	桂圆	25 17	干果	130 18	重庆小面	20 19	排骨	36 20	虾	50 21	鲈鱼	43 22	超市	119(String), (String), 33e13f4f-d8d8-46f7-ba40-489374f68057(String)
2021-02-06 22:11:29.477 [http-nio-8081-exec-7] DEBUG c.y.t.mapper.LifeRecordMapper.updateLifeRecordByID - <==    Updates: 1
2021-02-06 22:11:29.479 [http-nio-8081-exec-7] DEBUG c.y.test.mapper.ActionRecordMapper.addActionRecord - ==>  Preparing: insert into action_record (id, action, actiontime, operator, service, recordid) values (?, ?, ?, ?, ?, ?)
2021-02-06 22:11:29.480 [http-nio-8081-exec-7] DEBUG c.y.test.mapper.ActionRecordMapper.addActionRecord - ==> Parameters: 7e57aea3-16d6-4a57-903c-a7522bde6515(String), UPDATE(String), 2021-02-06 22:11:29(String), 李阳(String), 收支记录表(String), 33e13f4f-d8d8-46f7-ba40-489374f68057(String)
2021-02-06 22:11:29.483 [http-nio-8081-exec-7] DEBUG c.y.test.mapper.ActionRecordMapper.addActionRecord - <==    Updates: 1
2021-02-06 22:11:29.598 [http-nio-8081-exec-8] DEBUG c.y.t.mapper.LifeRecordMapper.selectAllLifeRecord - ==>  Preparing: select * from record.income_expenditure_record
2021-02-06 22:11:29.599 [http-nio-8081-exec-8] DEBUG c.y.t.mapper.LifeRecordMapper.selectAllLifeRecord - ==> Parameters: 
2021-02-06 22:11:29.612 [http-nio-8081-exec-8] DEBUG c.y.t.mapper.LifeRecordMapper.selectAllLifeRecord - <==      Total: 129
2021-02-06 22:11:29.621 [http-nio-8081-exec-8] DEBUG c.y.test.mapper.ActionRecordMapper.addActionRecord - ==>  Preparing: insert into action_record (id, action, actiontime, operator, service, recordid) values (?, ?, ?, ?, ?, ?)
2021-02-06 22:11:29.622 [http-nio-8081-exec-8] DEBUG c.y.test.mapper.ActionRecordMapper.addActionRecord - ==> Parameters: a722dcff-128b-4747-acf3-da535004c0e4(String), SELECT(String), 2021-02-06 22:11:29(String), 李阳(String), 收支记录表(String), null
2021-02-06 22:11:29.626 [http-nio-8081-exec-8] DEBUG c.y.test.mapper.ActionRecordMapper.addActionRecord - <==    Updates: 1
2021-02-06 22:11:51.206 [http-nio-8081-exec-9] DEBUG c.y.t.mapper.LifeRecordMapper.updateLifeRecordByID - ==>  Preparing: update income_expenditure_record set produce_record_date = ?, category_id = ?, category = ?, record_producer = ?, money = ?, last_update_date = ?, remark = ?, operator = ? where id = ?
2021-02-06 22:11:51.208 [http-nio-8081-exec-9] DEBUG c.y.t.mapper.LifeRecordMapper.updateLifeRecordByID - ==> Parameters: 2020-01-21 20:51:14(String), 7(Integer), 其他(String), 李阳(String), -2543.43(Double), 2021-02-06 22:11:51(String), 2020 年春节 过年前后花费 1	鞋子	130.2 2	外套+裤子_1	540 3	裤子_2	79 4	买券	138 5	吃饭	26 6	超市	63.23 7	蛋糕	24 8	停车费	18 9	外套	400 10	裙子	132 11	超市	456.5 12	鸡蛋	22.5 13	红包	10 14	洗车	35 15	草莓	46 16	桂圆	25 17	干果	130 18	重庆小面	20 19	排骨	36 20	虾	50 21	鲈鱼	43 22	超市	119(String), (String), 33e13f4f-d8d8-46f7-ba40-489374f68057(String)
2021-02-06 22:11:51.213 [http-nio-8081-exec-9] DEBUG c.y.t.mapper.LifeRecordMapper.updateLifeRecordByID - <==    Updates: 1
2021-02-06 22:11:51.215 [http-nio-8081-exec-9] DEBUG c.y.test.mapper.ActionRecordMapper.addActionRecord - ==>  Preparing: insert into action_record (id, action, actiontime, operator, service, recordid) values (?, ?, ?, ?, ?, ?)
2021-02-06 22:11:51.215 [http-nio-8081-exec-9] DEBUG c.y.test.mapper.ActionRecordMapper.addActionRecord - ==> Parameters: eb94f49b-d31e-4fc9-b59e-0133d9dbcb65(String), UPDATE(String), 2021-02-06 22:11:51(String), 李阳(String), 收支记录表(String), 33e13f4f-d8d8-46f7-ba40-489374f68057(String)
2021-02-06 22:11:51.220 [http-nio-8081-exec-9] DEBUG c.y.test.mapper.ActionRecordMapper.addActionRecord - <==    Updates: 1
2021-02-06 22:11:51.460 [http-nio-8081-exec-10] DEBUG c.y.t.mapper.LifeRecordMapper.selectAllLifeRecord - ==>  Preparing: select * from record.income_expenditure_record
2021-02-06 22:11:51.460 [http-nio-8081-exec-10] DEBUG c.y.t.mapper.LifeRecordMapper.selectAllLifeRecord - ==> Parameters: 
2021-02-06 22:11:51.474 [http-nio-8081-exec-10] DEBUG c.y.t.mapper.LifeRecordMapper.selectAllLifeRecord - <==      Total: 129
2021-02-06 22:11:51.485 [http-nio-8081-exec-10] DEBUG c.y.test.mapper.ActionRecordMapper.addActionRecord - ==>  Preparing: insert into action_record (id, action, actiontime, operator, service, recordid) values (?, ?, ?, ?, ?, ?)
2021-02-06 22:11:51.485 [http-nio-8081-exec-10] DEBUG c.y.test.mapper.ActionRecordMapper.addActionRecord - ==> Parameters: 16dc57b7-14ca-4b86-9279-aa801815ada8(String), SELECT(String), 2021-02-06 22:11:51(String), 李阳(String), 收支记录表(String), null
2021-02-06 22:11:51.489 [http-nio-8081-exec-10] DEBUG c.y.test.mapper.ActionRecordMapper.addActionRecord - <==    Updates: 1
2021-02-06 22:14:22.938 [http-nio-8081-exec-2] DEBUG c.yang.test.mapper.LifeRecordMapper.addLifeRecord - ==>  Preparing: insert into income_expenditure_record(id, produce_record_date, category_id, category, record_producer, money, first_add_date, last_update_date, remark, operator) values (?, ?, ?, ?, ?, ?, ?, ?, ?, ?)
2021-02-06 22:14:22.942 [http-nio-8081-exec-2] DEBUG c.yang.test.mapper.LifeRecordMapper.addLifeRecord - ==> Parameters: 833ceff6-b984-4903-a3a0-2e2f842bb0d3(String), 2021-02-06 14:12:44(String), 1(Integer), 超市(String), 党玉莹(String), -54.95(Double), 2021-02-06 22:14:22(String), 2021-02-06 22:14:22(String), 牛肉(String), (String)
2021-02-06 22:14:22.949 [http-nio-8081-exec-2] DEBUG c.yang.test.mapper.LifeRecordMapper.addLifeRecord - <==    Updates: 1
2021-02-06 22:14:22.951 [http-nio-8081-exec-2] DEBUG c.y.test.mapper.ActionRecordMapper.addActionRecord - ==>  Preparing: insert into action_record (id, action, actiontime, operator, service, recordid) values (?, ?, ?, ?, ?, ?)
2021-02-06 22:14:22.951 [http-nio-8081-exec-2] DEBUG c.y.test.mapper.ActionRecordMapper.addActionRecord - ==> Parameters: 65dbce20-7d4e-4063-8840-7623fd3bb431(String), ADD(String), 2021-02-06 22:14:22(String), 李阳(String), 收支记录表(String), 833ceff6-b984-4903-a3a0-2e2f842bb0d3(String)
2021-02-06 22:14:22.955 [http-nio-8081-exec-2] DEBUG c.y.test.mapper.ActionRecordMapper.addActionRecord - <==    Updates: 1
2021-02-06 22:14:23.202 [http-nio-8081-exec-3] DEBUG c.y.t.mapper.LifeRecordMapper.selectAllLifeRecord - ==>  Preparing: select * from record.income_expenditure_record
2021-02-06 22:14:23.203 [http-nio-8081-exec-3] DEBUG c.y.t.mapper.LifeRecordMapper.selectAllLifeRecord - ==> Parameters: 
2021-02-06 22:14:23.214 [http-nio-8081-exec-3] DEBUG c.y.t.mapper.LifeRecordMapper.selectAllLifeRecord - <==      Total: 130
2021-02-06 22:14:23.224 [http-nio-8081-exec-3] DEBUG c.y.test.mapper.ActionRecordMapper.addActionRecord - ==>  Preparing: insert into action_record (id, action, actiontime, operator, service, recordid) values (?, ?, ?, ?, ?, ?)
2021-02-06 22:14:23.225 [http-nio-8081-exec-3] DEBUG c.y.test.mapper.ActionRecordMapper.addActionRecord - ==> Parameters: dc746b04-e257-4053-b6a9-f351cebe5b7d(String), SELECT(String), 2021-02-06 22:14:23(String), 李阳(String), 收支记录表(String), null
2021-02-06 22:14:23.232 [http-nio-8081-exec-3] DEBUG c.y.test.mapper.ActionRecordMapper.addActionRecord - <==    Updates: 1
2021-02-06 22:14:32.566 [http-nio-8081-exec-1] DEBUG c.y.t.mapper.LifeRecordMapper.updateLifeRecordByID - ==>  Preparing: update income_expenditure_record set produce_record_date = ?, category_id = ?, category = ?, record_producer = ?, money = ?, last_update_date = ?, remark = ?, operator = ? where id = ?
2021-02-06 22:14:32.567 [http-nio-8081-exec-1] DEBUG c.y.t.mapper.LifeRecordMapper.updateLifeRecordByID - ==> Parameters: 2020-03-04 17:31:07(String), 10(Integer), 医药费(String), 李阳(String), -53.1(Double), 2021-02-06 22:14:32(String), 牛肉(String), (String), 325cc409-944c-4409-a4a4-ea029d0bc2ef(String)
2021-02-06 22:14:32.571 [http-nio-8081-exec-1] DEBUG c.y.t.mapper.LifeRecordMapper.updateLifeRecordByID - <==    Updates: 1
2021-02-06 22:14:32.573 [http-nio-8081-exec-1] DEBUG c.y.test.mapper.ActionRecordMapper.addActionRecord - ==>  Preparing: insert into action_record (id, action, actiontime, operator, service, recordid) values (?, ?, ?, ?, ?, ?)
2021-02-06 22:14:32.573 [http-nio-8081-exec-1] DEBUG c.y.test.mapper.ActionRecordMapper.addActionRecord - ==> Parameters: 8390b7b8-0c45-41a4-b5ba-be8cca1338e9(String), UPDATE(String), 2021-02-06 22:14:32(String), 李阳(String), 收支记录表(String), 325cc409-944c-4409-a4a4-ea029d0bc2ef(String)
2021-02-06 22:14:32.578 [http-nio-8081-exec-1] DEBUG c.y.test.mapper.ActionRecordMapper.addActionRecord - <==    Updates: 1
2021-02-06 22:14:32.896 [http-nio-8081-exec-4] DEBUG c.y.t.mapper.LifeRecordMapper.selectAllLifeRecord - ==>  Preparing: select * from record.income_expenditure_record
2021-02-06 22:14:32.897 [http-nio-8081-exec-4] DEBUG c.y.t.mapper.LifeRecordMapper.selectAllLifeRecord - ==> Parameters: 
2021-02-06 22:14:32.904 [http-nio-8081-exec-4] DEBUG c.y.t.mapper.LifeRecordMapper.selectAllLifeRecord - <==      Total: 130
2021-02-06 22:14:32.910 [http-nio-8081-exec-4] DEBUG c.y.test.mapper.ActionRecordMapper.addActionRecord - ==>  Preparing: insert into action_record (id, action, actiontime, operator, service, recordid) values (?, ?, ?, ?, ?, ?)
2021-02-06 22:14:32.911 [http-nio-8081-exec-4] DEBUG c.y.test.mapper.ActionRecordMapper.addActionRecord - ==> Parameters: 16dac1f5-dada-415a-8aa6-74a3ece7625a(String), SELECT(String), 2021-02-06 22:14:32(String), 李阳(String), 收支记录表(String), null
2021-02-06 22:14:32.915 [http-nio-8081-exec-4] DEBUG c.y.test.mapper.ActionRecordMapper.addActionRecord - <==    Updates: 1
2021-02-06 22:15:40.720 [http-nio-8081-exec-5] DEBUG c.yang.test.mapper.LifeRecordMapper.addLifeRecord - ==>  Preparing: insert into income_expenditure_record(id, produce_record_date, category_id, category, record_producer, money, first_add_date, last_update_date, remark, operator) values (?, ?, ?, ?, ?, ?, ?, ?, ?, ?)
2021-02-06 22:15:40.721 [http-nio-8081-exec-5] DEBUG c.yang.test.mapper.LifeRecordMapper.addLifeRecord - ==> Parameters: 16178662-492b-4666-add5-ccc528fc507a(String), 2021-02-06 14:14:43(String), 1(Integer), 超市(String), 党玉莹(String), -526.9(Double), 2021-02-06 22:15:40(String), 2021-02-06 22:15:40(String), (String), (String)
2021-02-06 22:15:40.726 [http-nio-8081-exec-5] DEBUG c.yang.test.mapper.LifeRecordMapper.addLifeRecord - <==    Updates: 1
2021-02-06 22:15:40.727 [http-nio-8081-exec-5] DEBUG c.y.test.mapper.ActionRecordMapper.addActionRecord - ==>  Preparing: insert into action_record (id, action, actiontime, operator, service, recordid) values (?, ?, ?, ?, ?, ?)
2021-02-06 22:15:40.728 [http-nio-8081-exec-5] DEBUG c.y.test.mapper.ActionRecordMapper.addActionRecord - ==> Parameters: 7c691160-62ec-4696-b79a-933b3afb3221(String), ADD(String), 2021-02-06 22:15:40(String), 李阳(String), 收支记录表(String), 16178662-492b-4666-add5-ccc528fc507a(String)
2021-02-06 22:15:40.732 [http-nio-8081-exec-5] DEBUG c.y.test.mapper.ActionRecordMapper.addActionRecord - <==    Updates: 1
2021-02-06 22:15:40.985 [http-nio-8081-exec-6] DEBUG c.y.t.mapper.LifeRecordMapper.selectAllLifeRecord - ==>  Preparing: select * from record.income_expenditure_record
2021-02-06 22:15:40.985 [http-nio-8081-exec-6] DEBUG c.y.t.mapper.LifeRecordMapper.selectAllLifeRecord - ==> Parameters: 
2021-02-06 22:15:40.995 [http-nio-8081-exec-6] DEBUG c.y.t.mapper.LifeRecordMapper.selectAllLifeRecord - <==      Total: 131
2021-02-06 22:15:41.009 [http-nio-8081-exec-6] DEBUG c.y.test.mapper.ActionRecordMapper.addActionRecord - ==>  Preparing: insert into action_record (id, action, actiontime, operator, service, recordid) values (?, ?, ?, ?, ?, ?)
2021-02-06 22:15:41.012 [http-nio-8081-exec-6] DEBUG c.y.test.mapper.ActionRecordMapper.addActionRecord - ==> Parameters: e2325e91-de3e-4318-8694-c5e53d771b59(String), SELECT(String), 2021-02-06 22:15:41(String), 李阳(String), 收支记录表(String), null
2021-02-06 22:15:41.017 [http-nio-8081-exec-6] DEBUG c.y.test.mapper.ActionRecordMapper.addActionRecord - <==    Updates: 1
2021-02-06 22:15:48.968 [http-nio-8081-exec-7] DEBUG c.y.t.mapper.LifeRecordMapper.updateLifeRecordByID - ==>  Preparing: update income_expenditure_record set produce_record_date = ?, category_id = ?, category = ?, record_producer = ?, money = ?, last_update_date = ?, remark = ?, operator = ? where id = ?
2021-02-06 22:15:48.969 [http-nio-8081-exec-7] DEBUG c.y.t.mapper.LifeRecordMapper.updateLifeRecordByID - ==> Parameters: 2020-03-07 22:07:24(String), 8(Integer), 水费(String), 李阳(String), -98.8(Double), 2021-02-06 22:15:48(String), (String), (String), 7fb9e3a9-e323-44e3-9048-35ac1e7c62af(String)
2021-02-06 22:15:48.973 [http-nio-8081-exec-7] DEBUG c.y.t.mapper.LifeRecordMapper.updateLifeRecordByID - <==    Updates: 1
2021-02-06 22:15:48.974 [http-nio-8081-exec-7] DEBUG c.y.test.mapper.ActionRecordMapper.addActionRecord - ==>  Preparing: insert into action_record (id, action, actiontime, operator, service, recordid) values (?, ?, ?, ?, ?, ?)
2021-02-06 22:15:48.975 [http-nio-8081-exec-7] DEBUG c.y.test.mapper.ActionRecordMapper.addActionRecord - ==> Parameters: d69d9f5f-8b68-4e2d-a93c-64bf7a4f8224(String), UPDATE(String), 2021-02-06 22:15:48(String), 李阳(String), 收支记录表(String), 7fb9e3a9-e323-44e3-9048-35ac1e7c62af(String)
2021-02-06 22:15:48.979 [http-nio-8081-exec-7] DEBUG c.y.test.mapper.ActionRecordMapper.addActionRecord - <==    Updates: 1
2021-02-06 22:15:49.234 [http-nio-8081-exec-8] DEBUG c.y.t.mapper.LifeRecordMapper.selectAllLifeRecord - ==>  Preparing: select * from record.income_expenditure_record
2021-02-06 22:15:49.234 [http-nio-8081-exec-8] DEBUG c.y.t.mapper.LifeRecordMapper.selectAllLifeRecord - ==> Parameters: 
2021-02-06 22:15:49.242 [http-nio-8081-exec-8] DEBUG c.y.t.mapper.LifeRecordMapper.selectAllLifeRecord - <==      Total: 131
2021-02-06 22:15:49.250 [http-nio-8081-exec-8] DEBUG c.y.test.mapper.ActionRecordMapper.addActionRecord - ==>  Preparing: insert into action_record (id, action, actiontime, operator, service, recordid) values (?, ?, ?, ?, ?, ?)
2021-02-06 22:15:49.250 [http-nio-8081-exec-8] DEBUG c.y.test.mapper.ActionRecordMapper.addActionRecord - ==> Parameters: 5ad5f5ac-6041-442b-8599-2f6ba94d8d21(String), SELECT(String), 2021-02-06 22:15:49(String), 李阳(String), 收支记录表(String), null
2021-02-06 22:15:49.255 [http-nio-8081-exec-8] DEBUG c.y.test.mapper.ActionRecordMapper.addActionRecord - <==    Updates: 1
2021-02-06 22:15:56.871 [http-nio-8081-exec-9] DEBUG c.y.t.mapper.LifeRecordMapper.updateLifeRecordByID - ==>  Preparing: update income_expenditure_record set produce_record_date = ?, category_id = ?, category = ?, record_producer = ?, money = ?, last_update_date = ?, remark = ?, operator = ? where id = ?
2021-02-06 22:15:56.872 [http-nio-8081-exec-9] DEBUG c.y.t.mapper.LifeRecordMapper.updateLifeRecordByID - ==> Parameters: 2020-01-21 20:51:14(String), 7(Integer), 其他(String), 李阳(String), -2543.43(Double), 2021-02-06 22:15:56(String), 2020 年春节 过年前后花费 1	鞋子	130.2 2	外套+裤子_1	540 3	裤子_2	79 4	买券	138 5	吃饭	26 6	超市	63.23 7	蛋糕	24 8	停车费	18 9	外套	400 10	裙子	132 11	超市	456.5 12	鸡蛋	22.5 13	红包	10 14	洗车	35 15	草莓	46 16	桂圆	25 17	干果	130 18	重庆小面	20 19	排骨	36 20	虾	50 21	鲈鱼	43 22	超市	119(String), (String), 33e13f4f-d8d8-46f7-ba40-489374f68057(String)
2021-02-06 22:15:56.876 [http-nio-8081-exec-9] DEBUG c.y.t.mapper.LifeRecordMapper.updateLifeRecordByID - <==    Updates: 1
2021-02-06 22:15:56.877 [http-nio-8081-exec-9] DEBUG c.y.test.mapper.ActionRecordMapper.addActionRecord - ==>  Preparing: insert into action_record (id, action, actiontime, operator, service, recordid) values (?, ?, ?, ?, ?, ?)
2021-02-06 22:15:56.878 [http-nio-8081-exec-9] DEBUG c.y.test.mapper.ActionRecordMapper.addActionRecord - ==> Parameters: 4f967191-0e3b-464f-99ee-90b39aa1751a(String), UPDATE(String), 2021-02-06 22:15:56(String), 李阳(String), 收支记录表(String), 33e13f4f-d8d8-46f7-ba40-489374f68057(String)
2021-02-06 22:15:56.884 [http-nio-8081-exec-9] DEBUG c.y.test.mapper.ActionRecordMapper.addActionRecord - <==    Updates: 1
2021-02-06 22:15:57.124 [http-nio-8081-exec-10] DEBUG c.y.t.mapper.LifeRecordMapper.selectAllLifeRecord - ==>  Preparing: select * from record.income_expenditure_record
2021-02-06 22:15:57.125 [http-nio-8081-exec-10] DEBUG c.y.t.mapper.LifeRecordMapper.selectAllLifeRecord - ==> Parameters: 
2021-02-06 22:15:57.131 [http-nio-8081-exec-10] DEBUG c.y.t.mapper.LifeRecordMapper.selectAllLifeRecord - <==      Total: 131
2021-02-06 22:15:57.137 [http-nio-8081-exec-10] DEBUG c.y.test.mapper.ActionRecordMapper.addActionRecord - ==>  Preparing: insert into action_record (id, action, actiontime, operator, service, recordid) values (?, ?, ?, ?, ?, ?)
2021-02-06 22:15:57.138 [http-nio-8081-exec-10] DEBUG c.y.test.mapper.ActionRecordMapper.addActionRecord - ==> Parameters: f15b0d66-30de-4b27-8805-ca5dfc6f077e(String), SELECT(String), 2021-02-06 22:15:57(String), 李阳(String), 收支记录表(String), null
2021-02-06 22:15:57.141 [http-nio-8081-exec-10] DEBUG c.y.test.mapper.ActionRecordMapper.addActionRecord - <==    Updates: 1
2021-02-06 22:15:59.312 [http-nio-8081-exec-2] DEBUG c.y.t.m.L.selectLifeRecordByCategoryID - ==>  Preparing: select * from record.income_expenditure_record where category_id = ?
2021-02-06 22:15:59.316 [http-nio-8081-exec-2] DEBUG c.y.t.m.L.selectLifeRecordByCategoryID - ==> Parameters: 1(Integer)
2021-02-06 22:15:59.320 [http-nio-8081-exec-2] DEBUG c.y.t.m.L.selectLifeRecordByCategoryID - <==      Total: 15
2021-02-06 22:15:59.325 [http-nio-8081-exec-2] DEBUG c.y.test.mapper.ActionRecordMapper.addActionRecord - ==>  Preparing: insert into action_record (id, action, actiontime, operator, service, recordid) values (?, ?, ?, ?, ?, ?)
2021-02-06 22:15:59.325 [http-nio-8081-exec-2] DEBUG c.y.test.mapper.ActionRecordMapper.addActionRecord - ==> Parameters: 24487d0e-c8b2-4cf5-a407-8d269692b247(String), SELECT(String), 2021-02-06 22:15:59(String), 李阳(String), 收支记录表(String), null
2021-02-06 22:15:59.330 [http-nio-8081-exec-2] DEBUG c.y.test.mapper.ActionRecordMapper.addActionRecord - <==    Updates: 1
2021-02-06 22:16:01.174 [http-nio-8081-exec-3] DEBUG c.y.t.m.L.selectLifeRecordByCategoryID - ==>  Preparing: select * from record.income_expenditure_record where category_id = ?
2021-02-06 22:16:01.175 [http-nio-8081-exec-3] DEBUG c.y.t.m.L.selectLifeRecordByCategoryID - ==> Parameters: 1(Integer)
2021-02-06 22:16:01.181 [http-nio-8081-exec-3] DEBUG c.y.t.m.L.selectLifeRecordByCategoryID - <==      Total: 15
2021-02-06 22:16:01.184 [http-nio-8081-exec-3] DEBUG c.y.test.mapper.ActionRecordMapper.addActionRecord - ==>  Preparing: insert into action_record (id, action, actiontime, operator, service, recordid) values (?, ?, ?, ?, ?, ?)
2021-02-06 22:16:01.184 [http-nio-8081-exec-3] DEBUG c.y.test.mapper.ActionRecordMapper.addActionRecord - ==> Parameters: 11ac1b04-9122-48c0-8a9b-aa1c0ecbac8c(String), SELECT(String), 2021-02-06 22:16:01(String), 李阳(String), 收支记录表(String), null
2021-02-06 22:16:01.188 [http-nio-8081-exec-3] DEBUG c.y.test.mapper.ActionRecordMapper.addActionRecord - <==    Updates: 1
2021-02-06 22:16:03.479 [http-nio-8081-exec-1] DEBUG c.y.t.m.XiYaoPersonMapper.selectAllXiYaoPerson - ==>  Preparing: select * from record.xiyao_village_person ORDER BY xiyao_village_person.headhousehold
2021-02-06 22:16:03.480 [http-nio-8081-exec-1] DEBUG c.y.t.m.XiYaoPersonMapper.selectAllXiYaoPerson - ==> Parameters: 
2021-02-06 22:16:03.483 [http-nio-8081-exec-1] DEBUG c.y.t.m.XiYaoPersonMapper.selectAllXiYaoPerson - <==      Total: 4
2021-02-06 22:16:03.485 [http-nio-8081-exec-1] DEBUG c.y.test.mapper.ActionRecordMapper.addActionRecord - ==>  Preparing: insert into action_record (id, action, actiontime, operator, service, recordid) values (?, ?, ?, ?, ?, ?)
2021-02-06 22:16:03.486 [http-nio-8081-exec-1] DEBUG c.y.test.mapper.ActionRecordMapper.addActionRecord - ==> Parameters: 68ed8e9b-e06c-458a-b3eb-31b6f5111272(String), SELECT(String), 2021-02-06 22:16:03(String), 李阳(String), 西姚花名册记录表(String), null
2021-02-06 22:16:03.490 [http-nio-8081-exec-1] DEBUG c.y.test.mapper.ActionRecordMapper.addActionRecord - <==    Updates: 1
2021-02-06 22:16:03.652 [http-nio-8081-exec-4] DEBUG c.y.t.mapper.LifeRecordMapper.selectAllLifeRecord - ==>  Preparing: select * from record.income_expenditure_record
2021-02-06 22:16:03.652 [http-nio-8081-exec-4] DEBUG c.y.t.mapper.LifeRecordMapper.selectAllLifeRecord - ==> Parameters: 
2021-02-06 22:16:03.660 [http-nio-8081-exec-4] DEBUG c.y.t.mapper.LifeRecordMapper.selectAllLifeRecord - <==      Total: 131
2021-02-06 22:16:03.668 [http-nio-8081-exec-4] DEBUG c.y.test.mapper.ActionRecordMapper.addActionRecord - ==>  Preparing: insert into action_record (id, action, actiontime, operator, service, recordid) values (?, ?, ?, ?, ?, ?)
2021-02-06 22:16:03.669 [http-nio-8081-exec-4] DEBUG c.y.test.mapper.ActionRecordMapper.addActionRecord - ==> Parameters: 74475059-9f8a-4ca5-9b80-e6990a0151a8(String), SELECT(String), 2021-02-06 22:16:03(String), 李阳(String), 收支记录表(String), null
2021-02-06 22:16:03.672 [http-nio-8081-exec-4] DEBUG c.y.test.mapper.ActionRecordMapper.addActionRecord - <==    Updates: 1
2021-02-06 22:16:06.020 [http-nio-8081-exec-5] DEBUG c.y.t.mapper.LifeRecordMapper.updateLifeRecordByID - ==>  Preparing: update income_expenditure_record set produce_record_date = ?, category_id = ?, category = ?, record_producer = ?, money = ?, last_update_date = ?, remark = ?, operator = ? where id = ?
2021-02-06 22:16:06.021 [http-nio-8081-exec-5] DEBUG c.y.t.mapper.LifeRecordMapper.updateLifeRecordByID - ==> Parameters: 2021-02-06 14:14:43(String), 1(Integer), 超市(String), 党玉莹(String), -526.9(Double), 2021-02-06 22:16:06(String), (String), (String), 16178662-492b-4666-add5-ccc528fc507a(String)
2021-02-06 22:16:06.025 [http-nio-8081-exec-5] DEBUG c.y.t.mapper.LifeRecordMapper.updateLifeRecordByID - <==    Updates: 1
2021-02-06 22:16:06.026 [http-nio-8081-exec-5] DEBUG c.y.test.mapper.ActionRecordMapper.addActionRecord - ==>  Preparing: insert into action_record (id, action, actiontime, operator, service, recordid) values (?, ?, ?, ?, ?, ?)
2021-02-06 22:16:06.026 [http-nio-8081-exec-5] DEBUG c.y.test.mapper.ActionRecordMapper.addActionRecord - ==> Parameters: 3a747341-4648-4af3-a054-f6d84aaa6405(String), UPDATE(String), 2021-02-06 22:16:06(String), 李阳(String), 收支记录表(String), 16178662-492b-4666-add5-ccc528fc507a(String)
2021-02-06 22:16:06.029 [http-nio-8081-exec-5] DEBUG c.y.test.mapper.ActionRecordMapper.addActionRecord - <==    Updates: 1
2021-02-06 22:16:06.050 [http-nio-8081-exec-6] DEBUG c.y.t.mapper.LifeRecordMapper.selectAllLifeRecord - ==>  Preparing: select * from record.income_expenditure_record
2021-02-06 22:16:06.050 [http-nio-8081-exec-6] DEBUG c.y.t.mapper.LifeRecordMapper.selectAllLifeRecord - ==> Parameters: 
2021-02-06 22:16:06.057 [http-nio-8081-exec-6] DEBUG c.y.t.mapper.LifeRecordMapper.selectAllLifeRecord - <==      Total: 131
2021-02-06 22:16:06.067 [http-nio-8081-exec-6] DEBUG c.y.test.mapper.ActionRecordMapper.addActionRecord - ==>  Preparing: insert into action_record (id, action, actiontime, operator, service, recordid) values (?, ?, ?, ?, ?, ?)
2021-02-06 22:16:06.068 [http-nio-8081-exec-6] DEBUG c.y.test.mapper.ActionRecordMapper.addActionRecord - ==> Parameters: e6c6518c-5cdd-4398-8741-bec6388bfa0f(String), SELECT(String), 2021-02-06 22:16:06(String), 李阳(String), 收支记录表(String), null
2021-02-06 22:16:06.074 [http-nio-8081-exec-6] DEBUG c.y.test.mapper.ActionRecordMapper.addActionRecord - <==    Updates: 1
2021-02-06 22:16:36.907 [http-nio-8081-exec-7] DEBUG c.yang.test.mapper.LifeRecordMapper.addLifeRecord - ==>  Preparing: insert into income_expenditure_record(id, produce_record_date, category_id, category, record_producer, money, first_add_date, last_update_date, remark, operator) values (?, ?, ?, ?, ?, ?, ?, ?, ?, ?)
2021-02-06 22:16:36.908 [http-nio-8081-exec-7] DEBUG c.yang.test.mapper.LifeRecordMapper.addLifeRecord - ==> Parameters: 04984ce4-a13f-4922-bfb4-7acc60ae0e83(String), 2021-02-06 14:16:15(String), 1(Integer), 超市(String), 党玉莹(String), -100.0(Double), 2021-02-06 22:16:36(String), 2021-02-06 22:16:36(String), 良品铺子(String), (String)
2021-02-06 22:16:36.913 [http-nio-8081-exec-7] DEBUG c.yang.test.mapper.LifeRecordMapper.addLifeRecord - <==    Updates: 1
2021-02-06 22:16:36.914 [http-nio-8081-exec-7] DEBUG c.y.test.mapper.ActionRecordMapper.addActionRecord - ==>  Preparing: insert into action_record (id, action, actiontime, operator, service, recordid) values (?, ?, ?, ?, ?, ?)
2021-02-06 22:16:36.915 [http-nio-8081-exec-7] DEBUG c.y.test.mapper.ActionRecordMapper.addActionRecord - ==> Parameters: 5df3ea40-50d6-4e91-96c9-9a99af93b572(String), ADD(String), 2021-02-06 22:16:36(String), 李阳(String), 收支记录表(String), 04984ce4-a13f-4922-bfb4-7acc60ae0e83(String)
2021-02-06 22:16:36.919 [http-nio-8081-exec-7] DEBUG c.y.test.mapper.ActionRecordMapper.addActionRecord - <==    Updates: 1
2021-02-06 22:16:37.173 [http-nio-8081-exec-8] DEBUG c.y.t.mapper.LifeRecordMapper.selectAllLifeRecord - ==>  Preparing: select * from record.income_expenditure_record
2021-02-06 22:16:37.173 [http-nio-8081-exec-8] DEBUG c.y.t.mapper.LifeRecordMapper.selectAllLifeRecord - ==> Parameters: 
2021-02-06 22:16:37.181 [http-nio-8081-exec-8] DEBUG c.y.t.mapper.LifeRecordMapper.selectAllLifeRecord - <==      Total: 132
2021-02-06 22:16:37.191 [http-nio-8081-exec-8] DEBUG c.y.test.mapper.ActionRecordMapper.addActionRecord - ==>  Preparing: insert into action_record (id, action, actiontime, operator, service, recordid) values (?, ?, ?, ?, ?, ?)
2021-02-06 22:16:37.192 [http-nio-8081-exec-8] DEBUG c.y.test.mapper.ActionRecordMapper.addActionRecord - ==> Parameters: 681a44e3-625f-45de-bf2c-c2562a67d67b(String), SELECT(String), 2021-02-06 22:16:37(String), 李阳(String), 收支记录表(String), null
2021-02-06 22:16:37.197 [http-nio-8081-exec-8] DEBUG c.y.test.mapper.ActionRecordMapper.addActionRecord - <==    Updates: 1
2021-02-06 22:17:11.768 [http-nio-8081-exec-9] DEBUG c.yang.test.mapper.LifeRecordMapper.addLifeRecord - ==>  Preparing: insert into income_expenditure_record(id, produce_record_date, category_id, category, record_producer, money, first_add_date, last_update_date, remark, operator) values (?, ?, ?, ?, ?, ?, ?, ?, ?, ?)
2021-02-06 22:17:11.769 [http-nio-8081-exec-9] DEBUG c.yang.test.mapper.LifeRecordMapper.addLifeRecord - ==> Parameters: df327ae1-f121-4c19-b65a-60615bda5b57(String), 2021-02-06 15:16:38(String), 7(Integer), 其他(String), 党玉莹(String), -100.0(Double), 2021-02-06 22:17:11(String), 2021-02-06 22:17:11(String), 理发（南窑头 充会员）(String), (String)
2021-02-06 22:17:11.774 [http-nio-8081-exec-9] DEBUG c.yang.test.mapper.LifeRecordMapper.addLifeRecord - <==    Updates: 1
2021-02-06 22:17:11.775 [http-nio-8081-exec-9] DEBUG c.y.test.mapper.ActionRecordMapper.addActionRecord - ==>  Preparing: insert into action_record (id, action, actiontime, operator, service, recordid) values (?, ?, ?, ?, ?, ?)
2021-02-06 22:17:11.776 [http-nio-8081-exec-9] DEBUG c.y.test.mapper.ActionRecordMapper.addActionRecord - ==> Parameters: 7528fb9a-465d-41c4-8105-b1dc7ae78a34(String), ADD(String), 2021-02-06 22:17:11(String), 李阳(String), 收支记录表(String), df327ae1-f121-4c19-b65a-60615bda5b57(String)
2021-02-06 22:17:11.781 [http-nio-8081-exec-9] DEBUG c.y.test.mapper.ActionRecordMapper.addActionRecord - <==    Updates: 1
2021-02-06 22:17:12.039 [http-nio-8081-exec-10] DEBUG c.y.t.mapper.LifeRecordMapper.selectAllLifeRecord - ==>  Preparing: select * from record.income_expenditure_record
2021-02-06 22:17:12.039 [http-nio-8081-exec-10] DEBUG c.y.t.mapper.LifeRecordMapper.selectAllLifeRecord - ==> Parameters: 
2021-02-06 22:17:12.046 [http-nio-8081-exec-10] DEBUG c.y.t.mapper.LifeRecordMapper.selectAllLifeRecord - <==      Total: 133
2021-02-06 22:17:12.055 [http-nio-8081-exec-10] DEBUG c.y.test.mapper.ActionRecordMapper.addActionRecord - ==>  Preparing: insert into action_record (id, action, actiontime, operator, service, recordid) values (?, ?, ?, ?, ?, ?)
2021-02-06 22:17:12.056 [http-nio-8081-exec-10] DEBUG c.y.test.mapper.ActionRecordMapper.addActionRecord - ==> Parameters: ba8bd422-5cd5-427a-aa67-410c0de1fd6a(String), SELECT(String), 2021-02-06 22:17:12(String), 李阳(String), 收支记录表(String), null
2021-02-06 22:17:12.060 [http-nio-8081-exec-10] DEBUG c.y.test.mapper.ActionRecordMapper.addActionRecord - <==    Updates: 1
2021-02-06 22:17:37.848 [http-nio-8081-exec-2] DEBUG c.yang.test.mapper.LifeRecordMapper.addLifeRecord - ==>  Preparing: insert into income_expenditure_record(id, produce_record_date, category_id, category, record_producer, money, first_add_date, last_update_date, remark, operator) values (?, ?, ?, ?, ?, ?, ?, ?, ?, ?)
2021-02-06 22:17:37.849 [http-nio-8081-exec-2] DEBUG c.yang.test.mapper.LifeRecordMapper.addLifeRecord - ==> Parameters: 9285a7c1-7dc8-4589-9758-393fd6c3d377(String), 2021-02-06 18:17:13(String), 7(Integer), 其他(String), 党玉莹(String), -160.0(Double), 2021-02-06 22:17:37(String), 2021-02-06 22:17:37(String), 鹿岛(String), (String)
2021-02-06 22:17:37.853 [http-nio-8081-exec-2] DEBUG c.yang.test.mapper.LifeRecordMapper.addLifeRecord - <==    Updates: 1
2021-02-06 22:17:37.854 [http-nio-8081-exec-2] DEBUG c.y.test.mapper.ActionRecordMapper.addActionRecord - ==>  Preparing: insert into action_record (id, action, actiontime, operator, service, recordid) values (?, ?, ?, ?, ?, ?)
2021-02-06 22:17:37.855 [http-nio-8081-exec-2] DEBUG c.y.test.mapper.ActionRecordMapper.addActionRecord - ==> Parameters: 28e82aa3-9416-4558-83bd-b211407a93ac(String), ADD(String), 2021-02-06 22:17:37(String), 李阳(String), 收支记录表(String), 9285a7c1-7dc8-4589-9758-393fd6c3d377(String)
2021-02-06 22:17:37.860 [http-nio-8081-exec-2] DEBUG c.y.test.mapper.ActionRecordMapper.addActionRecord - <==    Updates: 1
2021-02-06 22:17:38.102 [http-nio-8081-exec-3] DEBUG c.y.t.mapper.LifeRecordMapper.selectAllLifeRecord - ==>  Preparing: select * from record.income_expenditure_record
2021-02-06 22:17:38.102 [http-nio-8081-exec-3] DEBUG c.y.t.mapper.LifeRecordMapper.selectAllLifeRecord - ==> Parameters: 
2021-02-06 22:17:38.109 [http-nio-8081-exec-3] DEBUG c.y.t.mapper.LifeRecordMapper.selectAllLifeRecord - <==      Total: 134
2021-02-06 22:17:38.117 [http-nio-8081-exec-3] DEBUG c.y.test.mapper.ActionRecordMapper.addActionRecord - ==>  Preparing: insert into action_record (id, action, actiontime, operator, service, recordid) values (?, ?, ?, ?, ?, ?)
2021-02-06 22:17:38.118 [http-nio-8081-exec-3] DEBUG c.y.test.mapper.ActionRecordMapper.addActionRecord - ==> Parameters: 6a989283-b63e-4143-9464-ccb522262c3b(String), SELECT(String), 2021-02-06 22:17:38(String), 李阳(String), 收支记录表(String), null
2021-02-06 22:17:38.122 [http-nio-8081-exec-3] DEBUG c.y.test.mapper.ActionRecordMapper.addActionRecord - <==    Updates: 1
2021-02-06 22:18:06.123 [http-nio-8081-exec-1] DEBUG c.yang.test.mapper.LifeRecordMapper.addLifeRecord - ==>  Preparing: insert into income_expenditure_record(id, produce_record_date, category_id, category, record_producer, money, first_add_date, last_update_date, remark, operator) values (?, ?, ?, ?, ?, ?, ?, ?, ?, ?)
2021-02-06 22:18:06.124 [http-nio-8081-exec-1] DEBUG c.yang.test.mapper.LifeRecordMapper.addLifeRecord - ==> Parameters: 00ce6eb4-3a9d-4f8a-9fcd-e8b170e9aa23(String), 2021-02-06 13:17:39(String), 3(Integer), 车辆(String), 党玉莹(String), -150.0(Double), 2021-02-06 22:18:06(String), 2021-02-06 22:18:06(String), 2月 停车费(String), (String)
2021-02-06 22:18:06.129 [http-nio-8081-exec-1] DEBUG c.yang.test.mapper.LifeRecordMapper.addLifeRecord - <==    Updates: 1
2021-02-06 22:18:06.130 [http-nio-8081-exec-1] DEBUG c.y.test.mapper.ActionRecordMapper.addActionRecord - ==>  Preparing: insert into action_record (id, action, actiontime, operator, service, recordid) values (?, ?, ?, ?, ?, ?)
2021-02-06 22:18:06.131 [http-nio-8081-exec-1] DEBUG c.y.test.mapper.ActionRecordMapper.addActionRecord - ==> Parameters: 4de8dbaf-e279-4c42-b860-d079160281da(String), ADD(String), 2021-02-06 22:18:06(String), 李阳(String), 收支记录表(String), 00ce6eb4-3a9d-4f8a-9fcd-e8b170e9aa23(String)
2021-02-06 22:18:06.135 [http-nio-8081-exec-1] DEBUG c.y.test.mapper.ActionRecordMapper.addActionRecord - <==    Updates: 1
2021-02-06 22:18:06.393 [http-nio-8081-exec-4] DEBUG c.y.t.mapper.LifeRecordMapper.selectAllLifeRecord - ==>  Preparing: select * from record.income_expenditure_record
2021-02-06 22:18:06.394 [http-nio-8081-exec-4] DEBUG c.y.t.mapper.LifeRecordMapper.selectAllLifeRecord - ==> Parameters: 
2021-02-06 22:18:06.403 [http-nio-8081-exec-4] DEBUG c.y.t.mapper.LifeRecordMapper.selectAllLifeRecord - <==      Total: 135
2021-02-06 22:18:06.411 [http-nio-8081-exec-4] DEBUG c.y.test.mapper.ActionRecordMapper.addActionRecord - ==>  Preparing: insert into action_record (id, action, actiontime, operator, service, recordid) values (?, ?, ?, ?, ?, ?)
2021-02-06 22:18:06.412 [http-nio-8081-exec-4] DEBUG c.y.test.mapper.ActionRecordMapper.addActionRecord - ==> Parameters: a77aef6b-ef02-4743-b1e4-b6c6369ec803(String), SELECT(String), 2021-02-06 22:18:06(String), 李阳(String), 收支记录表(String), null
2021-02-06 22:18:06.416 [http-nio-8081-exec-4] DEBUG c.y.test.mapper.ActionRecordMapper.addActionRecord - <==    Updates: 1
2021-02-06 22:18:33.613 [http-nio-8081-exec-5] DEBUG c.y.t.m.XiYaoPersonMapper.selectAllXiYaoPerson - ==>  Preparing: select * from record.xiyao_village_person ORDER BY xiyao_village_person.headhousehold
2021-02-06 22:18:33.613 [http-nio-8081-exec-5] DEBUG c.y.t.m.XiYaoPersonMapper.selectAllXiYaoPerson - ==> Parameters: 
2021-02-06 22:18:33.616 [http-nio-8081-exec-5] DEBUG c.y.t.m.XiYaoPersonMapper.selectAllXiYaoPerson - <==      Total: 4
2021-02-06 22:18:33.617 [http-nio-8081-exec-5] DEBUG c.y.test.mapper.ActionRecordMapper.addActionRecord - ==>  Preparing: insert into action_record (id, action, actiontime, operator, service, recordid) values (?, ?, ?, ?, ?, ?)
2021-02-06 22:18:33.617 [http-nio-8081-exec-5] DEBUG c.y.test.mapper.ActionRecordMapper.addActionRecord - ==> Parameters: a34a20a9-4658-46ad-876a-ef3ce617696e(String), SELECT(String), 2021-02-06 22:18:33(String), 李阳(String), 西姚花名册记录表(String), null
2021-02-06 22:18:33.621 [http-nio-8081-exec-5] DEBUG c.y.test.mapper.ActionRecordMapper.addActionRecord - <==    Updates: 1
2021-02-06 22:18:34.053 [http-nio-8081-exec-6] DEBUG c.y.test.mapper.PrintIncomeMapper.selectAllRecords - ==>  Preparing: select * from print_income_record
2021-02-06 22:18:34.058 [http-nio-8081-exec-6] DEBUG c.y.test.mapper.PrintIncomeMapper.selectAllRecords - ==> Parameters: 
2021-02-06 22:18:34.083 [http-nio-8081-exec-6] DEBUG c.y.test.mapper.PrintIncomeMapper.selectAllRecords - <==      Total: 113
2021-02-06 22:18:34.092 [http-nio-8081-exec-6] DEBUG c.y.test.mapper.ActionRecordMapper.addActionRecord - ==>  Preparing: insert into action_record (id, action, actiontime, operator, service, recordid) values (?, ?, ?, ?, ?, ?)
2021-02-06 22:18:34.092 [http-nio-8081-exec-6] DEBUG c.y.test.mapper.ActionRecordMapper.addActionRecord - ==> Parameters: e77a4a32-5930-40a5-9b75-354ee1ceee17(String), SELECT(String), 2021-02-06 22:18:34(String), 李阳(String), 打印收入记录表(String), null
2021-02-06 22:18:34.096 [http-nio-8081-exec-6] DEBUG c.y.test.mapper.ActionRecordMapper.addActionRecord - <==    Updates: 1
2021-02-06 22:18:34.884 [http-nio-8081-exec-7] DEBUG c.y.t.m.XiYaoPersonMapper.selectAllXiYaoPerson - ==>  Preparing: select * from record.xiyao_village_person ORDER BY xiyao_village_person.headhousehold
2021-02-06 22:18:34.884 [http-nio-8081-exec-7] DEBUG c.y.t.m.XiYaoPersonMapper.selectAllXiYaoPerson - ==> Parameters: 
2021-02-06 22:18:34.892 [http-nio-8081-exec-7] DEBUG c.y.t.m.XiYaoPersonMapper.selectAllXiYaoPerson - <==      Total: 4
2021-02-06 22:18:34.893 [http-nio-8081-exec-7] DEBUG c.y.test.mapper.ActionRecordMapper.addActionRecord - ==>  Preparing: insert into action_record (id, action, actiontime, operator, service, recordid) values (?, ?, ?, ?, ?, ?)
2021-02-06 22:18:34.894 [http-nio-8081-exec-7] DEBUG c.y.test.mapper.ActionRecordMapper.addActionRecord - ==> Parameters: 0403a957-a671-40ad-bc21-cd35ce88ffe4(String), SELECT(String), 2021-02-06 22:18:34(String), 李阳(String), 西姚花名册记录表(String), null
2021-02-06 22:18:34.899 [http-nio-8081-exec-7] DEBUG c.y.test.mapper.ActionRecordMapper.addActionRecord - <==    Updates: 1
2021-02-06 22:18:45.739 [http-nio-8081-exec-8] DEBUG c.y.test.mapper.PrintIncomeMapper.selectAllRecords - ==>  Preparing: select * from print_income_record
2021-02-06 22:18:45.739 [http-nio-8081-exec-8] DEBUG c.y.test.mapper.PrintIncomeMapper.selectAllRecords - ==> Parameters: 
2021-02-06 22:18:45.746 [http-nio-8081-exec-8] DEBUG c.y.test.mapper.PrintIncomeMapper.selectAllRecords - <==      Total: 113
2021-02-06 22:18:45.752 [http-nio-8081-exec-8] DEBUG c.y.test.mapper.ActionRecordMapper.addActionRecord - ==>  Preparing: insert into action_record (id, action, actiontime, operator, service, recordid) values (?, ?, ?, ?, ?, ?)
2021-02-06 22:18:45.752 [http-nio-8081-exec-8] DEBUG c.y.test.mapper.ActionRecordMapper.addActionRecord - ==> Parameters: 9e54d2ed-0a1a-42ab-9945-e952d605f0a5(String), SELECT(String), 2021-02-06 22:18:45(String), 李阳(String), 打印收入记录表(String), null
2021-02-06 22:18:45.757 [http-nio-8081-exec-8] DEBUG c.y.test.mapper.ActionRecordMapper.addActionRecord - <==    Updates: 1
2021-02-06 22:18:47.911 [http-nio-8081-exec-9] DEBUG c.y.t.mapper.OilRecordMapper.selectAllOilRecords - ==>  Preparing: select * from oil_record
2021-02-06 22:18:47.913 [http-nio-8081-exec-9] DEBUG c.y.t.mapper.OilRecordMapper.selectAllOilRecords - ==> Parameters: 
2021-02-06 22:18:47.918 [http-nio-8081-exec-9] DEBUG c.y.t.mapper.OilRecordMapper.selectAllOilRecords - <==      Total: 54
2021-02-06 22:18:47.922 [http-nio-8081-exec-9] DEBUG c.y.test.mapper.ActionRecordMapper.addActionRecord - ==>  Preparing: insert into action_record (id, action, actiontime, operator, service, recordid) values (?, ?, ?, ?, ?, ?)
2021-02-06 22:18:47.922 [http-nio-8081-exec-9] DEBUG c.y.test.mapper.ActionRecordMapper.addActionRecord - ==> Parameters: 659d6300-5957-4103-a060-1fc4ce70fa5d(String), SELECT(String), 2021-02-06 22:18:47(String), 李阳(String), 加油记录表(String), null
2021-02-06 22:18:47.926 [http-nio-8081-exec-9] DEBUG c.y.test.mapper.ActionRecordMapper.addActionRecord - <==    Updates: 1
2021-02-06 22:18:50.013 [http-nio-8081-exec-10] DEBUG c.y.test.mapper.PrintIncomeMapper.selectAllRecords - ==>  Preparing: select * from print_income_record
2021-02-06 22:18:50.014 [http-nio-8081-exec-10] DEBUG c.y.test.mapper.PrintIncomeMapper.selectAllRecords - ==> Parameters: 
2021-02-06 22:18:50.019 [http-nio-8081-exec-10] DEBUG c.y.test.mapper.PrintIncomeMapper.selectAllRecords - <==      Total: 113
2021-02-06 22:18:50.025 [http-nio-8081-exec-10] DEBUG c.y.test.mapper.ActionRecordMapper.addActionRecord - ==>  Preparing: insert into action_record (id, action, actiontime, operator, service, recordid) values (?, ?, ?, ?, ?, ?)
2021-02-06 22:18:50.025 [http-nio-8081-exec-10] DEBUG c.y.test.mapper.ActionRecordMapper.addActionRecord - ==> Parameters: b8370d74-d60f-4631-90a6-6148175581a4(String), SELECT(String), 2021-02-06 22:18:50(String), 李阳(String), 打印收入记录表(String), null
2021-02-06 22:18:50.031 [http-nio-8081-exec-10] DEBUG c.y.test.mapper.ActionRecordMapper.addActionRecord - <==    Updates: 1
2021-02-06 22:18:50.542 [http-nio-8081-exec-2] DEBUG c.y.t.m.XiYaoPersonMapper.selectAllXiYaoPerson - ==>  Preparing: select * from record.xiyao_village_person ORDER BY xiyao_village_person.headhousehold
2021-02-06 22:18:50.545 [http-nio-8081-exec-2] DEBUG c.y.t.m.XiYaoPersonMapper.selectAllXiYaoPerson - ==> Parameters: 
2021-02-06 22:18:50.549 [http-nio-8081-exec-2] DEBUG c.y.t.m.XiYaoPersonMapper.selectAllXiYaoPerson - <==      Total: 4
2021-02-06 22:18:50.551 [http-nio-8081-exec-2] DEBUG c.y.test.mapper.ActionRecordMapper.addActionRecord - ==>  Preparing: insert into action_record (id, action, actiontime, operator, service, recordid) values (?, ?, ?, ?, ?, ?)
2021-02-06 22:18:50.551 [http-nio-8081-exec-2] DEBUG c.y.test.mapper.ActionRecordMapper.addActionRecord - ==> Parameters: da59403d-d538-4728-b3c1-3566758f890f(String), SELECT(String), 2021-02-06 22:18:50(String), 李阳(String), 西姚花名册记录表(String), null
2021-02-06 22:18:50.554 [http-nio-8081-exec-2] DEBUG c.y.test.mapper.ActionRecordMapper.addActionRecord - <==    Updates: 1
2021-02-06 22:18:51.035 [http-nio-8081-exec-3] DEBUG c.y.t.mapper.LifeRecordMapper.selectAllLifeRecord - ==>  Preparing: select * from record.income_expenditure_record
2021-02-06 22:18:51.035 [http-nio-8081-exec-3] DEBUG c.y.t.mapper.LifeRecordMapper.selectAllLifeRecord - ==> Parameters: 
2021-02-06 22:18:51.042 [http-nio-8081-exec-3] DEBUG c.y.t.mapper.LifeRecordMapper.selectAllLifeRecord - <==      Total: 135
2021-02-06 22:18:51.053 [http-nio-8081-exec-3] DEBUG c.y.test.mapper.ActionRecordMapper.addActionRecord - ==>  Preparing: insert into action_record (id, action, actiontime, operator, service, recordid) values (?, ?, ?, ?, ?, ?)
2021-02-06 22:18:51.053 [http-nio-8081-exec-3] DEBUG c.y.test.mapper.ActionRecordMapper.addActionRecord - ==> Parameters: e72efe2d-04ed-4309-9c22-8674d9ff19f6(String), SELECT(String), 2021-02-06 22:18:51(String), 李阳(String), 收支记录表(String), null
2021-02-06 22:18:51.057 [http-nio-8081-exec-3] DEBUG c.y.test.mapper.ActionRecordMapper.addActionRecord - <==    Updates: 1
2021-02-06 22:18:51.420 [http-nio-8081-exec-1] DEBUG com.yang.test.mapper.UserMapper.findAllUsers - ==>  Preparing: select * from user
2021-02-06 22:18:51.421 [http-nio-8081-exec-1] DEBUG com.yang.test.mapper.UserMapper.findAllUsers - ==> Parameters: 
2021-02-06 22:18:51.423 [http-nio-8081-exec-1] DEBUG com.yang.test.mapper.UserMapper.findAllUsers - <==      Total: 3
2021-02-06 22:18:51.428 [http-nio-8081-exec-1] DEBUG c.y.test.mapper.ActionRecordMapper.addActionRecord - ==>  Preparing: insert into action_record (id, action, actiontime, operator, service, recordid) values (?, ?, ?, ?, ?, ?)
2021-02-06 22:18:51.429 [http-nio-8081-exec-1] DEBUG c.y.test.mapper.ActionRecordMapper.addActionRecord - ==> Parameters: c9a25a0e-9eb8-450e-89ff-adf62ae1f09b(String), SELECT(String), 2021-02-06 22:18:51(String), 李阳(String), 用户记录表(String), null
2021-02-06 22:18:51.436 [http-nio-8081-exec-1] DEBUG c.y.test.mapper.ActionRecordMapper.addActionRecord - <==    Updates: 1
2021-02-06 22:19:25.719 [http-nio-8081-exec-4] DEBUG c.y.t.mapper.LifeRecordMapper.selectAllLifeRecord - ==>  Preparing: select * from record.income_expenditure_record
2021-02-06 22:19:25.720 [http-nio-8081-exec-4] DEBUG c.y.t.mapper.LifeRecordMapper.selectAllLifeRecord - ==> Parameters: 
2021-02-06 22:19:25.726 [http-nio-8081-exec-4] DEBUG c.y.t.mapper.LifeRecordMapper.selectAllLifeRecord - <==      Total: 135
2021-02-06 22:19:25.734 [http-nio-8081-exec-4] DEBUG c.y.test.mapper.ActionRecordMapper.addActionRecord - ==>  Preparing: insert into action_record (id, action, actiontime, operator, service, recordid) values (?, ?, ?, ?, ?, ?)
2021-02-06 22:19:25.735 [http-nio-8081-exec-4] DEBUG c.y.test.mapper.ActionRecordMapper.addActionRecord - ==> Parameters: 3921c001-84dc-4b7c-8aee-bb901261a426(String), SELECT(String), 2021-02-06 22:19:25(String), 李阳(String), 收支记录表(String), null
2021-02-06 22:19:25.738 [http-nio-8081-exec-4] DEBUG c.y.test.mapper.ActionRecordMapper.addActionRecord - <==    Updates: 1
2021-02-06 22:19:26.290 [http-nio-8081-exec-5] DEBUG c.y.test.mapper.ActionRecordMapper.addActionRecord - ==>  Preparing: insert into action_record (id, action, actiontime, operator, service, recordid) values (?, ?, ?, ?, ?, ?)
2021-02-06 22:19:26.290 [http-nio-8081-exec-5] DEBUG c.y.test.mapper.ActionRecordMapper.addActionRecord - ==> Parameters: dafbe2ff-b800-4fd0-90b8-c990565920f3(String), SELECT(String), 2021-02-06 22:19:26(String), 李阳(String), 用户记录表(String), null
2021-02-06 22:19:26.293 [http-nio-8081-exec-5] DEBUG c.y.test.mapper.ActionRecordMapper.addActionRecord - <==    Updates: 1
2021-02-06 22:19:26.837 [http-nio-8081-exec-6] DEBUG c.y.t.m.XiYaoPersonMapper.selectAllXiYaoPerson - ==>  Preparing: select * from record.xiyao_village_person ORDER BY xiyao_village_person.headhousehold
2021-02-06 22:19:26.838 [http-nio-8081-exec-6] DEBUG c.y.t.m.XiYaoPersonMapper.selectAllXiYaoPerson - ==> Parameters: 
2021-02-06 22:19:26.841 [http-nio-8081-exec-6] DEBUG c.y.t.m.XiYaoPersonMapper.selectAllXiYaoPerson - <==      Total: 4
2021-02-06 22:19:26.843 [http-nio-8081-exec-6] DEBUG c.y.test.mapper.ActionRecordMapper.addActionRecord - ==>  Preparing: insert into action_record (id, action, actiontime, operator, service, recordid) values (?, ?, ?, ?, ?, ?)
2021-02-06 22:19:26.844 [http-nio-8081-exec-6] DEBUG c.y.test.mapper.ActionRecordMapper.addActionRecord - ==> Parameters: bdba9cff-60e0-4780-9788-5451691d08d7(String), SELECT(String), 2021-02-06 22:19:26(String), 李阳(String), 西姚花名册记录表(String), null
2021-02-06 22:19:26.849 [http-nio-8081-exec-6] DEBUG c.y.test.mapper.ActionRecordMapper.addActionRecord - <==    Updates: 1
2021-02-06 22:19:27.278 [http-nio-8081-exec-7] DEBUG c.y.t.mapper.LifeRecordMapper.selectAllLifeRecord - ==>  Preparing: select * from record.income_expenditure_record
2021-02-06 22:19:27.279 [http-nio-8081-exec-7] DEBUG c.y.t.mapper.LifeRecordMapper.selectAllLifeRecord - ==> Parameters: 
2021-02-06 22:19:27.286 [http-nio-8081-exec-7] DEBUG c.y.t.mapper.LifeRecordMapper.selectAllLifeRecord - <==      Total: 135
2021-02-06 22:19:27.294 [http-nio-8081-exec-7] DEBUG c.y.test.mapper.ActionRecordMapper.addActionRecord - ==>  Preparing: insert into action_record (id, action, actiontime, operator, service, recordid) values (?, ?, ?, ?, ?, ?)
2021-02-06 22:19:27.295 [http-nio-8081-exec-7] DEBUG c.y.test.mapper.ActionRecordMapper.addActionRecord - ==> Parameters: 590a43d5-a11d-4884-a18a-1e46617f1043(String), SELECT(String), 2021-02-06 22:19:27(String), 李阳(String), 收支记录表(String), null
2021-02-06 22:19:27.299 [http-nio-8081-exec-7] DEBUG c.y.test.mapper.ActionRecordMapper.addActionRecord - <==    Updates: 1
2021-02-06 22:19:27.655 [http-nio-8081-exec-8] DEBUG c.y.test.mapper.ActionRecordMapper.addActionRecord - ==>  Preparing: insert into action_record (id, action, actiontime, operator, service, recordid) values (?, ?, ?, ?, ?, ?)
2021-02-06 22:19:27.656 [http-nio-8081-exec-8] DEBUG c.y.test.mapper.ActionRecordMapper.addActionRecord - ==> Parameters: 5e70b103-5795-4a9a-90fa-b3144c269a5d(String), SELECT(String), 2021-02-06 22:19:27(String), 李阳(String), 用户记录表(String), null
2021-02-06 22:19:27.659 [http-nio-8081-exec-8] DEBUG c.y.test.mapper.ActionRecordMapper.addActionRecord - <==    Updates: 1
2021-02-06 22:19:27.972 [http-nio-8081-exec-9] DEBUG c.y.t.mapper.LifeRecordMapper.selectAllLifeRecord - ==>  Preparing: select * from record.income_expenditure_record
2021-02-06 22:19:27.972 [http-nio-8081-exec-9] DEBUG c.y.t.mapper.LifeRecordMapper.selectAllLifeRecord - ==> Parameters: 
2021-02-06 22:19:27.980 [http-nio-8081-exec-9] DEBUG c.y.t.mapper.LifeRecordMapper.selectAllLifeRecord - <==      Total: 135
2021-02-06 22:19:27.989 [http-nio-8081-exec-9] DEBUG c.y.test.mapper.ActionRecordMapper.addActionRecord - ==>  Preparing: insert into action_record (id, action, actiontime, operator, service, recordid) values (?, ?, ?, ?, ?, ?)
2021-02-06 22:19:27.990 [http-nio-8081-exec-9] DEBUG c.y.test.mapper.ActionRecordMapper.addActionRecord - ==> Parameters: 6f6084bd-ce9a-4717-b289-70931de03307(String), SELECT(String), 2021-02-06 22:19:27(String), 李阳(String), 收支记录表(String), null
2021-02-06 22:19:27.993 [http-nio-8081-exec-9] DEBUG c.y.test.mapper.ActionRecordMapper.addActionRecord - <==    Updates: 1
2021-02-06 22:19:28.463 [http-nio-8081-exec-10] DEBUG c.y.t.m.XiYaoPersonMapper.selectAllXiYaoPerson - ==>  Preparing: select * from record.xiyao_village_person ORDER BY xiyao_village_person.headhousehold
2021-02-06 22:19:28.463 [http-nio-8081-exec-10] DEBUG c.y.t.m.XiYaoPersonMapper.selectAllXiYaoPerson - ==> Parameters: 
2021-02-06 22:19:28.466 [http-nio-8081-exec-10] DEBUG c.y.t.m.XiYaoPersonMapper.selectAllXiYaoPerson - <==      Total: 4
2021-02-06 22:19:28.468 [http-nio-8081-exec-10] DEBUG c.y.test.mapper.ActionRecordMapper.addActionRecord - ==>  Preparing: insert into action_record (id, action, actiontime, operator, service, recordid) values (?, ?, ?, ?, ?, ?)
2021-02-06 22:19:28.468 [http-nio-8081-exec-10] DEBUG c.y.test.mapper.ActionRecordMapper.addActionRecord - ==> Parameters: 86b02c02-c6e5-41ff-9b16-52a49876158b(String), SELECT(String), 2021-02-06 22:19:28(String), 李阳(String), 西姚花名册记录表(String), null
2021-02-06 22:19:28.472 [http-nio-8081-exec-10] DEBUG c.y.test.mapper.ActionRecordMapper.addActionRecord - <==    Updates: 1
2021-02-06 22:19:28.842 [http-nio-8081-exec-2] DEBUG c.y.test.mapper.ActionRecordMapper.addActionRecord - ==>  Preparing: insert into action_record (id, action, actiontime, operator, service, recordid) values (?, ?, ?, ?, ?, ?)
2021-02-06 22:19:28.842 [http-nio-8081-exec-2] DEBUG c.y.test.mapper.ActionRecordMapper.addActionRecord - ==> Parameters: 5bd97d29-110d-4731-9e2f-e051f213b846(String), SELECT(String), 2021-02-06 22:19:28(String), 李阳(String), 用户记录表(String), null
2021-02-06 22:19:28.845 [http-nio-8081-exec-2] DEBUG c.y.test.mapper.ActionRecordMapper.addActionRecord - <==    Updates: 1
2021-02-06 22:19:29.349 [http-nio-8081-exec-3] DEBUG c.y.t.mapper.LifeRecordMapper.selectAllLifeRecord - ==>  Preparing: select * from record.income_expenditure_record
2021-02-06 22:19:29.352 [http-nio-8081-exec-3] DEBUG c.y.t.mapper.LifeRecordMapper.selectAllLifeRecord - ==> Parameters: 
2021-02-06 22:19:29.360 [http-nio-8081-exec-3] DEBUG c.y.t.mapper.LifeRecordMapper.selectAllLifeRecord - <==      Total: 135
2021-02-06 22:19:29.369 [http-nio-8081-exec-3] DEBUG c.y.test.mapper.ActionRecordMapper.addActionRecord - ==>  Preparing: insert into action_record (id, action, actiontime, operator, service, recordid) values (?, ?, ?, ?, ?, ?)
2021-02-06 22:19:29.370 [http-nio-8081-exec-3] DEBUG c.y.test.mapper.ActionRecordMapper.addActionRecord - ==> Parameters: 380e5b59-6a76-47c6-ab40-7043dfbf78c3(String), SELECT(String), 2021-02-06 22:19:29(String), 李阳(String), 收支记录表(String), null
2021-02-06 22:19:29.373 [http-nio-8081-exec-3] DEBUG c.y.test.mapper.ActionRecordMapper.addActionRecord - <==    Updates: 1
2021-02-06 22:30:37.189 [http-nio-8081-exec-1] DEBUG com.yang.test.mapper.UserMapper.findAllUsers - ==>  Preparing: select * from user
2021-02-06 22:30:37.190 [http-nio-8081-exec-1] DEBUG com.yang.test.mapper.UserMapper.findAllUsers - ==> Parameters: 
2021-02-06 22:30:37.191 [http-nio-8081-exec-1] DEBUG com.yang.test.mapper.UserMapper.findAllUsers - <==      Total: 3
2021-02-06 22:30:37.198 [http-nio-8081-exec-1] DEBUG c.y.test.mapper.ActionRecordMapper.addActionRecord - ==>  Preparing: insert into action_record (id, action, actiontime, operator, service, recordid) values (?, ?, ?, ?, ?, ?)
2021-02-06 22:30:37.198 [http-nio-8081-exec-1] DEBUG c.y.test.mapper.ActionRecordMapper.addActionRecord - ==> Parameters: 5d5bcb06-721c-4bf8-b43a-1dea07849b0a(String), SELECT(String), 2021-02-06 22:30:37(String), 李阳(String), 用户记录表(String), null
2021-02-06 22:30:37.202 [http-nio-8081-exec-1] DEBUG c.y.test.mapper.ActionRecordMapper.addActionRecord - <==    Updates: 1
2021-02-06 22:30:37.668 [http-nio-8081-exec-4] DEBUG c.y.t.m.XiYaoPersonMapper.selectAllXiYaoPerson - ==>  Preparing: select * from record.xiyao_village_person ORDER BY xiyao_village_person.headhousehold
2021-02-06 22:30:37.668 [http-nio-8081-exec-4] DEBUG c.y.t.m.XiYaoPersonMapper.selectAllXiYaoPerson - ==> Parameters: 
2021-02-06 22:30:37.671 [http-nio-8081-exec-4] DEBUG c.y.t.m.XiYaoPersonMapper.selectAllXiYaoPerson - <==      Total: 4
2021-02-06 22:30:37.672 [http-nio-8081-exec-4] DEBUG c.y.test.mapper.ActionRecordMapper.addActionRecord - ==>  Preparing: insert into action_record (id, action, actiontime, operator, service, recordid) values (?, ?, ?, ?, ?, ?)
2021-02-06 22:30:37.673 [http-nio-8081-exec-4] DEBUG c.y.test.mapper.ActionRecordMapper.addActionRecord - ==> Parameters: 22385c9b-0c8e-40ef-8319-89f3d4f87d46(String), SELECT(String), 2021-02-06 22:30:37(String), 李阳(String), 西姚花名册记录表(String), null
2021-02-06 22:30:37.677 [http-nio-8081-exec-4] DEBUG c.y.test.mapper.ActionRecordMapper.addActionRecord - <==    Updates: 1
2021-02-06 22:30:38.340 [http-nio-8081-exec-5] DEBUG c.y.test.mapper.PrintIncomeMapper.selectAllRecords - ==>  Preparing: select * from print_income_record
2021-02-06 22:30:38.341 [http-nio-8081-exec-5] DEBUG c.y.test.mapper.PrintIncomeMapper.selectAllRecords - ==> Parameters: 
2021-02-06 22:30:38.345 [http-nio-8081-exec-5] DEBUG c.y.test.mapper.PrintIncomeMapper.selectAllRecords - <==      Total: 113
2021-02-06 22:30:38.351 [http-nio-8081-exec-5] DEBUG c.y.test.mapper.ActionRecordMapper.addActionRecord - ==>  Preparing: insert into action_record (id, action, actiontime, operator, service, recordid) values (?, ?, ?, ?, ?, ?)
2021-02-06 22:30:38.351 [http-nio-8081-exec-5] DEBUG c.y.test.mapper.ActionRecordMapper.addActionRecord - ==> Parameters: 5a737a9e-0656-4908-a210-282bce011c5f(String), SELECT(String), 2021-02-06 22:30:38(String), 李阳(String), 打印收入记录表(String), null
2021-02-06 22:30:38.355 [http-nio-8081-exec-5] DEBUG c.y.test.mapper.ActionRecordMapper.addActionRecord - <==    Updates: 1
2021-02-06 22:32:16.566 [http-nio-8081-exec-6] DEBUG com.yang.test.mapper.UserMapper.findAllUsers - ==>  Preparing: select * from user
2021-02-06 22:32:16.567 [http-nio-8081-exec-6] DEBUG com.yang.test.mapper.UserMapper.findAllUsers - ==> Parameters: 
2021-02-06 22:32:16.569 [http-nio-8081-exec-6] DEBUG com.yang.test.mapper.UserMapper.findAllUsers - <==      Total: 3
2021-02-06 22:32:16.575 [http-nio-8081-exec-6] DEBUG c.y.test.mapper.ActionRecordMapper.addActionRecord - ==>  Preparing: insert into action_record (id, action, actiontime, operator, service, recordid) values (?, ?, ?, ?, ?, ?)
2021-02-06 22:32:16.575 [http-nio-8081-exec-6] DEBUG c.y.test.mapper.ActionRecordMapper.addActionRecord - ==> Parameters: d204e637-003a-4438-ae94-ebe347046bb0(String), SELECT(String), 2021-02-06 22:32:16(String), 李阳(String), 用户记录表(String), null
2021-02-06 22:32:16.580 [http-nio-8081-exec-6] DEBUG c.y.test.mapper.ActionRecordMapper.addActionRecord - <==    Updates: 1
2021-02-06 22:32:17.298 [http-nio-8081-exec-7] DEBUG c.y.t.mapper.LifeRecordMapper.selectAllLifeRecord - ==>  Preparing: select * from record.income_expenditure_record
2021-02-06 22:32:17.298 [http-nio-8081-exec-7] DEBUG c.y.t.mapper.LifeRecordMapper.selectAllLifeRecord - ==> Parameters: 
2021-02-06 22:32:17.306 [http-nio-8081-exec-7] DEBUG c.y.t.mapper.LifeRecordMapper.selectAllLifeRecord - <==      Total: 135
2021-02-06 22:32:17.316 [http-nio-8081-exec-7] DEBUG c.y.test.mapper.ActionRecordMapper.addActionRecord - ==>  Preparing: insert into action_record (id, action, actiontime, operator, service, recordid) values (?, ?, ?, ?, ?, ?)
2021-02-06 22:32:17.316 [http-nio-8081-exec-7] DEBUG c.y.test.mapper.ActionRecordMapper.addActionRecord - ==> Parameters: c05cd7db-2e5a-44e2-8189-07bc8973e423(String), SELECT(String), 2021-02-06 22:32:17(String), 李阳(String), 收支记录表(String), null
2021-02-06 22:32:17.320 [http-nio-8081-exec-7] DEBUG c.y.test.mapper.ActionRecordMapper.addActionRecord - <==    Updates: 1
2021-02-06 22:32:18.294 [http-nio-8081-exec-8] DEBUG c.y.t.m.XiYaoPersonMapper.selectAllXiYaoPerson - ==>  Preparing: select * from record.xiyao_village_person ORDER BY xiyao_village_person.headhousehold
2021-02-06 22:32:18.296 [http-nio-8081-exec-8] DEBUG c.y.t.m.XiYaoPersonMapper.selectAllXiYaoPerson - ==> Parameters: 
2021-02-06 22:32:18.300 [http-nio-8081-exec-8] DEBUG c.y.t.m.XiYaoPersonMapper.selectAllXiYaoPerson - <==      Total: 4
2021-02-06 22:32:18.301 [http-nio-8081-exec-8] DEBUG c.y.test.mapper.ActionRecordMapper.addActionRecord - ==>  Preparing: insert into action_record (id, action, actiontime, operator, service, recordid) values (?, ?, ?, ?, ?, ?)
2021-02-06 22:32:18.301 [http-nio-8081-exec-8] DEBUG c.y.test.mapper.ActionRecordMapper.addActionRecord - ==> Parameters: 19ff2563-a7e3-45e9-b39a-c1584bae375b(String), SELECT(String), 2021-02-06 22:32:18(String), 李阳(String), 西姚花名册记录表(String), null
2021-02-06 22:32:18.305 [http-nio-8081-exec-8] DEBUG c.y.test.mapper.ActionRecordMapper.addActionRecord - <==    Updates: 1
2021-02-06 22:32:19.462 [http-nio-8081-exec-9] DEBUG c.y.test.mapper.PrintIncomeMapper.selectAllRecords - ==>  Preparing: select * from print_income_record
2021-02-06 22:32:19.463 [http-nio-8081-exec-9] DEBUG c.y.test.mapper.PrintIncomeMapper.selectAllRecords - ==> Parameters: 
2021-02-06 22:32:19.469 [http-nio-8081-exec-9] DEBUG c.y.test.mapper.PrintIncomeMapper.selectAllRecords - <==      Total: 113
2021-02-06 22:32:19.474 [http-nio-8081-exec-9] DEBUG c.y.test.mapper.ActionRecordMapper.addActionRecord - ==>  Preparing: insert into action_record (id, action, actiontime, operator, service, recordid) values (?, ?, ?, ?, ?, ?)
2021-02-06 22:32:19.474 [http-nio-8081-exec-9] DEBUG c.y.test.mapper.ActionRecordMapper.addActionRecord - ==> Parameters: 905e2809-2794-4625-86c9-0a1c3cf668c6(String), SELECT(String), 2021-02-06 22:32:19(String), 李阳(String), 打印收入记录表(String), null
2021-02-06 22:32:19.478 [http-nio-8081-exec-9] DEBUG c.y.test.mapper.ActionRecordMapper.addActionRecord - <==    Updates: 1
2021-02-06 22:32:20.003 [http-nio-8081-exec-10] DEBUG c.y.t.mapper.OilRecordMapper.selectAllOilRecords - ==>  Preparing: select * from oil_record
2021-02-06 22:32:20.004 [http-nio-8081-exec-10] DEBUG c.y.t.mapper.OilRecordMapper.selectAllOilRecords - ==> Parameters: 
2021-02-06 22:32:20.009 [http-nio-8081-exec-10] DEBUG c.y.t.mapper.OilRecordMapper.selectAllOilRecords - <==      Total: 54
2021-02-06 22:32:20.011 [http-nio-8081-exec-10] DEBUG c.y.test.mapper.ActionRecordMapper.addActionRecord - ==>  Preparing: insert into action_record (id, action, actiontime, operator, service, recordid) values (?, ?, ?, ?, ?, ?)
2021-02-06 22:32:20.011 [http-nio-8081-exec-10] DEBUG c.y.test.mapper.ActionRecordMapper.addActionRecord - ==> Parameters: 9333c3e5-7850-413e-b83d-8b36b3b70470(String), SELECT(String), 2021-02-06 22:32:20(String), 李阳(String), 加油记录表(String), null
2021-02-06 22:32:20.015 [http-nio-8081-exec-10] DEBUG c.y.test.mapper.ActionRecordMapper.addActionRecord - <==    Updates: 1
2021-02-06 22:34:22.118 [http-nio-8081-exec-2] DEBUG c.y.test.mapper.PrintIncomeMapper.selectAllRecords - ==>  Preparing: select * from print_income_record
2021-02-06 22:34:22.119 [http-nio-8081-exec-2] DEBUG c.y.test.mapper.PrintIncomeMapper.selectAllRecords - ==> Parameters: 
2021-02-06 22:34:22.123 [http-nio-8081-exec-2] DEBUG c.y.test.mapper.PrintIncomeMapper.selectAllRecords - <==      Total: 113
2021-02-06 22:34:22.129 [http-nio-8081-exec-2] DEBUG c.y.test.mapper.ActionRecordMapper.addActionRecord - ==>  Preparing: insert into action_record (id, action, actiontime, operator, service, recordid) values (?, ?, ?, ?, ?, ?)
2021-02-06 22:34:22.129 [http-nio-8081-exec-2] DEBUG c.y.test.mapper.ActionRecordMapper.addActionRecord - ==> Parameters: e593cf22-1d7b-4dab-8226-5afbbc56881f(String), SELECT(String), 2021-02-06 22:34:22(String), 李阳(String), 打印收入记录表(String), null
2021-02-06 22:34:22.134 [http-nio-8081-exec-2] DEBUG c.y.test.mapper.ActionRecordMapper.addActionRecord - <==    Updates: 1
2021-02-06 22:34:22.403 [http-nio-8081-exec-3] DEBUG c.y.t.mapper.OilRecordMapper.selectAllOilRecords - ==>  Preparing: select * from oil_record
2021-02-06 22:34:22.405 [http-nio-8081-exec-3] DEBUG c.y.t.mapper.OilRecordMapper.selectAllOilRecords - ==> Parameters: 
2021-02-06 22:34:22.410 [http-nio-8081-exec-3] DEBUG c.y.t.mapper.OilRecordMapper.selectAllOilRecords - <==      Total: 54
2021-02-06 22:34:22.413 [http-nio-8081-exec-3] DEBUG c.y.test.mapper.ActionRecordMapper.addActionRecord - ==>  Preparing: insert into action_record (id, action, actiontime, operator, service, recordid) values (?, ?, ?, ?, ?, ?)
2021-02-06 22:34:22.413 [http-nio-8081-exec-3] DEBUG c.y.test.mapper.ActionRecordMapper.addActionRecord - ==> Parameters: 239d92b6-3bbd-4660-8d09-fb4b8b5a75d9(String), SELECT(String), 2021-02-06 22:34:22(String), 李阳(String), 加油记录表(String), null
2021-02-06 22:34:22.417 [http-nio-8081-exec-3] DEBUG c.y.test.mapper.ActionRecordMapper.addActionRecord - <==    Updates: 1
2021-02-06 22:34:23.123 [http-nio-8081-exec-1] DEBUG c.y.test.mapper.PrintIncomeMapper.selectAllRecords - ==>  Preparing: select * from print_income_record
2021-02-06 22:34:23.125 [http-nio-8081-exec-1] DEBUG c.y.test.mapper.PrintIncomeMapper.selectAllRecords - ==> Parameters: 
2021-02-06 22:34:23.131 [http-nio-8081-exec-1] DEBUG c.y.test.mapper.PrintIncomeMapper.selectAllRecords - <==      Total: 113
2021-02-06 22:34:23.136 [http-nio-8081-exec-1] DEBUG c.y.test.mapper.ActionRecordMapper.addActionRecord - ==>  Preparing: insert into action_record (id, action, actiontime, operator, service, recordid) values (?, ?, ?, ?, ?, ?)
2021-02-06 22:34:23.136 [http-nio-8081-exec-1] DEBUG c.y.test.mapper.ActionRecordMapper.addActionRecord - ==> Parameters: 863889c6-5835-44ed-98de-f24c9c2bc14c(String), SELECT(String), 2021-02-06 22:34:23(String), 李阳(String), 打印收入记录表(String), null
2021-02-06 22:34:23.141 [http-nio-8081-exec-1] DEBUG c.y.test.mapper.ActionRecordMapper.addActionRecord - <==    Updates: 1
2021-02-06 22:34:23.640 [http-nio-8081-exec-4] DEBUG c.y.t.m.XiYaoPersonMapper.selectAllXiYaoPerson - ==>  Preparing: select * from record.xiyao_village_person ORDER BY xiyao_village_person.headhousehold
2021-02-06 22:34:23.640 [http-nio-8081-exec-4] DEBUG c.y.t.m.XiYaoPersonMapper.selectAllXiYaoPerson - ==> Parameters: 
2021-02-06 22:34:23.643 [http-nio-8081-exec-4] DEBUG c.y.t.m.XiYaoPersonMapper.selectAllXiYaoPerson - <==      Total: 4
2021-02-06 22:34:23.645 [http-nio-8081-exec-4] DEBUG c.y.test.mapper.ActionRecordMapper.addActionRecord - ==>  Preparing: insert into action_record (id, action, actiontime, operator, service, recordid) values (?, ?, ?, ?, ?, ?)
2021-02-06 22:34:23.645 [http-nio-8081-exec-4] DEBUG c.y.test.mapper.ActionRecordMapper.addActionRecord - ==> Parameters: 0c8b7ba8-66c1-4f18-90d3-046edd34407d(String), SELECT(String), 2021-02-06 22:34:23(String), 李阳(String), 西姚花名册记录表(String), null
2021-02-06 22:34:23.649 [http-nio-8081-exec-4] DEBUG c.y.test.mapper.ActionRecordMapper.addActionRecord - <==    Updates: 1
