2021-01-17 23:15:09.807 [http-nio-8081-exec-1] DEBUG com.yang.test.mapper.UserMapper.findAllUsers - ==>  Preparing: select * from user
2021-01-17 23:15:10.006 [http-nio-8081-exec-1] DEBUG com.yang.test.mapper.UserMapper.findAllUsers - ==> Parameters: 
2021-01-17 23:15:10.095 [http-nio-8081-exec-1] DEBUG com.yang.test.mapper.UserMapper.findAllUsers - <==      Total: 3
2021-01-17 23:15:10.116 [http-nio-8081-exec-1] DEBUG com.yang.test.mapper.UserMapper.login - ==>  Preparing: select * from user where username = ? and userpassword = ?
2021-01-17 23:15:10.168 [http-nio-8081-exec-1] DEBUG com.yang.test.mapper.UserMapper.login - ==> Parameters: a(String), a(String)
2021-01-17 23:15:10.173 [http-nio-8081-exec-1] DEBUG com.yang.test.mapper.UserMapper.login - <==      Total: 1
2021-01-17 23:15:10.176 [http-nio-8081-exec-1] DEBUG c.y.test.mapper.ActionRecordMapper.addActionRecord - ==>  Preparing: insert into action_record (id, action, actiontime, operator, service, recordid) values (?, ?, ?, ?, ?, ?)
2021-01-17 23:15:10.184 [http-nio-8081-exec-1] DEBUG c.y.test.mapper.ActionRecordMapper.addActionRecord - ==> Parameters: 37489cdf-ad18-4e57-9f38-1d87ca60e605(String), LOGIN(String), 2021-01-17 23:15:10(String), 李阳(String), 用户记录表(String), null
2021-01-17 23:15:10.207 [http-nio-8081-exec-1] DEBUG c.y.test.mapper.ActionRecordMapper.addActionRecord - <==    Updates: 1
2021-01-17 23:15:10.566 [http-nio-8081-exec-2] DEBUG c.y.t.mapper.OilRecordMapper.selectAllOilRecords - ==>  Preparing: select * from oil_record
2021-01-17 23:15:10.579 [http-nio-8081-exec-2] DEBUG c.y.t.mapper.OilRecordMapper.selectAllOilRecords - ==> Parameters: 
2021-01-17 23:15:10.626 [http-nio-8081-exec-2] DEBUG c.y.t.mapper.OilRecordMapper.selectAllOilRecords - <==      Total: 52
2021-01-17 23:15:10.661 [http-nio-8081-exec-2] DEBUG c.y.test.mapper.ActionRecordMapper.addActionRecord - ==>  Preparing: insert into action_record (id, action, actiontime, operator, service, recordid) values (?, ?, ?, ?, ?, ?)
2021-01-17 23:15:10.662 [http-nio-8081-exec-2] DEBUG c.y.test.mapper.ActionRecordMapper.addActionRecord - ==> Parameters: 6f3b20ba-5f93-4827-943e-b81ae40d9939(String), SELECT(String), 2021-01-17 23:15:10(String), 李阳(String), 加油记录表(String), null
2021-01-17 23:15:10.668 [http-nio-8081-exec-2] DEBUG c.y.test.mapper.ActionRecordMapper.addActionRecord - <==    Updates: 1
2021-01-17 23:15:28.803 [http-nio-8081-exec-3] DEBUG c.y.test.mapper.PrintIncomeMapper.selectAllRecords - ==>  Preparing: select * from print_income_record
2021-01-17 23:15:28.804 [http-nio-8081-exec-3] DEBUG c.y.test.mapper.PrintIncomeMapper.selectAllRecords - ==> Parameters: 
2021-01-17 23:15:28.836 [http-nio-8081-exec-3] DEBUG c.y.test.mapper.PrintIncomeMapper.selectAllRecords - <==      Total: 113
2021-01-17 23:15:28.847 [http-nio-8081-exec-3] DEBUG c.y.test.mapper.ActionRecordMapper.addActionRecord - ==>  Preparing: insert into action_record (id, action, actiontime, operator, service, recordid) values (?, ?, ?, ?, ?, ?)
2021-01-17 23:15:28.848 [http-nio-8081-exec-3] DEBUG c.y.test.mapper.ActionRecordMapper.addActionRecord - ==> Parameters: 2b343c7e-cc28-43c9-ae6a-4b3ec52ed5d6(String), SELECT(String), 2021-01-17 23:15:28(String), 李阳(String), 打印收入记录表(String), null
2021-01-17 23:15:28.852 [http-nio-8081-exec-3] DEBUG c.y.test.mapper.ActionRecordMapper.addActionRecord - <==    Updates: 1
2021-01-17 23:15:35.656 [http-nio-8081-exec-4] DEBUG c.y.t.m.XiYaoPersonMapper.selectAllXiYaoPerson - ==>  Preparing: select * from record.xiyao_village_person ORDER BY xiyao_village_person.headhousehold
2021-01-17 23:15:35.661 [http-nio-8081-exec-4] DEBUG c.y.t.m.XiYaoPersonMapper.selectAllXiYaoPerson - ==> Parameters: 
2021-01-17 23:15:35.675 [http-nio-8081-exec-4] DEBUG c.y.t.m.XiYaoPersonMapper.selectAllXiYaoPerson - <==      Total: 4
2021-01-17 23:15:35.678 [http-nio-8081-exec-4] DEBUG c.y.test.mapper.ActionRecordMapper.addActionRecord - ==>  Preparing: insert into action_record (id, action, actiontime, operator, service, recordid) values (?, ?, ?, ?, ?, ?)
2021-01-17 23:15:35.679 [http-nio-8081-exec-4] DEBUG c.y.test.mapper.ActionRecordMapper.addActionRecord - ==> Parameters: 30c829ac-a221-4946-bc52-46a0f95fcf8c(String), SELECT(String), 2021-01-17 23:15:35(String), 李阳(String), 西姚花名册记录表(String), null
2021-01-17 23:15:35.684 [http-nio-8081-exec-4] DEBUG c.y.test.mapper.ActionRecordMapper.addActionRecord - <==    Updates: 1
2021-01-17 23:15:37.589 [http-nio-8081-exec-5] DEBUG c.y.t.mapper.LifeRecordMapper.selectAllLifeRecord - ==>  Preparing: select * from record.income_expenditure_record
2021-01-17 23:15:37.591 [http-nio-8081-exec-5] DEBUG c.y.t.mapper.LifeRecordMapper.selectAllLifeRecord - ==> Parameters: 
2021-01-17 23:15:37.630 [http-nio-8081-exec-5] DEBUG c.y.t.mapper.LifeRecordMapper.selectAllLifeRecord - <==      Total: 127
2021-01-17 23:15:37.801 [http-nio-8081-exec-5] DEBUG c.y.test.mapper.ActionRecordMapper.addActionRecord - ==>  Preparing: insert into action_record (id, action, actiontime, operator, service, recordid) values (?, ?, ?, ?, ?, ?)
2021-01-17 23:15:37.801 [http-nio-8081-exec-5] DEBUG c.y.test.mapper.ActionRecordMapper.addActionRecord - ==> Parameters: 7cf9bf79-1b86-4961-8d87-99d5d5ce84fb(String), SELECT(String), 2021-01-17 23:15:37(String), 李阳(String), 收支记录表(String), null
2021-01-17 23:15:37.806 [http-nio-8081-exec-5] DEBUG c.y.test.mapper.ActionRecordMapper.addActionRecord - <==    Updates: 1
2021-01-17 23:15:42.227 [http-nio-8081-exec-6] DEBUG c.y.t.m.L.selectLifeRecordByCategoryID - ==>  Preparing: select * from record.income_expenditure_record where category_id = ?
2021-01-17 23:15:42.231 [http-nio-8081-exec-6] DEBUG c.y.t.m.L.selectLifeRecordByCategoryID - ==> Parameters: 1(Integer)
2021-01-17 23:15:42.238 [http-nio-8081-exec-6] DEBUG c.y.t.m.L.selectLifeRecordByCategoryID - <==      Total: 13
2021-01-17 23:15:42.242 [http-nio-8081-exec-6] DEBUG c.y.test.mapper.ActionRecordMapper.addActionRecord - ==>  Preparing: insert into action_record (id, action, actiontime, operator, service, recordid) values (?, ?, ?, ?, ?, ?)
2021-01-17 23:15:42.243 [http-nio-8081-exec-6] DEBUG c.y.test.mapper.ActionRecordMapper.addActionRecord - ==> Parameters: a93882d5-92ef-4ec2-b144-f1c36d0fe4c1(String), SELECT(String), 2021-01-17 23:15:42(String), 李阳(String), 收支记录表(String), null
2021-01-17 23:15:42.247 [http-nio-8081-exec-6] DEBUG c.y.test.mapper.ActionRecordMapper.addActionRecord - <==    Updates: 1
2021-01-17 23:15:46.807 [http-nio-8081-exec-7] DEBUG c.y.t.m.L.selectLifeRecordByCategoryID - ==>  Preparing: select * from record.income_expenditure_record where category_id = ?
2021-01-17 23:15:46.808 [http-nio-8081-exec-7] DEBUG c.y.t.m.L.selectLifeRecordByCategoryID - ==> Parameters: 2(Integer)
2021-01-17 23:15:46.812 [http-nio-8081-exec-7] DEBUG c.y.t.m.L.selectLifeRecordByCategoryID - <==      Total: 15
2021-01-17 23:15:46.814 [http-nio-8081-exec-7] DEBUG c.y.test.mapper.ActionRecordMapper.addActionRecord - ==>  Preparing: insert into action_record (id, action, actiontime, operator, service, recordid) values (?, ?, ?, ?, ?, ?)
2021-01-17 23:15:46.815 [http-nio-8081-exec-7] DEBUG c.y.test.mapper.ActionRecordMapper.addActionRecord - ==> Parameters: fcde46ee-5a3e-47d6-8d74-55cd4d1204c6(String), SELECT(String), 2021-01-17 23:15:46(String), 李阳(String), 收支记录表(String), null
2021-01-17 23:15:46.820 [http-nio-8081-exec-7] DEBUG c.y.test.mapper.ActionRecordMapper.addActionRecord - <==    Updates: 1
2021-01-17 23:15:48.931 [http-nio-8081-exec-8] DEBUG c.y.t.m.L.selectLifeRecordByCategoryID - ==>  Preparing: select * from record.income_expenditure_record where category_id = ?
2021-01-17 23:15:48.933 [http-nio-8081-exec-8] DEBUG c.y.t.m.L.selectLifeRecordByCategoryID - ==> Parameters: 3(Integer)
2021-01-17 23:15:48.937 [http-nio-8081-exec-8] DEBUG c.y.t.m.L.selectLifeRecordByCategoryID - <==      Total: 15
2021-01-17 23:15:48.939 [http-nio-8081-exec-8] DEBUG c.y.test.mapper.ActionRecordMapper.addActionRecord - ==>  Preparing: insert into action_record (id, action, actiontime, operator, service, recordid) values (?, ?, ?, ?, ?, ?)
2021-01-17 23:15:48.941 [http-nio-8081-exec-8] DEBUG c.y.test.mapper.ActionRecordMapper.addActionRecord - ==> Parameters: 13ad465a-4806-422b-af9e-690e01b44203(String), SELECT(String), 2021-01-17 23:15:48(String), 李阳(String), 收支记录表(String), null
2021-01-17 23:15:48.945 [http-nio-8081-exec-8] DEBUG c.y.test.mapper.ActionRecordMapper.addActionRecord - <==    Updates: 1
2021-01-17 23:15:52.348 [http-nio-8081-exec-9] DEBUG c.y.t.m.L.selectLifeRecordByCategoryID - ==>  Preparing: select * from record.income_expenditure_record where category_id = ?
2021-01-17 23:15:52.349 [http-nio-8081-exec-9] DEBUG c.y.t.m.L.selectLifeRecordByCategoryID - ==> Parameters: 4(Integer)
2021-01-17 23:15:52.354 [http-nio-8081-exec-9] DEBUG c.y.t.m.L.selectLifeRecordByCategoryID - <==      Total: 1
2021-01-17 23:15:52.356 [http-nio-8081-exec-9] DEBUG c.y.test.mapper.ActionRecordMapper.addActionRecord - ==>  Preparing: insert into action_record (id, action, actiontime, operator, service, recordid) values (?, ?, ?, ?, ?, ?)
2021-01-17 23:15:52.357 [http-nio-8081-exec-9] DEBUG c.y.test.mapper.ActionRecordMapper.addActionRecord - ==> Parameters: d63337de-0e42-4218-8723-31c81f05e212(String), SELECT(String), 2021-01-17 23:15:52(String), 李阳(String), 收支记录表(String), null
2021-01-17 23:15:52.361 [http-nio-8081-exec-9] DEBUG c.y.test.mapper.ActionRecordMapper.addActionRecord - <==    Updates: 1
2021-01-17 23:15:54.372 [http-nio-8081-exec-10] DEBUG c.y.t.m.L.selectLifeRecordByCategoryID - ==>  Preparing: select * from record.income_expenditure_record where category_id = ?
2021-01-17 23:15:54.373 [http-nio-8081-exec-10] DEBUG c.y.t.m.L.selectLifeRecordByCategoryID - ==> Parameters: 5(Integer)
2021-01-17 23:15:54.376 [http-nio-8081-exec-10] DEBUG c.y.t.m.L.selectLifeRecordByCategoryID - <==      Total: 21
2021-01-17 23:15:54.378 [http-nio-8081-exec-10] DEBUG c.y.test.mapper.ActionRecordMapper.addActionRecord - ==>  Preparing: insert into action_record (id, action, actiontime, operator, service, recordid) values (?, ?, ?, ?, ?, ?)
2021-01-17 23:15:54.379 [http-nio-8081-exec-10] DEBUG c.y.test.mapper.ActionRecordMapper.addActionRecord - ==> Parameters: 601fc79d-63b5-4b6a-af95-16fb7653016a(String), SELECT(String), 2021-01-17 23:15:54(String), 李阳(String), 收支记录表(String), null
2021-01-17 23:15:54.384 [http-nio-8081-exec-10] DEBUG c.y.test.mapper.ActionRecordMapper.addActionRecord - <==    Updates: 1
2021-01-17 23:16:17.784 [http-nio-8081-exec-1] DEBUG c.y.t.mapper.LifeRecordMapper.updateLifeRecordByID - ==>  Preparing: update income_expenditure_record set produce_record_date = ?, category_id = ?, category = ?, record_producer = ?, money = ?, last_update_date = ?, remark = ?, operator = ? where id = ?
2021-01-17 23:16:17.792 [http-nio-8081-exec-1] DEBUG c.y.t.mapper.LifeRecordMapper.updateLifeRecordByID - ==> Parameters: 2020-08-15 15:11:27(String), 5(Integer), 上课(String), 李阳(String), 2400.0(Double), 2021-01-17 23:16:17(String), 张靓颖 八下结课(String), (String), c8209356-6ad7-4758-bc21-f46ba1d8173a(String)
2021-01-17 23:16:17.800 [http-nio-8081-exec-1] DEBUG c.y.t.mapper.LifeRecordMapper.updateLifeRecordByID - <==    Updates: 1
2021-01-17 23:16:17.802 [http-nio-8081-exec-1] DEBUG c.y.test.mapper.ActionRecordMapper.addActionRecord - ==>  Preparing: insert into action_record (id, action, actiontime, operator, service, recordid) values (?, ?, ?, ?, ?, ?)
2021-01-17 23:16:17.802 [http-nio-8081-exec-1] DEBUG c.y.test.mapper.ActionRecordMapper.addActionRecord - ==> Parameters: bed0fed2-280e-4800-a7ac-2a8247a2ae0f(String), UPDATE(String), 2021-01-17 23:16:17(String), 李阳(String), 收支记录表(String), c8209356-6ad7-4758-bc21-f46ba1d8173a(String)
2021-01-17 23:16:17.806 [http-nio-8081-exec-1] DEBUG c.y.test.mapper.ActionRecordMapper.addActionRecord - <==    Updates: 1
2021-01-17 23:16:17.977 [http-nio-8081-exec-2] DEBUG c.y.t.mapper.LifeRecordMapper.selectAllLifeRecord - ==>  Preparing: select * from record.income_expenditure_record
2021-01-17 23:16:17.977 [http-nio-8081-exec-2] DEBUG c.y.t.mapper.LifeRecordMapper.selectAllLifeRecord - ==> Parameters: 
2021-01-17 23:16:17.990 [http-nio-8081-exec-2] DEBUG c.y.t.mapper.LifeRecordMapper.selectAllLifeRecord - <==      Total: 127
2021-01-17 23:16:17.998 [http-nio-8081-exec-2] DEBUG c.y.test.mapper.ActionRecordMapper.addActionRecord - ==>  Preparing: insert into action_record (id, action, actiontime, operator, service, recordid) values (?, ?, ?, ?, ?, ?)
2021-01-17 23:16:17.999 [http-nio-8081-exec-2] DEBUG c.y.test.mapper.ActionRecordMapper.addActionRecord - ==> Parameters: 1a2e5f83-bfb2-4e4c-a361-b719f7f1997f(String), SELECT(String), 2021-01-17 23:16:17(String), 李阳(String), 收支记录表(String), null
2021-01-17 23:16:18.003 [http-nio-8081-exec-2] DEBUG c.y.test.mapper.ActionRecordMapper.addActionRecord - <==    Updates: 1
2021-01-17 23:16:21.502 [http-nio-8081-exec-3] DEBUG com.yang.test.mapper.UserMapper.findAllUsers - ==>  Preparing: select * from user
2021-01-17 23:16:21.503 [http-nio-8081-exec-3] DEBUG com.yang.test.mapper.UserMapper.findAllUsers - ==> Parameters: 
2021-01-17 23:16:21.506 [http-nio-8081-exec-3] DEBUG com.yang.test.mapper.UserMapper.findAllUsers - <==      Total: 3
2021-01-17 23:16:21.547 [http-nio-8081-exec-3] DEBUG c.y.test.mapper.ActionRecordMapper.addActionRecord - ==>  Preparing: insert into action_record (id, action, actiontime, operator, service, recordid) values (?, ?, ?, ?, ?, ?)
2021-01-17 23:16:21.547 [http-nio-8081-exec-3] DEBUG c.y.test.mapper.ActionRecordMapper.addActionRecord - ==> Parameters: dd7c95ad-ac36-4069-aa62-553755a6e920(String), SELECT(String), 2021-01-17 23:16:21(String), 李阳(String), 用户记录表(String), null
2021-01-17 23:16:21.551 [http-nio-8081-exec-3] DEBUG c.y.test.mapper.ActionRecordMapper.addActionRecord - <==    Updates: 1
