2020-12-26 10:22:33.311 [http-nio-8081-exec-1] DEBUG com.yang.test.mapper.UserMapper.findAllUsers - ==>  Preparing: select * from user
2020-12-26 10:22:33.535 [http-nio-8081-exec-1] DEBUG com.yang.test.mapper.UserMapper.findAllUsers - ==> Parameters: 
2020-12-26 10:22:33.619 [http-nio-8081-exec-1] DEBUG com.yang.test.mapper.UserMapper.findAllUsers - <==      Total: 3
2020-12-26 10:22:33.639 [http-nio-8081-exec-1] DEBUG com.yang.test.mapper.UserMapper.login - ==>  Preparing: select * from user where username = ? and userpassword = ?
2020-12-26 10:22:33.700 [http-nio-8081-exec-1] DEBUG com.yang.test.mapper.UserMapper.login - ==> Parameters: a(String), a(String)
2020-12-26 10:22:33.706 [http-nio-8081-exec-1] DEBUG com.yang.test.mapper.UserMapper.login - <==      Total: 1
2020-12-26 10:22:33.710 [http-nio-8081-exec-1] DEBUG c.y.test.mapper.ActionRecordMapper.addActionRecord - ==>  Preparing: insert into action_record (id, action, actiontime, operator, service, recordid) values (?, ?, ?, ?, ?, ?)
2020-12-26 10:22:33.724 [http-nio-8081-exec-1] DEBUG c.y.test.mapper.ActionRecordMapper.addActionRecord - ==> Parameters: a4f2a067-6ea0-4378-ba5e-ef0fe0e3ead9(String), LOGIN(String), 2020-12-26 10:22:33(String), 李阳(String), 用户记录表(String), null
2020-12-26 10:22:33.739 [http-nio-8081-exec-1] DEBUG c.y.test.mapper.ActionRecordMapper.addActionRecord - <==    Updates: 1
2020-12-26 10:22:34.309 [http-nio-8081-exec-2] DEBUG c.y.t.mapper.OilRecordMapper.selectAllOilRecords - ==>  Preparing: select * from oil_record
2020-12-26 10:22:34.310 [http-nio-8081-exec-2] DEBUG c.y.t.mapper.OilRecordMapper.selectAllOilRecords - ==> Parameters: 
2020-12-26 10:22:34.366 [http-nio-8081-exec-2] DEBUG c.y.t.mapper.OilRecordMapper.selectAllOilRecords - <==      Total: 46
2020-12-26 10:22:34.487 [http-nio-8081-exec-2] DEBUG c.y.test.mapper.ActionRecordMapper.addActionRecord - ==>  Preparing: insert into action_record (id, action, actiontime, operator, service, recordid) values (?, ?, ?, ?, ?, ?)
2020-12-26 10:22:34.488 [http-nio-8081-exec-2] DEBUG c.y.test.mapper.ActionRecordMapper.addActionRecord - ==> Parameters: 59928eb3-8d95-4634-a157-d9c9d133c455(String), SELECT(String), 2020-12-26 10:22:34(String), 李阳(String), 加油记录表(String), null
2020-12-26 10:22:34.494 [http-nio-8081-exec-2] DEBUG c.y.test.mapper.ActionRecordMapper.addActionRecord - <==    Updates: 1
2020-12-26 10:22:40.168 [http-nio-8081-exec-4] DEBUG c.y.test.mapper.PrintIncomeMapper.selectAllRecords - ==>  Preparing: select * from print_income_record
2020-12-26 10:22:40.171 [http-nio-8081-exec-4] DEBUG c.y.test.mapper.PrintIncomeMapper.selectAllRecords - ==> Parameters: 
2020-12-26 10:22:40.199 [http-nio-8081-exec-4] DEBUG c.y.test.mapper.PrintIncomeMapper.selectAllRecords - <==      Total: 113
2020-12-26 10:22:40.208 [http-nio-8081-exec-4] DEBUG c.y.test.mapper.ActionRecordMapper.addActionRecord - ==>  Preparing: insert into action_record (id, action, actiontime, operator, service, recordid) values (?, ?, ?, ?, ?, ?)
2020-12-26 10:22:40.209 [http-nio-8081-exec-4] DEBUG c.y.test.mapper.ActionRecordMapper.addActionRecord - ==> Parameters: 3ee66a69-d64e-4304-a5c4-39f380edf2c7(String), SELECT(String), 2020-12-26 10:22:40(String), 李阳(String), 打印收入记录表(String), null
2020-12-26 10:22:40.213 [http-nio-8081-exec-4] DEBUG c.y.test.mapper.ActionRecordMapper.addActionRecord - <==    Updates: 1
2020-12-26 10:22:41.643 [http-nio-8081-exec-3] DEBUG c.y.t.m.XiYaoPersonMapper.selectAllXiYaoPerson - ==>  Preparing: select * from record.xiyao_village_person ORDER BY xiyao_village_person.headhousehold
2020-12-26 10:22:41.648 [http-nio-8081-exec-3] DEBUG c.y.t.m.XiYaoPersonMapper.selectAllXiYaoPerson - ==> Parameters: 
2020-12-26 10:22:41.661 [http-nio-8081-exec-3] DEBUG c.y.t.m.XiYaoPersonMapper.selectAllXiYaoPerson - <==      Total: 4
2020-12-26 10:22:41.663 [http-nio-8081-exec-3] DEBUG c.y.test.mapper.ActionRecordMapper.addActionRecord - ==>  Preparing: insert into action_record (id, action, actiontime, operator, service, recordid) values (?, ?, ?, ?, ?, ?)
2020-12-26 10:22:41.664 [http-nio-8081-exec-3] DEBUG c.y.test.mapper.ActionRecordMapper.addActionRecord - ==> Parameters: 1b7ad010-b077-4247-8a49-95367e7beb4e(String), SELECT(String), 2020-12-26 10:22:41(String), 李阳(String), 西姚花名册记录表(String), null
2020-12-26 10:22:41.668 [http-nio-8081-exec-3] DEBUG c.y.test.mapper.ActionRecordMapper.addActionRecord - <==    Updates: 1
2020-12-26 10:22:43.103 [http-nio-8081-exec-5] DEBUG c.y.t.mapper.LifeRecordMapper.selectAllLifeRecord - ==>  Preparing: select * from record.income_expenditure_record
2020-12-26 10:22:43.106 [http-nio-8081-exec-5] DEBUG c.y.t.mapper.LifeRecordMapper.selectAllLifeRecord - ==> Parameters: 
2020-12-26 10:22:43.141 [http-nio-8081-exec-5] DEBUG c.y.t.mapper.LifeRecordMapper.selectAllLifeRecord - <==      Total: 107
2020-12-26 10:22:43.328 [http-nio-8081-exec-5] DEBUG c.y.test.mapper.ActionRecordMapper.addActionRecord - ==>  Preparing: insert into action_record (id, action, actiontime, operator, service, recordid) values (?, ?, ?, ?, ?, ?)
2020-12-26 10:22:43.328 [http-nio-8081-exec-5] DEBUG c.y.test.mapper.ActionRecordMapper.addActionRecord - ==> Parameters: 68fbc5a6-9642-4c92-bf24-1e02560262bb(String), SELECT(String), 2020-12-26 10:22:43(String), 李阳(String), 收支记录表(String), null
2020-12-26 10:22:43.332 [http-nio-8081-exec-5] DEBUG c.y.test.mapper.ActionRecordMapper.addActionRecord - <==    Updates: 1
2020-12-26 10:22:45.684 [http-nio-8081-exec-6] DEBUG com.yang.test.mapper.UserMapper.findAllUsers - ==>  Preparing: select * from user
2020-12-26 10:22:45.684 [http-nio-8081-exec-6] DEBUG com.yang.test.mapper.UserMapper.findAllUsers - ==> Parameters: 
2020-12-26 10:22:45.687 [http-nio-8081-exec-6] DEBUG com.yang.test.mapper.UserMapper.findAllUsers - <==      Total: 3
2020-12-26 10:22:45.728 [http-nio-8081-exec-6] DEBUG c.y.test.mapper.ActionRecordMapper.addActionRecord - ==>  Preparing: insert into action_record (id, action, actiontime, operator, service, recordid) values (?, ?, ?, ?, ?, ?)
2020-12-26 10:22:45.729 [http-nio-8081-exec-6] DEBUG c.y.test.mapper.ActionRecordMapper.addActionRecord - ==> Parameters: 0d592b0d-28e8-444f-86e2-0ea496a8ec6d(String), SELECT(String), 2020-12-26 10:22:45(String), 李阳(String), 用户记录表(String), null
2020-12-26 10:22:45.733 [http-nio-8081-exec-6] DEBUG c.y.test.mapper.ActionRecordMapper.addActionRecord - <==    Updates: 1
2020-12-26 10:22:46.856 [http-nio-8081-exec-7] DEBUG c.y.t.mapper.LifeRecordMapper.selectAllLifeRecord - ==>  Preparing: select * from record.income_expenditure_record
2020-12-26 10:22:46.859 [http-nio-8081-exec-7] DEBUG c.y.t.mapper.LifeRecordMapper.selectAllLifeRecord - ==> Parameters: 
2020-12-26 10:22:46.874 [http-nio-8081-exec-7] DEBUG c.y.t.mapper.LifeRecordMapper.selectAllLifeRecord - <==      Total: 107
2020-12-26 10:22:46.885 [http-nio-8081-exec-7] DEBUG c.y.test.mapper.ActionRecordMapper.addActionRecord - ==>  Preparing: insert into action_record (id, action, actiontime, operator, service, recordid) values (?, ?, ?, ?, ?, ?)
2020-12-26 10:22:46.886 [http-nio-8081-exec-7] DEBUG c.y.test.mapper.ActionRecordMapper.addActionRecord - ==> Parameters: a3de40ec-6b18-434e-9f64-ad43fbdc2336(String), SELECT(String), 2020-12-26 10:22:46(String), 李阳(String), 收支记录表(String), null
2020-12-26 10:22:46.890 [http-nio-8081-exec-7] DEBUG c.y.test.mapper.ActionRecordMapper.addActionRecord - <==    Updates: 1
2020-12-26 10:22:48.063 [http-nio-8081-exec-8] DEBUG c.y.t.m.XiYaoPersonMapper.selectAllXiYaoPerson - ==>  Preparing: select * from record.xiyao_village_person ORDER BY xiyao_village_person.headhousehold
2020-12-26 10:22:48.065 [http-nio-8081-exec-8] DEBUG c.y.t.m.XiYaoPersonMapper.selectAllXiYaoPerson - ==> Parameters: 
2020-12-26 10:22:48.069 [http-nio-8081-exec-8] DEBUG c.y.t.m.XiYaoPersonMapper.selectAllXiYaoPerson - <==      Total: 4
2020-12-26 10:22:48.071 [http-nio-8081-exec-8] DEBUG c.y.test.mapper.ActionRecordMapper.addActionRecord - ==>  Preparing: insert into action_record (id, action, actiontime, operator, service, recordid) values (?, ?, ?, ?, ?, ?)
2020-12-26 10:22:48.072 [http-nio-8081-exec-8] DEBUG c.y.test.mapper.ActionRecordMapper.addActionRecord - ==> Parameters: b92f573e-2915-4c06-b383-0841f26617e2(String), SELECT(String), 2020-12-26 10:22:48(String), 李阳(String), 西姚花名册记录表(String), null
2020-12-26 10:22:48.076 [http-nio-8081-exec-8] DEBUG c.y.test.mapper.ActionRecordMapper.addActionRecord - <==    Updates: 1
2020-12-26 10:22:50.876 [http-nio-8081-exec-9] DEBUG c.y.t.mapper.LifeRecordMapper.selectAllLifeRecord - ==>  Preparing: select * from record.income_expenditure_record
2020-12-26 10:22:50.877 [http-nio-8081-exec-9] DEBUG c.y.t.mapper.LifeRecordMapper.selectAllLifeRecord - ==> Parameters: 
2020-12-26 10:22:50.888 [http-nio-8081-exec-9] DEBUG c.y.t.mapper.LifeRecordMapper.selectAllLifeRecord - <==      Total: 107
2020-12-26 10:22:50.897 [http-nio-8081-exec-9] DEBUG c.y.test.mapper.ActionRecordMapper.addActionRecord - ==>  Preparing: insert into action_record (id, action, actiontime, operator, service, recordid) values (?, ?, ?, ?, ?, ?)
2020-12-26 10:22:50.898 [http-nio-8081-exec-9] DEBUG c.y.test.mapper.ActionRecordMapper.addActionRecord - ==> Parameters: 5c86997e-27a1-4754-bd21-ab4b0867ab42(String), SELECT(String), 2020-12-26 10:22:50(String), 李阳(String), 收支记录表(String), null
2020-12-26 10:22:50.902 [http-nio-8081-exec-9] DEBUG c.y.test.mapper.ActionRecordMapper.addActionRecord - <==    Updates: 1
2020-12-26 10:22:52.892 [http-nio-8081-exec-10] DEBUG c.y.test.mapper.ActionRecordMapper.addActionRecord - ==>  Preparing: insert into action_record (id, action, actiontime, operator, service, recordid) values (?, ?, ?, ?, ?, ?)
2020-12-26 10:22:52.892 [http-nio-8081-exec-10] DEBUG c.y.test.mapper.ActionRecordMapper.addActionRecord - ==> Parameters: 132d515f-4d7a-4d20-be48-fccba0b85ebf(String), SELECT(String), 2020-12-26 10:22:52(String), 李阳(String), 用户记录表(String), null
2020-12-26 10:22:52.897 [http-nio-8081-exec-10] DEBUG c.y.test.mapper.ActionRecordMapper.addActionRecord - <==    Updates: 1
2020-12-26 10:22:55.274 [http-nio-8081-exec-1] DEBUG c.y.t.mapper.LifeRecordMapper.selectAllLifeRecord - ==>  Preparing: select * from record.income_expenditure_record
2020-12-26 10:22:55.275 [http-nio-8081-exec-1] DEBUG c.y.t.mapper.LifeRecordMapper.selectAllLifeRecord - ==> Parameters: 
2020-12-26 10:22:55.283 [http-nio-8081-exec-1] DEBUG c.y.t.mapper.LifeRecordMapper.selectAllLifeRecord - <==      Total: 107
2020-12-26 10:22:55.294 [http-nio-8081-exec-1] DEBUG c.y.test.mapper.ActionRecordMapper.addActionRecord - ==>  Preparing: insert into action_record (id, action, actiontime, operator, service, recordid) values (?, ?, ?, ?, ?, ?)
2020-12-26 10:22:55.295 [http-nio-8081-exec-1] DEBUG c.y.test.mapper.ActionRecordMapper.addActionRecord - ==> Parameters: ba1793be-ee70-41de-8f34-6a54551fe1a6(String), SELECT(String), 2020-12-26 10:22:55(String), 李阳(String), 收支记录表(String), null
2020-12-26 10:22:55.299 [http-nio-8081-exec-1] DEBUG c.y.test.mapper.ActionRecordMapper.addActionRecord - <==    Updates: 1
2020-12-26 10:23:13.795 [http-nio-8081-exec-2] DEBUG c.y.t.m.L.selectLifeRecordByCategoryID - ==>  Preparing: select * from record.income_expenditure_record where category_id = ?
2020-12-26 10:23:13.798 [http-nio-8081-exec-2] DEBUG c.y.t.m.L.selectLifeRecordByCategoryID - ==> Parameters: 8(Integer)
2020-12-26 10:23:13.801 [http-nio-8081-exec-2] DEBUG c.y.t.m.L.selectLifeRecordByCategoryID - <==      Total: 5
2020-12-26 10:23:13.804 [http-nio-8081-exec-2] DEBUG c.y.test.mapper.ActionRecordMapper.addActionRecord - ==>  Preparing: insert into action_record (id, action, actiontime, operator, service, recordid) values (?, ?, ?, ?, ?, ?)
2020-12-26 10:23:13.805 [http-nio-8081-exec-2] DEBUG c.y.test.mapper.ActionRecordMapper.addActionRecord - ==> Parameters: 46e7a0ed-26e3-4d74-aa34-e9d455bc85f9(String), SELECT(String), 2020-12-26 10:23:13(String), 李阳(String), 收支记录表(String), null
2020-12-26 10:23:13.809 [http-nio-8081-exec-2] DEBUG c.y.test.mapper.ActionRecordMapper.addActionRecord - <==    Updates: 1
2020-12-26 10:24:06.338 [http-nio-8081-exec-4] DEBUG c.y.test.mapper.PrintIncomeMapper.selectAllRecords - ==>  Preparing: select * from print_income_record
2020-12-26 10:24:06.339 [http-nio-8081-exec-4] DEBUG c.y.test.mapper.PrintIncomeMapper.selectAllRecords - ==> Parameters: 
2020-12-26 10:24:06.345 [http-nio-8081-exec-4] DEBUG c.y.test.mapper.PrintIncomeMapper.selectAllRecords - <==      Total: 113
2020-12-26 10:24:06.353 [http-nio-8081-exec-4] DEBUG c.y.test.mapper.ActionRecordMapper.addActionRecord - ==>  Preparing: insert into action_record (id, action, actiontime, operator, service, recordid) values (?, ?, ?, ?, ?, ?)
2020-12-26 10:24:06.353 [http-nio-8081-exec-4] DEBUG c.y.test.mapper.ActionRecordMapper.addActionRecord - ==> Parameters: 825d37da-eb7e-4f89-a357-d567acdb5c9d(String), SELECT(String), 2020-12-26 10:24:06(String), 李阳(String), 打印收入记录表(String), null
2020-12-26 10:24:06.359 [http-nio-8081-exec-4] DEBUG c.y.test.mapper.ActionRecordMapper.addActionRecord - <==    Updates: 1
2020-12-26 10:24:07.025 [http-nio-8081-exec-3] DEBUG c.y.t.mapper.OilRecordMapper.selectAllOilRecords - ==>  Preparing: select * from oil_record
2020-12-26 10:24:07.026 [http-nio-8081-exec-3] DEBUG c.y.t.mapper.OilRecordMapper.selectAllOilRecords - ==> Parameters: 
2020-12-26 10:24:07.031 [http-nio-8081-exec-3] DEBUG c.y.t.mapper.OilRecordMapper.selectAllOilRecords - <==      Total: 46
2020-12-26 10:24:07.036 [http-nio-8081-exec-3] DEBUG c.y.test.mapper.ActionRecordMapper.addActionRecord - ==>  Preparing: insert into action_record (id, action, actiontime, operator, service, recordid) values (?, ?, ?, ?, ?, ?)
2020-12-26 10:24:07.036 [http-nio-8081-exec-3] DEBUG c.y.test.mapper.ActionRecordMapper.addActionRecord - ==> Parameters: f90ff88d-23db-46ae-aadc-56d181192e65(String), SELECT(String), 2020-12-26 10:24:07(String), 李阳(String), 加油记录表(String), null
2020-12-26 10:24:07.041 [http-nio-8081-exec-3] DEBUG c.y.test.mapper.ActionRecordMapper.addActionRecord - <==    Updates: 1
2020-12-26 10:24:17.852 [http-nio-8081-exec-5] DEBUG c.y.test.mapper.PrintIncomeMapper.selectAllRecords - ==>  Preparing: select * from print_income_record
2020-12-26 10:24:17.854 [http-nio-8081-exec-5] DEBUG c.y.test.mapper.PrintIncomeMapper.selectAllRecords - ==> Parameters: 
2020-12-26 10:24:17.859 [http-nio-8081-exec-5] DEBUG c.y.test.mapper.PrintIncomeMapper.selectAllRecords - <==      Total: 113
2020-12-26 10:24:17.867 [http-nio-8081-exec-5] DEBUG c.y.test.mapper.ActionRecordMapper.addActionRecord - ==>  Preparing: insert into action_record (id, action, actiontime, operator, service, recordid) values (?, ?, ?, ?, ?, ?)
2020-12-26 10:24:17.868 [http-nio-8081-exec-5] DEBUG c.y.test.mapper.ActionRecordMapper.addActionRecord - ==> Parameters: fbb706d7-8e34-4525-bc5a-ebd58f5e3373(String), SELECT(String), 2020-12-26 10:24:17(String), 李阳(String), 打印收入记录表(String), null
2020-12-26 10:24:17.873 [http-nio-8081-exec-5] DEBUG c.y.test.mapper.ActionRecordMapper.addActionRecord - <==    Updates: 1
2020-12-26 10:24:24.474 [http-nio-8081-exec-6] DEBUG c.y.t.mapper.LifeRecordMapper.selectAllLifeRecord - ==>  Preparing: select * from record.income_expenditure_record
2020-12-26 10:24:24.475 [http-nio-8081-exec-6] DEBUG c.y.t.mapper.LifeRecordMapper.selectAllLifeRecord - ==> Parameters: 
2020-12-26 10:24:24.487 [http-nio-8081-exec-6] DEBUG c.y.t.mapper.LifeRecordMapper.selectAllLifeRecord - <==      Total: 107
2020-12-26 10:24:24.501 [http-nio-8081-exec-6] DEBUG c.y.test.mapper.ActionRecordMapper.addActionRecord - ==>  Preparing: insert into action_record (id, action, actiontime, operator, service, recordid) values (?, ?, ?, ?, ?, ?)
2020-12-26 10:24:24.506 [http-nio-8081-exec-6] DEBUG c.y.test.mapper.ActionRecordMapper.addActionRecord - ==> Parameters: d6273028-9c3c-4266-851c-2add8c22c49f(String), SELECT(String), 2020-12-26 10:24:24(String), 李阳(String), 收支记录表(String), null
2020-12-26 10:24:24.511 [http-nio-8081-exec-6] DEBUG c.y.test.mapper.ActionRecordMapper.addActionRecord - <==    Updates: 1
2020-12-26 10:24:52.838 [http-nio-8081-exec-7] DEBUG c.yang.test.mapper.LifeRecordMapper.addLifeRecord - ==>  Preparing: insert into income_expenditure_record(id, produce_record_date, category_id, category, record_producer, money, first_add_date, last_update_date, remark, operator) values (?, ?, ?, ?, ?, ?, ?, ?, ?, ?)
2020-12-26 10:24:52.844 [http-nio-8081-exec-7] DEBUG c.yang.test.mapper.LifeRecordMapper.addLifeRecord - ==> Parameters: af0ea98b-40af-4fd8-9e68-e02b4bb07bcc(String), 2020-12-25 10:24:44(String), 9(Integer), 电费(String), 李阳(String), 50.0(Double), 2020-12-26 10:24:52(String), 2020-12-26 10:24:52(String), (String), (String)
2020-12-26 10:24:52.848 [http-nio-8081-exec-7] DEBUG c.yang.test.mapper.LifeRecordMapper.addLifeRecord - <==    Updates: 1
2020-12-26 10:24:52.849 [http-nio-8081-exec-7] DEBUG c.y.test.mapper.ActionRecordMapper.addActionRecord - ==>  Preparing: insert into action_record (id, action, actiontime, operator, service, recordid) values (?, ?, ?, ?, ?, ?)
2020-12-26 10:24:52.850 [http-nio-8081-exec-7] DEBUG c.y.test.mapper.ActionRecordMapper.addActionRecord - ==> Parameters: 2e2ab947-88d9-467f-a531-d7ca64d7a8db(String), ADD(String), 2020-12-26 10:24:52(String), 李阳(String), 收支记录表(String), af0ea98b-40af-4fd8-9e68-e02b4bb07bcc(String)
2020-12-26 10:24:52.856 [http-nio-8081-exec-7] DEBUG c.y.test.mapper.ActionRecordMapper.addActionRecord - <==    Updates: 1
2020-12-26 10:24:53.076 [http-nio-8081-exec-8] DEBUG c.y.t.mapper.LifeRecordMapper.selectAllLifeRecord - ==>  Preparing: select * from record.income_expenditure_record
2020-12-26 10:24:53.076 [http-nio-8081-exec-8] DEBUG c.y.t.mapper.LifeRecordMapper.selectAllLifeRecord - ==> Parameters: 
2020-12-26 10:24:53.082 [http-nio-8081-exec-8] DEBUG c.y.t.mapper.LifeRecordMapper.selectAllLifeRecord - <==      Total: 108
2020-12-26 10:24:53.090 [http-nio-8081-exec-8] DEBUG c.y.test.mapper.ActionRecordMapper.addActionRecord - ==>  Preparing: insert into action_record (id, action, actiontime, operator, service, recordid) values (?, ?, ?, ?, ?, ?)
2020-12-26 10:24:53.091 [http-nio-8081-exec-8] DEBUG c.y.test.mapper.ActionRecordMapper.addActionRecord - ==> Parameters: 12564121-6ad2-4133-aec1-4b96a01a5565(String), SELECT(String), 2020-12-26 10:24:53(String), 李阳(String), 收支记录表(String), null
2020-12-26 10:24:53.094 [http-nio-8081-exec-8] DEBUG c.y.test.mapper.ActionRecordMapper.addActionRecord - <==    Updates: 1
2020-12-26 10:24:57.904 [http-nio-8081-exec-9] DEBUG c.y.t.mapper.LifeRecordMapper.updateLifeRecordByID - ==>  Preparing: update income_expenditure_record set produce_record_date = ?, category_id = ?, category = ?, record_producer = ?, money = ?, last_update_date = ?, remark = ?, operator = ? where id = ?
2020-12-26 10:24:57.913 [http-nio-8081-exec-9] DEBUG c.y.t.mapper.LifeRecordMapper.updateLifeRecordByID - ==> Parameters: 2020-12-25 10:24:44(String), 9(Integer), 电费(String), 李阳(String), -50.0(Double), 2020-12-26 10:24:57(String), (String), (String), af0ea98b-40af-4fd8-9e68-e02b4bb07bcc(String)
2020-12-26 10:24:57.918 [http-nio-8081-exec-9] DEBUG c.y.t.mapper.LifeRecordMapper.updateLifeRecordByID - <==    Updates: 1
2020-12-26 10:24:57.921 [http-nio-8081-exec-9] DEBUG c.y.test.mapper.ActionRecordMapper.addActionRecord - ==>  Preparing: insert into action_record (id, action, actiontime, operator, service, recordid) values (?, ?, ?, ?, ?, ?)
2020-12-26 10:24:57.922 [http-nio-8081-exec-9] DEBUG c.y.test.mapper.ActionRecordMapper.addActionRecord - ==> Parameters: 60036b39-2026-4306-9b29-907c3fb6a35b(String), UPDATE(String), 2020-12-26 10:24:57(String), 李阳(String), 收支记录表(String), af0ea98b-40af-4fd8-9e68-e02b4bb07bcc(String)
2020-12-26 10:24:57.926 [http-nio-8081-exec-9] DEBUG c.y.test.mapper.ActionRecordMapper.addActionRecord - <==    Updates: 1
2020-12-26 10:24:58.262 [http-nio-8081-exec-10] DEBUG c.y.t.mapper.LifeRecordMapper.selectAllLifeRecord - ==>  Preparing: select * from record.income_expenditure_record
2020-12-26 10:24:58.262 [http-nio-8081-exec-10] DEBUG c.y.t.mapper.LifeRecordMapper.selectAllLifeRecord - ==> Parameters: 
2020-12-26 10:24:58.268 [http-nio-8081-exec-10] DEBUG c.y.t.mapper.LifeRecordMapper.selectAllLifeRecord - <==      Total: 108
2020-12-26 10:24:58.274 [http-nio-8081-exec-10] DEBUG c.y.test.mapper.ActionRecordMapper.addActionRecord - ==>  Preparing: insert into action_record (id, action, actiontime, operator, service, recordid) values (?, ?, ?, ?, ?, ?)
2020-12-26 10:24:58.274 [http-nio-8081-exec-10] DEBUG c.y.test.mapper.ActionRecordMapper.addActionRecord - ==> Parameters: 99d61970-9177-4a74-bb0e-f5049f450f9b(String), SELECT(String), 2020-12-26 10:24:58(String), 李阳(String), 收支记录表(String), null
2020-12-26 10:24:58.278 [http-nio-8081-exec-10] DEBUG c.y.test.mapper.ActionRecordMapper.addActionRecord - <==    Updates: 1
