2020-09-11 00:06:47.125 [main] INFO  com.yang.test.SpringApplicationLyon - Starting SpringApplicationLyon on PC-20181113GGDD with PID 7972 (D:\Program Files\ProjectManage\target\classes started by Administrator in D:\Program Files\JavaProject\h2)
2020-09-11 00:06:47.192 [main] INFO  com.yang.test.SpringApplicationLyon - The following profiles are active: dev
2020-09-11 00:06:53.969 [main] INFO  o.s.boot.web.embedded.tomcat.TomcatWebServer - Tomcat initialized with port(s): 8081 (http)
2020-09-11 00:06:54.010 [main] INFO  org.apache.coyote.http11.Http11NioProtocol - Initializing ProtocolHandler ["http-nio-8081"]
2020-09-11 00:06:54.012 [main] INFO  org.apache.catalina.core.StandardService - Starting service [Tomcat]
2020-09-11 00:06:54.013 [main] INFO  org.apache.catalina.core.StandardEngine - Starting Servlet engine: [Apache Tomcat/9.0.37]
2020-09-11 00:06:54.018 [main] INFO  org.apache.catalina.core.AprLifecycleListener - Loaded Apache Tomcat Native library [1.2.24] using APR version [1.7.0].
2020-09-11 00:06:54.019 [main] INFO  org.apache.catalina.core.AprLifecycleListener - APR capabilities: IPv6 [true], sendfile [true], accept filters [false], random [true].
2020-09-11 00:06:54.019 [main] INFO  org.apache.catalina.core.AprLifecycleListener - APR/OpenSSL configuration: useAprConnector [false], useOpenSSL [true]
2020-09-11 00:06:54.080 [main] INFO  org.apache.catalina.core.AprLifecycleListener - OpenSSL successfully initialized [OpenSSL 1.1.1g  21 Apr 2020]
2020-09-11 00:06:54.639 [main] INFO  o.a.c.core.ContainerBase.[Tomcat].[localhost].[/] - Initializing Spring embedded WebApplicationContext
2020-09-11 00:06:54.640 [main] INFO  o.s.b.w.s.c.ServletWebServerApplicationContext - Root WebApplicationContext: initialization completed in 6988 ms
2020-09-11 00:06:54.762 [main] INFO  com.yang.test.config.DruidConfig - loginUsername:admin
2020-09-11 00:06:54.763 [main] INFO  com.yang.test.config.DruidConfig - loginPassword:123456
2020-09-11 00:06:57.578 [main] INFO  o.s.scheduling.concurrent.ThreadPoolTaskExecutor - Initializing ExecutorService 'applicationTaskExecutor'
2020-09-11 00:06:58.277 [main] INFO  org.apache.coyote.http11.Http11NioProtocol - Starting ProtocolHandler ["http-nio-8081"]
2020-09-11 00:06:58.337 [main] INFO  o.s.boot.web.embedded.tomcat.TomcatWebServer - Tomcat started on port(s): 8081 (http) with context path ''
2020-09-11 00:06:58.357 [main] INFO  com.yang.test.SpringApplicationLyon - Started SpringApplicationLyon in 14.386 seconds (JVM running for 18.138)
2020-09-11 00:07:15.436 [http-nio-8081-exec-1] INFO  o.a.c.core.ContainerBase.[Tomcat].[localhost].[/] - Initializing Spring DispatcherServlet 'dispatcherServlet'
2020-09-11 00:07:15.437 [http-nio-8081-exec-1] INFO  org.springframework.web.servlet.DispatcherServlet - Initializing Servlet 'dispatcherServlet'
2020-09-11 00:07:15.453 [http-nio-8081-exec-1] INFO  org.springframework.web.servlet.DispatcherServlet - Completed initialization in 15 ms
2020-09-11 00:07:16.855 [http-nio-8081-exec-1] INFO  com.alibaba.druid.pool.DruidDataSource - {dataSource-1} inited
2020-09-11 00:07:17.039 [http-nio-8081-exec-1] INFO  com.yang.test.service.impl.LifeRecordSerivceImpl - add LifeRecord --> 0b7590a3-7674-4c00-bf4a-dbd782354339 impact num：1
2020-09-11 00:07:17.050 [http-nio-8081-exec-1] INFO  com.yang.test.service.impl.ActionRecordServiceImpl - 当前新增 action record 为：e0c29784-755e-43d2-8b79-76b4fbd6d998;新增结果：true
2020-09-11 00:07:37.455 [http-nio-8081-exec-4] INFO  org.apache.tomcat.util.http.parser.Cookie - A cookie header was received [1599658921,1599701840,1599752723; Hm_lpvt_eaa57ca47dacb4ad4f5a257001a3457c=1599752723; JSESSIONID=69076B48EB6D02503FC7A48174D4D30A] that contained an invalid cookie. That cookie will be ignored.
 Note: further occurrences of this error will be logged at DEBUG level.
2020-09-11 00:07:37.579 [http-nio-8081-exec-4] INFO  com.yang.test.service.impl.LifeRecordSerivceImpl - selectAll Life Records 的结果：24
2020-09-11 00:07:37.597 [http-nio-8081-exec-4] INFO  com.yang.test.service.impl.ActionRecordServiceImpl - 当前新增 action record 为：690afaee-e78c-4240-9c32-a9dce23e1113;新增结果：true
2020-09-11 00:07:37.598 [http-nio-8081-exec-4] INFO  com.yang.test.controller.LifeRecordController - 查出来 life Record 的结果数量：24
2020-09-11 00:08:29.248 [http-nio-8081-exec-2] INFO  com.yang.test.service.impl.XiYaoPersonSerivceImpl - selectAll 的结果：14
2020-09-11 00:08:29.264 [http-nio-8081-exec-2] INFO  com.yang.test.service.impl.ActionRecordServiceImpl - 当前新增 action record 为：027d73ba-20b6-4e33-a2ff-8542a82adbc7;新增结果：true
2020-09-11 00:08:29.265 [http-nio-8081-exec-2] INFO  com.yang.test.controller.UserController - 查出来xiyao person的结果数量：14
2020-09-11 00:08:30.743 [http-nio-8081-exec-5] INFO  com.yang.test.service.impl.PrintIncomeSerivceImpl - selectAll 的结果：93
2020-09-11 00:08:30.744 [http-nio-8081-exec-5] INFO  com.yang.test.service.impl.PrintIncomeSerivceImpl - printIncome 总收入:93
2020-09-11 00:08:30.752 [http-nio-8081-exec-5] INFO  com.yang.test.service.impl.ActionRecordServiceImpl - 当前新增 action record 为：df3370b6-e4fd-4f5a-b6ef-3bdbd35281c3;新增结果：true
2020-09-11 00:08:30.753 [http-nio-8081-exec-5] INFO  com.yang.test.controller.PrintController - 查出来的结果数量：93
2020-09-11 00:08:32.065 [http-nio-8081-exec-6] INFO  com.yang.test.service.impl.OilRecordSerivceImpl - SelectAll Oil Record 的结果：37
2020-09-11 00:08:32.073 [http-nio-8081-exec-6] INFO  com.yang.test.service.impl.ActionRecordServiceImpl - 当前新增 action record 为：978c9535-a546-4638-a8cc-82d01a28f1c3;新增结果：true
2020-09-11 00:08:32.074 [http-nio-8081-exec-6] INFO  com.yang.test.controller.OilController - 查出来 Oil Record 的结果数量：37
2020-09-11 00:08:33.961 [http-nio-8081-exec-7] INFO  com.yang.test.service.impl.PrintIncomeSerivceImpl - selectAll 的结果：93
2020-09-11 00:08:33.961 [http-nio-8081-exec-7] INFO  com.yang.test.service.impl.PrintIncomeSerivceImpl - printIncome 总收入:93
2020-09-11 00:08:33.971 [http-nio-8081-exec-7] INFO  com.yang.test.service.impl.ActionRecordServiceImpl - 当前新增 action record 为：ca96998c-dd68-4c75-aeb7-dac9e411ed5e;新增结果：true
2020-09-11 00:08:33.972 [http-nio-8081-exec-7] INFO  com.yang.test.controller.PrintController - 查出来的结果数量：93
2020-09-11 00:08:34.690 [http-nio-8081-exec-8] INFO  com.yang.test.service.impl.XiYaoPersonSerivceImpl - selectAll 的结果：14
2020-09-11 00:08:34.700 [http-nio-8081-exec-8] INFO  com.yang.test.service.impl.ActionRecordServiceImpl - 当前新增 action record 为：a6ceed08-d848-428e-a13c-393e01123d13;新增结果：true
2020-09-11 00:08:34.701 [http-nio-8081-exec-8] INFO  com.yang.test.controller.UserController - 查出来xiyao person的结果数量：14
2020-09-11 00:08:35.554 [http-nio-8081-exec-9] INFO  com.yang.test.service.impl.LifeRecordSerivceImpl - selectAll Life Records 的结果：24
2020-09-11 00:08:35.566 [http-nio-8081-exec-9] INFO  com.yang.test.service.impl.ActionRecordServiceImpl - 当前新增 action record 为：ae038ae7-7a0b-4ac2-b854-debbd875d416;新增结果：true
2020-09-11 00:08:35.566 [http-nio-8081-exec-9] INFO  com.yang.test.controller.LifeRecordController - 查出来 life Record 的结果数量：24
2020-09-11 00:08:36.367 [http-nio-8081-exec-10] INFO  com.yang.test.service.impl.UserServiceImpl -  select All 的结果：3
2020-09-11 00:08:36.384 [http-nio-8081-exec-10] INFO  com.yang.test.service.impl.ActionRecordServiceImpl - 当前新增 action record 为：64df1003-30a3-4bf1-ace4-1ded54784883;新增结果：true
2020-09-11 00:08:36.385 [http-nio-8081-exec-10] INFO  com.yang.test.controller.UserController - 查出来的结果数量：3
2020-09-11 00:08:37.361 [http-nio-8081-exec-1] INFO  com.yang.test.service.impl.LifeRecordSerivceImpl - selectAll Life Records 的结果：24
2020-09-11 00:08:37.373 [http-nio-8081-exec-1] INFO  com.yang.test.service.impl.ActionRecordServiceImpl - 当前新增 action record 为：7df63884-de84-494f-a11a-f1c7d1f4c9dd;新增结果：true
2020-09-11 00:08:37.373 [http-nio-8081-exec-1] INFO  com.yang.test.controller.LifeRecordController - 查出来 life Record 的结果数量：24
2020-09-11 00:09:41.626 [http-nio-8081-exec-3] INFO  com.yang.test.service.impl.LifeRecordSerivceImpl - selectLifeRecordByCategoryID：1 的结果：3
2020-09-11 00:09:41.634 [http-nio-8081-exec-3] INFO  com.yang.test.service.impl.ActionRecordServiceImpl - 当前新增 action record 为：1495392a-2d16-421a-9b8b-ccb21a3303d9;新增结果：true
2020-09-11 00:09:41.634 [http-nio-8081-exec-3] INFO  com.yang.test.controller.LifeRecordController - 查出来 life Record 的结果数量：3
2020-09-11 00:09:43.542 [http-nio-8081-exec-4] INFO  com.yang.test.service.impl.LifeRecordSerivceImpl - selectLifeRecordByCategoryID：2 的结果：10
2020-09-11 00:09:43.552 [http-nio-8081-exec-4] INFO  com.yang.test.service.impl.ActionRecordServiceImpl - 当前新增 action record 为：d890053b-82aa-4fa7-9f28-34dfb9cea95b;新增结果：true
2020-09-11 00:09:43.552 [http-nio-8081-exec-4] INFO  com.yang.test.controller.LifeRecordController - 查出来 life Record 的结果数量：10
2020-09-11 00:09:47.363 [http-nio-8081-exec-2] INFO  com.yang.test.service.impl.LifeRecordSerivceImpl - selectLifeRecordByCategoryID：3 的结果：1
2020-09-11 00:09:47.374 [http-nio-8081-exec-2] INFO  com.yang.test.service.impl.ActionRecordServiceImpl - 当前新增 action record 为：777af198-b513-4c54-a0d9-779e625d1e94;新增结果：true
2020-09-11 00:09:47.374 [http-nio-8081-exec-2] INFO  com.yang.test.controller.LifeRecordController - 查出来 life Record 的结果数量：1
2020-09-11 00:09:50.151 [http-nio-8081-exec-5] INFO  com.yang.test.service.impl.LifeRecordSerivceImpl - selectLifeRecordByCategoryID：4 的结果：1
2020-09-11 00:09:50.221 [http-nio-8081-exec-5] INFO  com.yang.test.service.impl.ActionRecordServiceImpl - 当前新增 action record 为：3d646483-2444-454e-9547-84eb1d940534;新增结果：true
2020-09-11 00:09:50.222 [http-nio-8081-exec-5] INFO  com.yang.test.controller.LifeRecordController - 查出来 life Record 的结果数量：1
2020-09-11 00:09:53.470 [http-nio-8081-exec-6] INFO  com.yang.test.service.impl.LifeRecordSerivceImpl - selectLifeRecordByCategoryID：5 的结果：6
2020-09-11 00:09:53.531 [http-nio-8081-exec-6] INFO  com.yang.test.service.impl.ActionRecordServiceImpl - 当前新增 action record 为：f3708d40-7914-400e-ae18-e35f5aceb695;新增结果：true
2020-09-11 00:09:53.531 [http-nio-8081-exec-6] INFO  com.yang.test.controller.LifeRecordController - 查出来 life Record 的结果数量：6
2020-09-11 00:10:00.158 [http-nio-8081-exec-7] INFO  com.yang.test.service.impl.LifeRecordSerivceImpl - selectLifeRecordByCategoryID：6 的结果：2
2020-09-11 00:10:00.171 [http-nio-8081-exec-7] INFO  com.yang.test.service.impl.ActionRecordServiceImpl - 当前新增 action record 为：be7ade37-cea9-4b7f-bec5-b98dafb4afdf;新增结果：true
2020-09-11 00:10:00.172 [http-nio-8081-exec-7] INFO  com.yang.test.controller.LifeRecordController - 查出来 life Record 的结果数量：2
2020-09-11 00:10:03.762 [http-nio-8081-exec-8] INFO  com.yang.test.service.impl.LifeRecordSerivceImpl - selectLifeRecordByCategoryID : 查回来，没有记录
2020-09-11 00:10:03.763 [http-nio-8081-exec-8] INFO  com.yang.test.service.impl.LifeRecordSerivceImpl - selectLifeRecordByCategoryID：7 的结果：0
2020-09-11 00:10:08.395 [http-nio-8081-exec-9] INFO  com.yang.test.service.impl.LifeRecordSerivceImpl - selectLifeRecordByCategoryID：1 的结果：3
2020-09-11 00:10:08.403 [http-nio-8081-exec-9] INFO  com.yang.test.service.impl.ActionRecordServiceImpl - 当前新增 action record 为：61ae62f9-8ddb-474d-ba68-6d40bf978f5c;新增结果：true
2020-09-11 00:10:08.403 [http-nio-8081-exec-9] INFO  com.yang.test.controller.LifeRecordController - 查出来 life Record 的结果数量：3
2020-09-11 00:10:30.048 [http-nio-8081-exec-10] INFO  com.yang.test.service.impl.LifeRecordSerivceImpl - selectLifeRecordByCategoryID：1 的结果：3
2020-09-11 00:10:30.060 [http-nio-8081-exec-10] INFO  com.yang.test.service.impl.ActionRecordServiceImpl - 当前新增 action record 为：6083ab72-77b1-4147-821a-1da517644c38;新增结果：true
2020-09-11 00:10:30.060 [http-nio-8081-exec-10] INFO  com.yang.test.controller.LifeRecordController - 查出来 life Record 的结果数量：3
2020-09-11 00:10:36.341 [http-nio-8081-exec-1] INFO  com.yang.test.service.impl.PrintIncomeSerivceImpl - selectAll 的结果：93
2020-09-11 00:10:36.341 [http-nio-8081-exec-1] INFO  com.yang.test.service.impl.PrintIncomeSerivceImpl - printIncome 总收入:93
2020-09-11 00:10:36.355 [http-nio-8081-exec-1] INFO  com.yang.test.service.impl.ActionRecordServiceImpl - 当前新增 action record 为：88dc8330-1167-4792-9926-cec48089a279;新增结果：true
2020-09-11 00:10:36.356 [http-nio-8081-exec-1] INFO  com.yang.test.controller.PrintController - 查出来的结果数量：93
2020-09-11 00:10:40.521 [http-nio-8081-exec-3] INFO  com.yang.test.service.impl.XiYaoPersonSerivceImpl - selectAll 的结果：14
2020-09-11 00:10:40.529 [http-nio-8081-exec-3] INFO  com.yang.test.service.impl.ActionRecordServiceImpl - 当前新增 action record 为：9910fb5e-cadb-4b4a-bfec-2a96665ce436;新增结果：true
2020-09-11 00:10:40.529 [http-nio-8081-exec-3] INFO  com.yang.test.controller.UserController - 查出来xiyao person的结果数量：14
2020-09-11 00:12:39.146 [http-nio-8081-exec-3] INFO  com.yang.test.service.impl.XiYaoPersonSerivceImpl - updateXiYaoPersonByID  --> ：5 impact num:1
2020-09-11 00:12:39.158 [http-nio-8081-exec-3] INFO  com.yang.test.service.impl.ActionRecordServiceImpl - 当前新增 action record 为：d12cde84-705c-4b70-884f-c3d83e8e72ec;新增结果：true
2020-09-11 00:12:39.309 [http-nio-8081-exec-5] INFO  com.yang.test.service.impl.XiYaoPersonSerivceImpl - updateXiYaoPersonByID  --> ：5 impact num:1
2020-09-11 00:12:39.318 [http-nio-8081-exec-5] INFO  com.yang.test.service.impl.ActionRecordServiceImpl - 当前新增 action record 为：3a405f88-37ed-4590-9fd2-ff16a6d70e83;新增结果：true
2020-09-11 00:12:39.766 [http-nio-8081-exec-1] INFO  com.yang.test.service.impl.XiYaoPersonSerivceImpl - updateXiYaoPersonByID  --> ：4 impact num:1
2020-09-11 00:12:39.775 [http-nio-8081-exec-1] INFO  com.yang.test.service.impl.ActionRecordServiceImpl - 当前新增 action record 为：a0cfe10d-1338-45ea-af0c-f1d8bb61bd93;新增结果：true
2020-09-11 00:14:10.482 [http-nio-8081-exec-10] INFO  com.yang.test.service.impl.UserServiceImpl -  select All 的结果：3
2020-09-11 00:14:10.501 [http-nio-8081-exec-10] INFO  com.yang.test.service.impl.ActionRecordServiceImpl - 当前新增 action record 为：d9bcfbbd-44c9-45e1-a8ba-cdff231864d9;新增结果：true
2020-09-11 00:14:10.502 [http-nio-8081-exec-10] INFO  com.yang.test.controller.UserController - 登录成功，用户：a
2020-09-11 00:14:10.645 [http-nio-8081-exec-2] INFO  com.yang.test.service.impl.OilRecordSerivceImpl - SelectAll Oil Record 的结果：37
2020-09-11 00:14:10.653 [http-nio-8081-exec-2] INFO  com.yang.test.service.impl.ActionRecordServiceImpl - 当前新增 action record 为：f7c1de7c-be77-4d4a-b748-6435b46ce452;新增结果：true
2020-09-11 00:14:10.653 [http-nio-8081-exec-2] INFO  com.yang.test.controller.OilController - 查出来 Oil Record 的结果数量：37
2020-09-11 00:14:12.382 [http-nio-8081-exec-4] INFO  com.yang.test.service.impl.OilRecordSerivceImpl - Update Oil RecordByID  --> ：305d32e8-82c5-4d14-92ce-fd3d74dd1534: impact num:1
2020-09-11 00:14:12.393 [http-nio-8081-exec-4] INFO  com.yang.test.service.impl.ActionRecordServiceImpl - 当前新增 action record 为：4dc41fff-49ef-47b6-bf02-cb508b52b58a;新增结果：true
2020-09-11 00:14:13.015 [http-nio-8081-exec-8] INFO  com.yang.test.service.impl.OilRecordSerivceImpl - Update Oil RecordByID  --> ：abf52dee-c659-4639-9e53-c92773ceb631: impact num:1
2020-09-11 00:14:13.024 [http-nio-8081-exec-8] INFO  com.yang.test.service.impl.ActionRecordServiceImpl - 当前新增 action record 为：31e63d8f-6cee-49b7-9704-75f99ff04ff7;新增结果：true
2020-09-11 00:14:31.822 [http-nio-8081-exec-6] INFO  com.yang.test.service.impl.OilRecordSerivceImpl - Update Oil RecordByID  --> ：abf52dee-c659-4639-9e53-c92773ceb631: impact num:1
2020-09-11 00:14:31.831 [http-nio-8081-exec-6] INFO  com.yang.test.service.impl.ActionRecordServiceImpl - 当前新增 action record 为：6b0694bb-6f94-4107-92f7-08f02e67fa03;新增结果：true
2020-09-11 00:50:27.632 [main] INFO  com.yang.test.SpringApplicationLyon - Starting SpringApplicationLyon on PC-20181113GGDD with PID 2356 (D:\Program Files\ProjectManage\target\classes started by Administrator in D:\Program Files\JavaProject\h2)
2020-09-11 00:50:27.658 [main] INFO  com.yang.test.SpringApplicationLyon - The following profiles are active: dev
2020-09-11 00:50:30.570 [main] INFO  o.s.boot.web.embedded.tomcat.TomcatWebServer - Tomcat initialized with port(s): 8081 (http)
2020-09-11 00:50:30.624 [main] INFO  org.apache.coyote.http11.Http11NioProtocol - Initializing ProtocolHandler ["http-nio-8081"]
2020-09-11 00:50:30.626 [main] INFO  org.apache.catalina.core.StandardService - Starting service [Tomcat]
2020-09-11 00:50:30.627 [main] INFO  org.apache.catalina.core.StandardEngine - Starting Servlet engine: [Apache Tomcat/9.0.37]
2020-09-11 00:50:30.631 [main] INFO  org.apache.catalina.core.AprLifecycleListener - Loaded Apache Tomcat Native library [1.2.24] using APR version [1.7.0].
2020-09-11 00:50:30.638 [main] INFO  org.apache.catalina.core.AprLifecycleListener - APR capabilities: IPv6 [true], sendfile [true], accept filters [false], random [true].
2020-09-11 00:50:30.638 [main] INFO  org.apache.catalina.core.AprLifecycleListener - APR/OpenSSL configuration: useAprConnector [false], useOpenSSL [true]
2020-09-11 00:50:30.668 [main] INFO  org.apache.catalina.core.AprLifecycleListener - OpenSSL successfully initialized [OpenSSL 1.1.1g  21 Apr 2020]
2020-09-11 00:50:30.943 [main] INFO  o.a.c.core.ContainerBase.[Tomcat].[localhost].[/] - Initializing Spring embedded WebApplicationContext
2020-09-11 00:50:30.943 [main] INFO  o.s.b.w.s.c.ServletWebServerApplicationContext - Root WebApplicationContext: initialization completed in 3133 ms
2020-09-11 00:50:31.132 [main] INFO  com.yang.test.config.DruidConfig - loginUsername:admin
2020-09-11 00:50:31.133 [main] INFO  com.yang.test.config.DruidConfig - loginPassword:123456
2020-09-11 00:50:32.462 [main] INFO  o.s.scheduling.concurrent.ThreadPoolTaskExecutor - Initializing ExecutorService 'applicationTaskExecutor'
2020-09-11 00:50:32.824 [main] INFO  org.apache.coyote.http11.Http11NioProtocol - Starting ProtocolHandler ["http-nio-8081"]
2020-09-11 00:50:33.020 [main] INFO  o.s.boot.web.embedded.tomcat.TomcatWebServer - Tomcat started on port(s): 8081 (http) with context path ''
2020-09-11 00:50:33.043 [main] INFO  com.yang.test.SpringApplicationLyon - Started SpringApplicationLyon in 6.944 seconds (JVM running for 9.23)
2020-09-11 00:50:47.181 [http-nio-8081-exec-2] INFO  org.apache.tomcat.util.http.parser.Cookie - A cookie header was received [1599658921,1599701840,1599752723; JSESSIONID=514CC305B174E887BE099D514DDA2FA2; Hm_lpvt_eaa57ca47dacb4ad4f5a257001a3457c=1599754346] that contained an invalid cookie. That cookie will be ignored.
 Note: further occurrences of this error will be logged at DEBUG level.
2020-09-11 00:50:47.196 [http-nio-8081-exec-2] INFO  o.a.c.core.ContainerBase.[Tomcat].[localhost].[/] - Initializing Spring DispatcherServlet 'dispatcherServlet'
2020-09-11 00:50:47.196 [http-nio-8081-exec-2] INFO  org.springframework.web.servlet.DispatcherServlet - Initializing Servlet 'dispatcherServlet'
2020-09-11 00:50:47.208 [http-nio-8081-exec-2] INFO  org.springframework.web.servlet.DispatcherServlet - Completed initialization in 12 ms
2020-09-11 00:50:48.766 [http-nio-8081-exec-2] INFO  com.alibaba.druid.pool.DruidDataSource - {dataSource-1} inited
2020-09-11 00:50:49.001 [http-nio-8081-exec-2] INFO  com.yang.test.service.impl.UserServiceImpl -  select All 的结果：3
2020-09-11 00:50:49.228 [http-nio-8081-exec-2] INFO  com.yang.test.service.impl.ActionRecordServiceImpl - 当前新增 action record 为：328c3755-a6af-4ba8-8bdc-016a20436da8;新增结果：true
2020-09-11 00:50:49.229 [http-nio-8081-exec-2] INFO  com.yang.test.controller.UserController - 登录成功，用户：a
2020-09-11 00:50:49.679 [http-nio-8081-exec-1] INFO  com.yang.test.service.impl.OilRecordSerivceImpl - SelectAll Oil Record 的结果：37
2020-09-11 00:50:49.720 [http-nio-8081-exec-1] INFO  com.yang.test.service.impl.ActionRecordServiceImpl - 当前新增 action record 为：5fc59323-bfc8-4746-a5a7-a2699f6ba9eb;新增结果：true
2020-09-11 00:50:49.721 [http-nio-8081-exec-1] INFO  com.yang.test.controller.OilController - 查出来 Oil Record 的结果数量：37
2020-09-11 00:50:52.468 [http-nio-8081-exec-3] INFO  com.yang.test.service.impl.XiYaoPersonSerivceImpl - selectAll 的结果：14
2020-09-11 00:50:52.522 [http-nio-8081-exec-3] INFO  com.yang.test.service.impl.ActionRecordServiceImpl - 当前新增 action record 为：dd306ae9-e7f8-4b1f-8ae6-d1945027515b;新增结果：true
2020-09-11 00:50:52.523 [http-nio-8081-exec-3] INFO  com.yang.test.controller.UserController - 查出来xiyao person的结果数量：14
2020-09-11 01:38:26.642 [main] INFO  com.yang.test.SpringApplicationLyon - Starting SpringApplicationLyon on PC-20181113GGDD with PID 12216 (D:\Program Files\ProjectManage\target\classes started by Administrator in D:\Program Files\JavaProject\h2)
2020-09-11 01:38:26.649 [main] INFO  com.yang.test.SpringApplicationLyon - The following profiles are active: dev
2020-09-11 01:38:28.834 [main] INFO  o.s.boot.web.embedded.tomcat.TomcatWebServer - Tomcat initialized with port(s): 8081 (http)
2020-09-11 01:38:28.854 [main] INFO  org.apache.coyote.http11.Http11NioProtocol - Initializing ProtocolHandler ["http-nio-8081"]
2020-09-11 01:38:28.856 [main] INFO  org.apache.catalina.core.StandardService - Starting service [Tomcat]
2020-09-11 01:38:28.856 [main] INFO  org.apache.catalina.core.StandardEngine - Starting Servlet engine: [Apache Tomcat/9.0.37]
2020-09-11 01:38:28.859 [main] INFO  org.apache.catalina.core.AprLifecycleListener - Loaded Apache Tomcat Native library [1.2.24] using APR version [1.7.0].
2020-09-11 01:38:28.859 [main] INFO  org.apache.catalina.core.AprLifecycleListener - APR capabilities: IPv6 [true], sendfile [true], accept filters [false], random [true].
2020-09-11 01:38:28.859 [main] INFO  org.apache.catalina.core.AprLifecycleListener - APR/OpenSSL configuration: useAprConnector [false], useOpenSSL [true]
2020-09-11 01:38:28.879 [main] INFO  org.apache.catalina.core.AprLifecycleListener - OpenSSL successfully initialized [OpenSSL 1.1.1g  21 Apr 2020]
2020-09-11 01:38:29.041 [main] INFO  o.a.c.core.ContainerBase.[Tomcat].[localhost].[/] - Initializing Spring embedded WebApplicationContext
2020-09-11 01:38:29.041 [main] INFO  o.s.b.w.s.c.ServletWebServerApplicationContext - Root WebApplicationContext: initialization completed in 2293 ms
2020-09-11 01:38:29.129 [main] INFO  com.yang.test.config.DruidConfig - loginUsername:admin
2020-09-11 01:38:29.129 [main] INFO  com.yang.test.config.DruidConfig - loginPassword:123456
2020-09-11 01:38:30.098 [main] INFO  o.s.scheduling.concurrent.ThreadPoolTaskExecutor - Initializing ExecutorService 'applicationTaskExecutor'
2020-09-11 01:38:30.546 [main] INFO  org.apache.coyote.http11.Http11NioProtocol - Starting ProtocolHandler ["http-nio-8081"]
2020-09-11 01:38:30.604 [main] INFO  o.s.boot.web.embedded.tomcat.TomcatWebServer - Tomcat started on port(s): 8081 (http) with context path ''
2020-09-11 01:38:30.621 [main] INFO  com.yang.test.SpringApplicationLyon - Started SpringApplicationLyon in 5.084 seconds (JVM running for 6.546)
2020-09-11 01:38:42.078 [http-nio-8081-exec-1] INFO  org.apache.tomcat.util.http.parser.Cookie - A cookie header was received [1599658921,1599701840,1599752723; JSESSIONID=9303BA958D8370090399B9CFB9654011; Hm_lpvt_eaa57ca47dacb4ad4f5a257001a3457c=1599759336] that contained an invalid cookie. That cookie will be ignored.
 Note: further occurrences of this error will be logged at DEBUG level.
2020-09-11 01:38:42.088 [http-nio-8081-exec-1] INFO  o.a.c.core.ContainerBase.[Tomcat].[localhost].[/] - Initializing Spring DispatcherServlet 'dispatcherServlet'
2020-09-11 01:38:42.089 [http-nio-8081-exec-1] INFO  org.springframework.web.servlet.DispatcherServlet - Initializing Servlet 'dispatcherServlet'
2020-09-11 01:38:42.101 [http-nio-8081-exec-1] INFO  org.springframework.web.servlet.DispatcherServlet - Completed initialization in 12 ms
2020-09-11 01:38:43.249 [http-nio-8081-exec-1] INFO  com.alibaba.druid.pool.DruidDataSource - {dataSource-1} inited
2020-09-11 01:38:43.462 [http-nio-8081-exec-1] INFO  com.yang.test.service.impl.UserServiceImpl -  select All 的结果：3
2020-09-11 01:38:43.565 [http-nio-8081-exec-1] INFO  com.yang.test.service.impl.ActionRecordServiceImpl - 当前新增 action record 为：6869eabb-d5a1-4620-9e8b-ec6a2f53dedd;新增结果：true
2020-09-11 01:38:43.565 [http-nio-8081-exec-1] INFO  com.yang.test.controller.UserController - 登录成功，用户：a
2020-09-11 01:38:43.975 [http-nio-8081-exec-2] INFO  com.yang.test.service.impl.OilRecordSerivceImpl - SelectAll Oil Record 的结果：37
2020-09-11 01:38:43.993 [http-nio-8081-exec-2] INFO  com.yang.test.service.impl.ActionRecordServiceImpl - 当前新增 action record 为：eaeb912a-8500-490d-8e46-d6b4dd5bf3cc;新增结果：true
2020-09-11 01:38:43.994 [http-nio-8081-exec-2] INFO  com.yang.test.controller.OilController - 查出来 Oil Record 的结果数量：37
2020-09-11 01:38:45.494 [http-nio-8081-exec-3] INFO  com.yang.test.service.impl.XiYaoPersonSerivceImpl - selectAll 的结果：14
2020-09-11 01:38:45.512 [http-nio-8081-exec-3] INFO  com.yang.test.service.impl.ActionRecordServiceImpl - 当前新增 action record 为：6bd25e91-a424-438c-8a0b-ce71db24f7b0;新增结果：true
2020-09-11 01:38:45.513 [http-nio-8081-exec-3] INFO  com.yang.test.controller.UserController - 查出来xiyao person的结果数量：14
2020-09-11 01:38:45.970 [http-nio-8081-exec-4] INFO  com.yang.test.service.impl.LifeRecordSerivceImpl - selectAll Life Records 的结果：23
2020-09-11 01:38:45.984 [http-nio-8081-exec-4] INFO  com.yang.test.service.impl.ActionRecordServiceImpl - 当前新增 action record 为：96c682d9-dcda-4e46-894f-c12a741272d6;新增结果：true
2020-09-11 01:38:45.985 [http-nio-8081-exec-4] INFO  com.yang.test.controller.LifeRecordController - 查出来 life Record 的结果数量：23
2020-09-11 01:38:47.325 [http-nio-8081-exec-5] INFO  com.yang.test.service.impl.LifeRecordSerivceImpl - updateLifeRecordByID  --> ：7abfddb9-0674-499b-8591-3117673f9015 impact num:1
2020-09-11 01:38:47.336 [http-nio-8081-exec-5] INFO  com.yang.test.service.impl.ActionRecordServiceImpl - 当前新增 action record 为：ed3fd17f-2b62-481d-83e9-4c7d6713082d;新增结果：true
2020-09-11 01:38:47.526 [http-nio-8081-exec-6] INFO  com.yang.test.service.impl.LifeRecordSerivceImpl - selectAll Life Records 的结果：23
2020-09-11 01:38:47.540 [http-nio-8081-exec-6] INFO  com.yang.test.service.impl.ActionRecordServiceImpl - 当前新增 action record 为：3567e7d0-c7c6-4fff-bc9d-04998f61d3cd;新增结果：true
2020-09-11 01:38:47.540 [http-nio-8081-exec-6] INFO  com.yang.test.controller.LifeRecordController - 查出来 life Record 的结果数量：23
