2020-12-28 22:09:12.807 [main] INFO  com.yang.test.SpringApplicationLyon - Starting SpringApplicationLyon on Bryant with PID 13028 (D:\Project\ProjectManage\target\classes started by Lyon Bryant 24 in D:\Project\Test)
2020-12-28 22:09:12.826 [main] INFO  com.yang.test.SpringApplicationLyon - The following profiles are active: dev
2020-12-28 22:09:16.144 [main] INFO  o.s.d.r.config.RepositoryConfigurationDelegate - Multiple Spring Data modules found, entering strict repository configuration mode!
2020-12-28 22:09:16.158 [main] INFO  o.s.d.r.config.RepositoryConfigurationDelegate - Bootstrapping Spring Data Redis repositories in DEFAULT mode.
2020-12-28 22:09:16.355 [main] INFO  o.s.d.r.config.RepositoryConfigurationDelegate - Finished Spring Data repository scanning in 125ms. Found 0 Redis repository interfaces.
2020-12-28 22:09:19.184 [main] INFO  o.s.boot.web.embedded.tomcat.TomcatWebServer - Tomcat initialized with port(s): 8081 (http)
2020-12-28 22:09:19.296 [main] INFO  org.apache.coyote.http11.Http11NioProtocol - Initializing ProtocolHandler ["http-nio-8081"]
2020-12-28 22:09:19.298 [main] INFO  org.apache.catalina.core.StandardService - Starting service [Tomcat]
2020-12-28 22:09:19.304 [main] INFO  org.apache.catalina.core.StandardEngine - Starting Servlet engine: [Apache Tomcat/9.0.37]
2020-12-28 22:09:20.563 [main] INFO  o.a.c.core.ContainerBase.[Tomcat].[localhost].[/] - Initializing Spring embedded WebApplicationContext
2020-12-28 22:09:20.566 [main] INFO  o.s.b.w.s.c.ServletWebServerApplicationContext - Root WebApplicationContext: initialization completed in 7399 ms
2020-12-28 22:09:21.044 [main] INFO  com.yang.test.config.DruidConfig - loginUsername:admin
2020-12-28 22:09:21.045 [main] INFO  com.yang.test.config.DruidConfig - loginPassword:123456
2020-12-28 22:09:27.402 [main] INFO  com.yang.test.config.DirectRabbitConfig - Consumer -----> A new queue is generated : Lyon Direct Queue
2020-12-28 22:09:27.405 [main] INFO  com.yang.test.config.DirectRabbitConfig - Consumer---> A new Direct Exchange is generated : Lyon Direct Exchange
2020-12-28 22:09:27.409 [main] INFO  com.yang.test.config.DirectRabbitConfig - Consumer ---> Routing Key : Lyon Direct Routing
2020-12-28 22:09:27.416 [main] INFO  com.yang.test.config.DirectRabbitConfig - Consumer --->A new lonely Exchange is generated : lonely Direct Exchange 
2020-12-28 22:09:28.054 [main] INFO  o.s.scheduling.concurrent.ThreadPoolTaskExecutor - Initializing ExecutorService 'applicationTaskExecutor'
2020-12-28 22:09:30.239 [main] INFO  o.s.scheduling.concurrent.ThreadPoolTaskScheduler - Initializing ExecutorService 'taskScheduler'
2020-12-28 22:09:30.516 [main] INFO  org.apache.coyote.http11.Http11NioProtocol - Starting ProtocolHandler ["http-nio-8081"]
2020-12-28 22:09:30.565 [main] INFO  o.s.boot.web.embedded.tomcat.TomcatWebServer - Tomcat started on port(s): 8081 (http) with context path ''
2020-12-28 22:09:30.570 [main] INFO  o.s.a.rabbit.connection.CachingConnectionFactory - Attempting to connect to: [127.0.0.1:5672]
2020-12-28 22:09:30.668 [main] INFO  o.s.a.rabbit.connection.CachingConnectionFactory - Created new connection: rabbitConnectionFactory#17461db:0/SimpleConnection@7be2f29a [delegate=amqp://Lyon@127.0.0.1:5672/, localPort= 61686]
2020-12-28 22:09:30.899 [main] INFO  com.yang.test.SpringApplicationLyon - Started SpringApplicationLyon in 20.336 seconds (JVM running for 24.507)
